 
                                                                                               
 
 
Fit Statistics

Target=bad Target Label=Default or seriously delinquent

   Fit
Statistics    Statistics Label                     Train    Validation

 _DFT_        Total Degrees of Freedom           2979.00          .   
 _DFE_        Degrees of Freedom for Error       2893.00          .   
 _DFM_        Model Degrees of Freedom             86.00          .   
 _NW_         Number of Estimated Weights          86.00          .   
 _AIC_        Akaike's Information Criterion     2036.82          .   
 _SBC_        Schwarz's Bayesian Criterion       2552.77          .   
 _ASE_        Average Squared Error                 0.10         0.10 
 _MAX_        Maximum Absolute Error                0.99         0.99 
 _DIV_        Divisor for ASE                    5958.00      5962.00 
 _NOBS_       Sum of Frequencies                 2979.00      2981.00 
 _RASE_       Root Average Squared Error            0.31         0.32 
 _SSE_        Sum of Squared Errors               570.64       617.16 
 _SUMW_       Sum of Case Weights Times Freq     5958.00      5962.00 
 _FPE_        Final Prediction Error                0.10          .   
 _MSE_        Mean Squared Error                    0.10         0.10 
 _RFPE_       Root Final Prediction Error           0.32          .   
 _RMSE_       Root Mean Squared Error               0.31         0.32 
 _AVERR_      Average Error Function                0.31         0.34 
 _ERR_        Error Function                     1864.82      2050.57 
 _MISC_       Misclassification Rate                0.13         0.14 
 _WRONG_      Number of Wrong Classifications     389.00       415.00 
 
                                                                                               
 
 
Classification Table

Data Role=TRAIN Target Variable=bad Target Label=Default or seriously delinquent

                       Target        Outcome     Frequency       Total
Target    Outcome    Percentage    Percentage      Count      Percentage

  0          0         90.0160       94.1300        2245        75.3609 
  1          0          9.9840       41.9192         249         8.3585 
  0          1         28.8660        5.8700         140         4.6996 
  1          1         71.1340       58.0808         345        11.5811 


Data Role=VALIDATE Target Variable=bad Target Label=Default or seriously delinquent

                       Target        Outcome     Frequency       Total
Target    Outcome    Percentage    Percentage      Count      Percentage

  0          0         89.7219       93.2942        2226        74.6729 
  1          0         10.2781       42.8571         255         8.5542 
  0          1         32.0000        6.7058         160         5.3673 
  1          1         68.0000       57.1429         340        11.4056 
 
                                                                                               
 
 
Event Classification Table

Data Role=TRAIN Target=bad Target Label=Default or seriously delinquent

  False       True        False       True
Negative    Negative    Positive    Positive

   249        2245         140         345  


Data Role=VALIDATE Target=bad Target Label=Default or seriously delinquent

  False       True        False       True
Negative    Negative    Positive    Positive

   255        2226         160         340  
 
                                                                                               
 
 
Assessment Score Rankings

Data Role=TRAIN Target Variable=bad Target Label=Default or seriously delinquent

                                                                                    Mean
                            Cumulative       %      Cumulative     Number of     Posterior
Depth      Gain     Lift       Lift      Response   % Response   Observations   Probability

   5    351.251   4.51251     4.51251     89.9776     89.9776         149         0.90630  
  10    299.621   3.47991     3.99621     69.3878     79.6827         149         0.68500  
  15    265.428   2.97043     3.65428     59.2291     72.8649         149         0.59523  
  20    230.487   2.25662     3.30487     44.9961     65.8977         149         0.47127  
  25    192.158   1.38842     2.92158     27.6846     58.2550         149         0.30909  
  30    163.211   1.18479     2.63211     23.6242     52.4832         149         0.22942  
  35    138.496   0.90205     2.38496     17.9866     47.5551         149         0.18775  
  40    117.774   0.72721     2.17774     14.5002     43.4233         149         0.12015  
  45     98.493   0.44244     1.98493      8.8220     39.5787         149         0.09038  
  50     83.163   0.45192     1.83163      9.0111     36.5219         149         0.08050  
  55     70.665   0.45687     1.70665      9.1098     34.0299         149         0.07252  
  60     58.196   0.21037     1.58196      4.1946     31.5436         149         0.06451  
  65     47.731   0.22144     1.47731      4.4154     29.4568         149         0.05359  
  70     38.241   0.14881     1.38241      2.9671     27.5647         149         0.04285  
  75     30.372   0.20195     1.30372      4.0268     25.9955         149         0.03678  
  80     23.485   0.20195     1.23485      4.0268     24.6225         149         0.03100  
  85     17.212   0.16829     1.17212      3.3557     23.3715         149         0.02711  
  90     10.777   0.01386     1.10777      0.2764     22.0884         149         0.01946  
  95      5.228   0.05346     1.05228      1.0659     20.9820         149         0.01309  
 100      0.000   0.00000     1.00000      0.0000     19.9396         148         0.00818  


Data Role=VALIDATE Target Variable=bad Target Label=Default or seriously delinquent

                                                                                    Mean
                            Cumulative       %      Cumulative     Number of     Posterior
Depth      Gain     Lift       Lift      Response   % Response   Observations   Probability

   5    301.920   4.01920     4.01920     80.2222     80.2222         150         0.90955  
  10    275.410   3.48723     3.75410     69.6041     74.9309         149         0.69339  
  15    249.433   2.97303     3.49433     59.3410     69.7459         149         0.60324  
  20    223.599   2.45926     3.23599     49.0862     64.5896         149         0.48915  
  25    190.464   1.57700     2.90464     31.4765     57.9759         149         0.33879  
  30    158.425   0.98016     2.58425     19.5638     51.5810         149         0.24416  
  35    129.758   0.57563     2.29758     11.4894     45.8591         149         0.19161  
  40    109.138   0.64663     2.09138     12.9066     41.7435         149         0.14451  
  45     90.684   0.42921     1.90684      8.5669     38.0600         149         0.09628  
  50     77.515   0.58914     1.77515     11.7591     35.4316         149         0.08219  
  55     64.438   0.33573     1.64438      6.7010     32.8214         149         0.07442  
  60     53.747   0.36078     1.53747      7.2012     30.6875         149         0.06679  
  65     42.961   0.13450     1.42961      2.6846     28.5346         149         0.05482  
  70     34.915   0.30262     1.34915      6.0403     26.9286         149         0.04355  
  75     27.045   0.16812     1.27045      3.3557     25.3578         149         0.03635  
  80     21.839   0.43712     1.21839      8.7248     24.3187         149         0.03059  
  85     14.872   0.03362     1.14872      0.6711     22.9282         149         0.02598  
  90      9.426   0.16812     1.09426      3.3557     21.8412         149         0.01849  
  95      4.200   0.10087     1.04200      2.0134     20.7980         149         0.01277  
 100      0.000   0.20175     1.00000      4.0268     19.9597         149         0.00788  
 
                                                                                               
 
 
Assessment Score Distribution

Data Role=TRAIN Target Variable=bad Target Label=Default or seriously delinquent

 Posterior     Number                     Mean
Probability      of      Number of     Posterior
   Range       Events    Nonevents    Probability    Percentage

 0.95-1.00       47            0        0.99184         1.5777 
 0.90-0.95       34            3        0.91402         1.2420 
 0.85-0.90       29            6        0.86694         1.1749 
 0.80-0.85       13            4        0.82685         0.5707 
 0.75-0.80       20            4        0.77949         0.8056 
 0.70-0.75       25           10        0.71922         1.1749 
 0.65-0.70       51           21        0.67681         2.4169 
 0.60-0.65       59           40        0.61897         3.3233 
 0.55-0.60       53           38        0.57777         3.0547 
 0.50-0.55       14           14        0.52074         0.9399 
 0.45-0.50       27           35        0.48034         2.0812 
 0.40-0.45       13           16        0.43700         0.9735 
 0.35-0.40       19           34        0.37323         1.7791 
 0.30-0.35       14           32        0.32394         1.5441 
 0.25-0.30       27           94        0.26474         4.0618 
 0.20-0.25       26           84        0.21477         3.6925 
 0.15-0.20       29          123        0.18360         5.1024 
 0.10-0.15       19          141        0.11353         5.3709 
 0.05-0.10       51          639        0.07228        23.1621 
 0.00-0.05       24         1047        0.02610        35.9517 


Data Role=VALIDATE Target Variable=bad Target Label=Default or seriously delinquent

 Posterior     Number                     Mean
Probability      of      Number of     Posterior
   Range       Events    Nonevents    Probability    Percentage

 0.95-1.00       51            1        0.99268         1.7444 
 0.90-0.95       19           11        0.91372         1.0064 
 0.85-0.90       30            4        0.87304         1.1406 
 0.80-0.85       15           11        0.82485         0.8722 
 0.75-0.80       15            7        0.77683         0.7380 
 0.70-0.75       30           14        0.72025         1.4760 
 0.65-0.70       51           20        0.67575         2.3818 
 0.60-0.65       61           47        0.61934         3.6229 
 0.55-0.60       51           29        0.58037         2.6837 
 0.50-0.55       17           16        0.52103         1.1070 
 0.45-0.50       28           35        0.47794         2.1134 
 0.40-0.45       18           20        0.43834         1.2747 
 0.35-0.40       20           38        0.37300         1.9457 
 0.30-0.35       22           29        0.32735         1.7108 
 0.25-0.30       22          105        0.26884         4.2603 
 0.20-0.25       14           78        0.21372         3.0862 
 0.15-0.20       24          153        0.18090         5.9376 
 0.10-0.15       16          143        0.11663         5.3338 
 0.05-0.10       49          598        0.07280        21.7041 
 0.00-0.05       42         1027        0.02565        35.8604 
