 
                                                                                               
 
 
Fit Statistics

Target=bad Target Label=Default or seriously delinquent

   Fit
Statistics    Statistics Label                     Train    Validation

 _DFT_        Total Degrees of Freedom           2979.00          .   
 _DFE_        Degrees of Freedom for Error       2960.00          .   
 _DFM_        Model Degrees of Freedom             19.00          .   
 _NW_         Number of Estimated Weights          19.00          .   
 _AIC_        Akaike's Information Criterion     3076.47          .   
 _SBC_        Schwarz's Bayesian Criterion       3190.46          .   
 _ASE_        Average Squared Error                 0.16         0.16 
 _MAX_        Maximum Absolute Error                0.95         0.99 
 _DIV_        Divisor for ASE                    5958.00      5962.00 
 _NOBS_       Sum of Frequencies                 2979.00      2981.00 
 _RASE_       Root Average Squared Error            0.40         0.40 
 _SSE_        Sum of Squared Errors               929.91       951.49 
 _SUMW_       Sum of Case Weights Times Freq     5958.00      5962.00 
 _FPE_        Final Prediction Error                0.16          .   
 _MSE_        Mean Squared Error                    0.16         0.16 
 _RFPE_       Root Final Prediction Error           0.40          .   
 _RMSE_       Root Mean Squared Error               0.40         0.40 
 _AVERR_      Average Error Function                0.51         0.52 
 _ERR_        Error Function                     3038.47      3108.59 
 _MISC_       Misclassification Rate                0.18         0.18 
 _WRONG_      Number of Wrong Classifications     535.00       551.00 
 
                                                                                               
 
 
Classification Table

Data Role=TRAIN Target Variable=bad Target Label=Default or seriously delinquent

                       Target        Outcome     Frequency       Total
Target    Outcome    Percentage    Percentage      Count      Percentage

  0          0         81.7215       99.9161        2383        79.9933 
  1          0         18.2785       89.7306         533        17.8919 
  0          1          3.1746        0.0839           2         0.0671 
  1          1         96.8254       10.2694          61         2.0477 


Data Role=VALIDATE Target Variable=bad Target Label=Default or seriously delinquent

                       Target        Outcome     Frequency       Total
Target    Outcome    Percentage    Percentage      Count      Percentage

  0          0         81.3890       99.7066        2379        79.8054 
  1          0         18.6110       91.4286         544        18.2489 
  0          1         12.0690        0.2934           7         0.2348 
  1          1         87.9310        8.5714          51         1.7108 
 
                                                                                               
 
 
Event Classification Table

Data Role=TRAIN Target=bad Target Label=Default or seriously delinquent

  False       True        False       True
Negative    Negative    Positive    Positive

   533        2383          2          61   


Data Role=VALIDATE Target=bad Target Label=Default or seriously delinquent

  False       True        False       True
Negative    Negative    Positive    Positive

   544        2379          7          51   
 
                                                                                               
 
 
Assessment Score Rankings

Data Role=TRAIN Target Variable=bad Target Label=Default or seriously delinquent

                                                                                    Mean
                            Cumulative       %      Cumulative     Number of     Posterior
Depth      Gain     Lift       Lift      Response   % Response   Observations   Probability

   5    125.514   2.25514     2.25514     44.9664     44.9664         149         0.48350  
  10     91.994   1.58475     1.91994     31.5993     38.2829         149         0.08776  
  15     86.804   1.76422     1.86804     35.1779     37.2479         149         0.08693  
  20     84.208   1.76422     1.84208     35.1779     36.7304         149         0.08693  
  25     82.651   1.76422     1.82651     35.1779     36.4199         149         0.08693  
  30     81.613   1.76422     1.81613     35.1779     36.2129         149         0.08693  
  35     80.872   1.76422     1.80872     35.1779     36.0650         149         0.08693  
  40     80.315   1.76422     1.80315     35.1779     35.9541         149         0.08693  
  45     79.883   1.76422     1.79883     35.1779     35.8679         149         0.08693  
  50     73.679   1.17845     1.73679     23.4979     34.6309         149         0.08283  
  55     62.174   0.47122     1.62174      9.3960     32.3368         149         0.05827  
  60     50.623   0.23561     1.50623      4.6980     30.0336         149         0.05020  
  65     40.849   0.23561     1.40849      4.6980     28.0847         149         0.04783  
  70     32.471   0.23561     1.32471      4.6980     26.4142         149         0.04696  
  75     26.332   0.40390     1.26332      8.0537     25.1902         149         0.04664  
  80     19.489   0.16829     1.19489      3.3557     23.8255         149         0.04651  
  85     14.242   0.30293     1.14242      6.0403     22.7793         149         0.04646  
  90      8.643   0.13463     1.08643      2.6846     21.6629         149         0.04645  
  95      4.165   0.23561     1.04165      4.6980     20.7700         149         0.04644  
 100      0.000   0.20332     1.00000      4.0541     19.9396         148         0.04644  


Data Role=VALIDATE Target Variable=bad Target Label=Default or seriously delinquent

                                                                                    Mean
                            Cumulative       %      Cumulative     Number of     Posterior
Depth      Gain     Lift       Lift      Response   % Response   Observations   Probability

   5    110.424   2.10424     2.10424     42.0000     42.0000         150         0.49459  
  10     75.991   1.41327     1.75991     28.2086     35.1274         149         0.08874  
  15     73.043   1.67128     1.73043     33.3584     34.5390         149         0.08693  
  20     71.567   1.67128     1.71567     33.3584     34.2443         149         0.08693  
  25     70.681   1.67128     1.70681     33.3584     34.0674         149         0.08693  
  30     70.089   1.67128     1.70089     33.3584     33.9494         149         0.08693  
  35     69.667   1.67128     1.69667     33.3584     33.8650         149         0.08693  
  40     69.350   1.67128     1.69350     33.3584     33.8017         149         0.08693  
  45     69.103   1.67128     1.69103     33.3584     33.7525         149         0.08693  
  50     68.906   1.67128     1.68906     33.3584     33.7131         149         0.08693  
  55     59.162   0.61659     1.59162     12.3069     31.7683         149         0.07048  
  60     49.546   0.43712     1.49546      8.7248     29.8491         149         0.05294  
  65     40.117   0.26900     1.40117      5.3691     27.9670         149         0.04864  
  70     32.514   0.33625     1.32514      6.7114     26.4494         149         0.04732  
  75     24.356   0.10087     1.24356      2.0134     24.8211         149         0.04675  
  80     18.688   0.33625     1.18688      6.7114     23.6897         149         0.04655  
  85     12.697   0.16812     1.12697      3.3557     22.4941         149         0.04647  
  90      8.493   0.36987     1.08493      7.3826     21.6549         149         0.04645  
  95      4.023   0.23537     1.04023      4.6980     20.7627         149         0.04644  
 100      0.000   0.23537     1.00000      4.6980     19.9597         149         0.04644  
 
                                                                                               
 
 
Assessment Score Distribution

Data Role=TRAIN Target Variable=bad Target Label=Default or seriously delinquent

 Posterior     Number                     Mean
Probability      of      Number of     Posterior
   Range       Events    Nonevents    Probability    Percentage

 0.95-1.00        40           0        0.99342         1.3427 
 0.90-0.95         6           0        0.92954         0.2014 
 0.85-0.90         1           0        0.89782         0.0336 
 0.80-0.85         1           0        0.80743         0.0336 
 0.75-0.80         2           0        0.75418         0.0671 
 0.70-0.75         3           0        0.72327         0.1007 
 0.65-0.70         3           0        0.67258         0.1007 
 0.60-0.65         0           2        0.61726         0.0671 
 0.55-0.60         4           0        0.55394         0.1343 
 0.50-0.55         1           0        0.51294         0.0336 
 0.45-0.50         0           1        0.46112         0.0336 
 0.40-0.45         0           1        0.44219         0.0336 
 0.35-0.40         0           3        0.37478         0.1007 
 0.30-0.35         0           1        0.34628         0.0336 
 0.25-0.30         0           9        0.27141         0.3021 
 0.20-0.25         0          10        0.21468         0.3357 
 0.15-0.20         1          19        0.17586         0.6714 
 0.10-0.15         5          35        0.11960         1.3427 
 0.05-0.10       468        1095        0.08224        52.4673 
 0.00-0.05        59        1209        0.04688        42.5646 


Data Role=VALIDATE Target Variable=bad Target Label=Default or seriously delinquent

 Posterior     Number                     Mean
Probability      of      Number of     Posterior
   Range       Events    Nonevents    Probability    Percentage

 0.95-1.00        44           2        0.99379         1.5431 
 0.90-0.95         1           1        0.92100         0.0671 
 0.85-0.90         0           1        0.87486         0.0335 
 0.75-0.80         1           1        0.78884         0.0671 
 0.70-0.75         4           1        0.72494         0.1677 
 0.60-0.65         1           0        0.62892         0.0335 
 0.50-0.55         0           1        0.53886         0.0335 
 0.45-0.50         1           0        0.46845         0.0335 
 0.40-0.45         1           2        0.41717         0.1006 
 0.35-0.40         1           4        0.38310         0.1677 
 0.30-0.35         1           8        0.32140         0.3019 
 0.25-0.30         0           7        0.27737         0.2348 
 0.20-0.25         5          11        0.22712         0.5367 
 0.15-0.20         1          18        0.17104         0.6374 
 0.10-0.15         2          41        0.12045         1.4425 
 0.05-0.10       471        1159        0.08232        54.6796 
 0.00-0.05        61        1129        0.04688        39.9195 
