 
                                                                                               
 
 
Variable Summary

            Measurement    Frequency
Role           Level         Count

INPUT        INTERVAL          10   
INPUT        NOMINAL            2   
REJECTED     INTERVAL          10   
TARGET       BINARY             1   
 
                                                                                               
 
 
Model Events

                                  Number
                   Measurement      of
Target    Event       Level       Levels      Order                    Label

 bad        1        BINARY          2      Descending    Default or seriously delinquent
 
                                                                                               
 
 
Predicted and decision variables

Type         Variable    Label

TARGET        bad        Default or seriously delinquent
PREDICTED     P_bad1     Predicted: bad=1               
RESIDUAL      R_bad1     Residual: bad=1                
PREDICTED     P_bad0     Predicted: bad=0               
RESIDUAL      R_bad0     Residual: bad=0                
FROM          F_bad      From: bad                      
INTO          I_bad      Into: bad                      
 
                                                                                               
 
 

The NEURAL Procedure

Preliminary       Starting         Objective         Number
 Training          Random           Function           of        Terminating
    Run             Seed             Value         Iterations     Criteria

        1               12345    0.219761833697           10                
        2          2119597542    0.220052231261           10                
        3          1576812515    0.219602569219           10                
        4           920803261    0.220527000637           10                
        5          1496554656     0.22057500251           10                
 
                                                                                               
 
 

The NEURAL Procedure

                  Optimization Start
                 Parameter Estimates
                                             Gradient
                                            Objective
  N Parameter                Estimate        Function

  1 REP_clage_H11            0.247338        0.002446
  2 REP_clno_H11             0.092917    -0.000004864
  3 REP_debtinc_H11         -0.479976       -0.001955
  4 REP_delinq_H11          -0.338114        0.003429
  5 REP_derog_H11           -0.193919       -0.000484
  6 REP_loan_H11             0.128944       -0.001615
  7 REP_mortdue_H11          0.209285        0.000109
  8 REP_ninq_H11            -0.145915       -0.001144
  9 REP_value_H11           -0.159022       -0.002085
 10 REP_yoj_H11              0.041668       -0.002905
 11 jobMgr_H11               0.034276        0.000269
 12 jobOffice_H11            0.080726       -0.001917
 13 jobOther_H11             0.112264        0.000103
 14 jobProfEx_H11            0.144795       -0.000624
 15 jobSales_H11            -0.085281        0.000870
 16 reasonDebtCon_H11       -0.003842        0.000437
 17 BIAS_H11                 0.592870       -0.005518
 18 H11_bad1                -2.845743        0.001324
 19 BIAS_bad1               -1.376215        0.000422

Value of Objective Function = 0.2196025692

 
                                                                                               
 
 

The NEURAL Procedure

Levenberg-Marquardt Optimization


Minimum Iterations                                0
Maximum Iterations                               50
Maximum Function Calls                   2147483647
Maximum CPU Time                              14400
ABSGCONV Gradient Criterion                 0.00001
GCONV Gradient Criterion                       1E-8
GCONV2 Gradient Criterion                         0
ABSFCONV Function Criterion                       0
FCONV Function Criterion                     0.0001
FCONV2 Function Criterion                         0
FSIZE Parameter                                   0
ABSXCONV Parameter Change Criterion               0
XCONV Parameter Change Criterion                  0
XSIZE Parameter                                   0
ABSCONV Function Criterion             0.0018348522
Trust Region Initial Radius Factor                1
Singularity Tolerance (SINGULAR)               1E-8

Levenberg-Marquardt Optimization

Scaling Update of More (1978)

Parameter Estimates              19

                                      Optimization Start

Active Constraints                           0  Objective Function                0.2196025692
Max Abs Gradient Element          0.0055182492  Radius                                       1


                                                                                         Ratio
                                                                                       Between
                                                                                        Actual
                                                       Objective   Max Abs                 and
                 Function       Active      Objective   Function  Gradient           Predicted
Iter   Restarts     Calls  Constraints       Function     Change   Element   Lambda     Change

   1          0         2            0        0.21943   0.000175    0.0149        0      0.183
   2          0         4            0        0.21898   0.000445    0.0160   0.0733      0.248
   3          0         5            0        0.21834   0.000639   0.00976    0.113      0.358
   4          0         6            0        0.21787   0.000472    0.0106   0.0108      0.501
   5          0         7            0        0.21739   0.000482   0.00558   0.0792      0.401
   6          0         8            0        0.21697   0.000420   0.00746   0.0173      0.532
   7          0         9            0        0.21660   0.000371   0.00469   0.0746      0.405
   8          0        10            0        0.21625   0.000346   0.00596   0.0182      0.538
   9          0        11            0        0.21597   0.000282   0.00659  0.00159      0.251
  10          0        13            0        0.21556   0.000413    0.0124   0.0616      0.241
  11          0        14            0        0.21479   0.000763   0.00649   0.0790      0.400
  12          0        15            0        0.21436   0.000431   0.00914   0.0344      0.398
  13          0        16            0        0.21379   0.000576   0.00665   0.0726      0.415
  14          0        17            0        0.21334   0.000449   0.00820   0.0428      0.443
  15          0        18            0        0.21286   0.000472   0.00650   0.0654      0.396
  16          0        19            0        0.21250   0.000363   0.00857   0.0423      0.377
  17          0        20            0        0.21212   0.000379   0.00641   0.0572      0.333
  18          0        21            0        0.21185   0.000277   0.00922   0.0377      0.283
  19          0        22            0        0.21152   0.000325   0.00622   0.0610      0.280
  20          0        23            0        0.21124   0.000275   0.00952   0.0344      0.270
  21          0        24            0        0.21088   0.000364   0.00581   0.0621      0.288
  22          0        25            0        0.21059   0.000293   0.00858   0.0426      0.279
  23          0        26            0        0.21029   0.000299   0.00534   0.0624      0.246
  24          0        27            0        0.21002   0.000271   0.00728   0.0438      0.269
  25          0        28            0        0.20978   0.000237   0.00503   0.0587      0.217
  26          0        29            0        0.20953   0.000253   0.00639   0.0421      0.267
  27          0        30            0        0.20933   0.000201   0.00475   0.0548      0.200
  28          0        31            0        0.20909   0.000239   0.00573   0.0399      0.265
  29          0        32            0        0.20891   0.000175   0.00449   0.0513      0.185
  30          0        33            0        0.20869   0.000226   0.00519   0.0378      0.261
  31          0        34            0        0.20853   0.000155   0.00425   0.0480      0.173
  32          0        35            0        0.20832   0.000212   0.00472   0.0357      0.254
  33          0        36            0        0.20818   0.000140   0.00401   0.0451      0.165
  34          0        37            0        0.20798   0.000196   0.00431   0.0339      0.245
  35          0        38            0        0.20785   0.000129   0.00377   0.0423      0.158
  36          0        39            0        0.20767   0.000181   0.00393   0.0321      0.234
  37          0        40            0        0.20755   0.000120   0.00367   0.0399      0.153
  38          0        41            0        0.20739   0.000165   0.00401   0.0306      0.222
  39          0        42            0        0.20727   0.000113   0.00371   0.0376      0.148
  40          0        43            0        0.20712   0.000150   0.00411   0.0291      0.208
  41          0        44            0        0.20702   0.000107   0.00374   0.0356      0.144
  42          0        45            0        0.20688   0.000136   0.00421   0.0278      0.193
  43          0        46            0        0.20678   0.000102   0.00378   0.0339      0.140
  44          0        47            0        0.20666   0.000122   0.00430   0.0266      0.177
  45          0        48            0        0.20656   0.000097   0.00382   0.0323      0.135
  46          0        49            0        0.20645   0.000110   0.00437   0.0256      0.162
  47          0        50            0        0.20636   0.000092   0.00386   0.0309      0.130
  48          0        51            0        0.20626   0.000099   0.00443   0.0246      0.148
  49          0        52            0        0.20617   0.000088   0.00389   0.0297      0.125
  50          0        53            0        0.20608   0.000089   0.00446   0.0238      0.135

                                     Optimization Results

Iterations                                  50  Function Calls                              55
Jacobian Calls                              52  Active Constraints                           0
Objective Function                0.2060848304  Max Abs Gradient Element          0.0044615534
Lambda                            0.0238118982  Actual Over Pred Change           0.1348103025
Radius                            0.0840026108                                                

LEVMAR needs more than 50 iterations or 2147483647 function calls.                             

WARNING: LEVMAR Optimization cannot be completed.

 
                                                                                               
 
 

The NEURAL Procedure

                 Optimization Results
                 Parameter Estimates
                                             Gradient
                                            Objective
  N Parameter                Estimate        Function

  1 REP_clage_H11            0.703588        0.000850
  2 REP_clno_H11            -0.525926       -0.004462
  3 REP_debtinc_H11         -2.929252       -0.002086
  4 REP_delinq_H11          -1.078571        0.002598
  5 REP_derog_H11           -0.286733        0.001499
  6 REP_loan_H11             0.242708       -0.002817
  7 REP_mortdue_H11          0.685663       -0.001290
  8 REP_ninq_H11            -0.418298        0.000110
  9 REP_value_H11           -0.868837       -0.001853
 10 REP_yoj_H11             -0.304008       -0.002267
 11 jobMgr_H11              -0.122303        0.001230
 12 jobOffice_H11            3.081220     0.000070498
 13 jobOther_H11             0.277755       -0.002365
 14 jobProfEx_H11            0.008344       -0.001070
 15 jobSales_H11            -2.250281        0.000212
 16 reasonDebtCon_H11       -0.786752       -0.003385
 17 BIAS_H11                 5.624261       -0.002662
 18 H11_bad1                -7.338820        0.000385
 19 BIAS_bad1                4.389601        0.000429

Value of Objective Function = 0.2060848304

