 
                                                                                                                                                                                                                                                                
 
 
Variable Summary

            Measurement    Frequency
Role           Level         Count

INPUT        INTERVAL          10   
INPUT        NOMINAL            2   
REJECTED     INTERVAL          10   
TARGET       BINARY             1   
 
                                                                                                                                                                                                                                                                
 
 
Model Events

                                  Number
                   Measurement      of
Target    Event       Level       Levels      Order                    Label

 bad        1        BINARY          2      Descending    Default or seriously delinquent
 
                                                                                                                                                                                                                                                                
 
 
Predicted and decision variables

Type         Variable    Label

TARGET        bad        Default or seriously delinquent
PREDICTED     P_bad1     Predicted: bad=1               
RESIDUAL      R_bad1     Residual: bad=1                
PREDICTED     P_bad0     Predicted: bad=0               
RESIDUAL      R_bad0     Residual: bad=0                
FROM          F_bad      From: bad                      
INTO          I_bad      Into: bad                      
 
                                                                                                                                                                                                                                                                
 
 

The NEURAL Procedure

Preliminary       Starting         Objective         Number
 Training          Random           Function           of        Terminating
    Run             Seed             Value         Iterations     Criteria

        1               12345     0.13921300469           10                
        2          1029836536    0.150600629423           10                
        3          1134979935    0.137446759175           10                
        4           843860532    0.143384849811           10                
        5          1287720965     0.15619895637           10                
 
                                                                                                                                                                                                                                                                
 
 

The NEURAL Procedure

                  Optimization Start
                 Parameter Estimates
                                             Gradient
                                            Objective
  N Parameter                Estimate        Function

  1 REP_clage_H11           -0.629087        0.007498
  2 REP_clno_H11            -0.325018        0.007176
  3 REP_debtinc_H11         -0.550633       -0.003575
  4 REP_delinq_H11           0.536103        0.002023
  5 REP_derog_H11            0.317603        0.000476
  6 REP_loan_H11             0.760669        0.012812
  7 REP_mortdue_H11         -0.287893        0.012610
  8 REP_ninq_H11             0.406218       -0.008077
  9 REP_value_H11            0.130159        0.014179
 10 REP_yoj_H11             -0.320685       -0.001215
 11 REP_clage_H12            1.009902        0.001894
 12 REP_clno_H12             1.005072       -0.000750
 13 REP_debtinc_H12         -1.106620        0.001246
 14 REP_delinq_H12           0.699895       -0.000487
 15 REP_derog_H12           -0.380600       -0.002540
 16 REP_loan_H12             0.238029       -0.000262
 17 REP_mortdue_H12          1.462237       -0.000797
 18 REP_ninq_H12             0.162220        0.000774
 19 REP_value_H12            0.205801       -0.001508
 20 REP_yoj_H12             -0.363370       -0.000763
 21 REP_clage_H13           -0.358471       -0.005611
 22 REP_clno_H13            -0.053956       -0.010104
 23 REP_debtinc_H13         -1.567134        0.003251
 24 REP_delinq_H13           0.400088       -0.000496
 25 REP_derog_H13           -0.334664       -0.005048
 26 REP_loan_H13             1.103712       -0.003092
 27 REP_mortdue_H13          0.692244       -0.005251
 28 REP_ninq_H13             0.510374        0.003540
 29 REP_value_H13            0.448085       -0.005315
 30 REP_yoj_H13             -0.267603       -0.001008
 31 REP_clage_H14           -0.117668        0.001764
 32 REP_clno_H14             0.376752        0.001851
 33 REP_debtinc_H14         -1.401765       -0.000597
 34 REP_delinq_H14          -0.333479       -0.003258
 35 REP_derog_H14           -0.931894       -0.001037
 36 REP_loan_H14             0.147731       -0.000221
 37 REP_mortdue_H14          0.655533       -0.000689
 38 REP_ninq_H14            -0.512455        0.000639
 39 REP_value_H14           -0.096839       -0.000444
 40 REP_yoj_H14             -0.137750        0.002505
 41 REP_clage_H15           -1.457008        0.000647
 42 REP_clno_H15            -0.529842        0.007193
 43 REP_debtinc_H15          1.159488       -0.001013
 44 REP_delinq_H15           0.190114        0.006121
 45 REP_derog_H15           -2.026164       -0.000694
 46 REP_loan_H15            -0.655363       -0.000441
 47 REP_mortdue_H15         -0.145661       -0.001510
 48 REP_ninq_H15             0.188379        0.002690
 49 REP_value_H15            0.030239       -0.001668
 50 REP_yoj_H15             -0.227214       -0.002726
 51 jobMgr_H11               0.497184       -0.000440
 52 jobOffice_H11            0.991086       -0.000984
 53 jobOther_H11            -0.017594       -0.003499
 54 jobProfEx_H11           -0.649749        0.001439
 55 jobSales_H11             0.544186       -0.001802
 56 reasonDebtCon_H11       -0.140520       -0.001015
 57 jobMgr_H12              -0.119970       -0.000170
 58 jobOffice_H12           -0.899111        0.000507
 59 jobOther_H12             0.941482     0.000099006
 60 jobProfEx_H12            0.008582        0.001010
 61 jobSales_H12             0.947801     0.000053879
 62 reasonDebtCon_H12       -0.179860        0.002163
 63 jobMgr_H13               0.421712        0.000371
 64 jobOffice_H13            1.690249       -0.000558
 65 jobOther_H13             0.299622        0.004009
 66 jobProfEx_H13           -1.004956     0.000055394
 67 jobSales_H13            -0.290496       -0.000510
 68 reasonDebtCon_H13       -0.513356        0.005110
 69 jobMgr_H14               0.338214     0.000046187
 70 jobOffice_H14           -0.324259       -0.000864
 71 jobOther_H14             1.255932       -0.001832
 72 jobProfEx_H14           -0.465333    -0.000046131
 73 jobSales_H14             0.637733       -0.000772
 74 reasonDebtCon_H14        0.606893        0.000639
 75 jobMgr_H15              -0.042546       -0.000968
 76 jobOffice_H15           -0.823375        0.002405
 77 jobOther_H15             0.269805        0.001844
 78 jobProfEx_H15           -1.046476        0.000570
 79 jobSales_H15            -0.771431        0.000131
 80 reasonDebtCon_H15        0.604544        0.005466
 81 BIAS_H11                -0.204253       -0.001026
 82 BIAS_H12                -1.181345        0.001157
 83 BIAS_H13                 1.368360        0.005746
 84 BIAS_H14                 1.823090       -0.002079
 85 BIAS_H15                -1.213606        0.004567
 86 H11_bad1                 3.048277       -0.000828
 87 H12_bad1                 2.874889        0.002596
 88 H13_bad1                -3.133220        0.002501
 89 H14_bad1                -2.051049        0.001565
 90 H15_bad1                 1.755576       -0.005117
 91 BIAS_bad1                1.212892       -0.000636

Value of Objective Function = 0.1374467592

 
                                                                                                                                                                                                                                                                
 
 

The NEURAL Procedure

Levenberg-Marquardt Optimization


Minimum Iterations                                0
Maximum Iterations                               50
Maximum Function Calls                   2147483647
Maximum CPU Time                              14400
ABSGCONV Gradient Criterion                 0.00001
GCONV Gradient Criterion                       1E-8
GCONV2 Gradient Criterion                         0
ABSFCONV Function Criterion                       0
FCONV Function Criterion                     0.0001
FCONV2 Function Criterion                         0
FSIZE Parameter                                   0
ABSXCONV Parameter Change Criterion               0
XCONV Parameter Change Criterion                  0
XSIZE Parameter                                   0
ABSCONV Function Criterion             0.0018348522
Trust Region Initial Radius Factor                1
Singularity Tolerance (SINGULAR)               1E-8

Levenberg-Marquardt Optimization

Scaling Update of More (1978)

Parameter Estimates              91

                                             Optimization Start

Active Constraints                                  0  Objective Function                       0.1374467592
Max Abs Gradient Element                 0.0141793358  Radius                                              1


                                                                                                         Ratio
                                                                                                       Between
                                                                                                        Actual
                                                                 Objective     Max Abs                     and
                     Function         Active        Objective     Function    Gradient               Predicted
Iter     Restarts       Calls    Constraints         Function       Change     Element     Lambda       Change

   1            0           3              0          0.13221      0.00523      0.0182     0.0654        0.263
   2            0           5              0          0.12378      0.00843     0.00907      0.449        0.480
   3            0           6              0          0.12367     0.000119     0.00997      0.193       0.0108
   4            0           7              0          0.11850      0.00516     0.00366      1.170        0.507
   5            0           8              0          0.11665      0.00186     0.00443      0.300        0.564
   6            0           9              0          0.11661     0.000035     0.00568      0.351       0.0099
   7            0          10              0          0.11477      0.00184     0.00208      1.166        0.628
   8            0          11              0          0.11421     0.000559     0.00257      0.553        0.552
   9            0          12              0          0.11375     0.000468     0.00245      0.586        0.416
  10            0          13              0          0.11335     0.000393     0.00322      0.700        0.270
  11            0          14              0          0.11274     0.000612     0.00227      0.771        0.396
  12            0          15              0          0.11246     0.000278     0.00343      0.708        0.190
  13            0          16              0          0.11191     0.000554     0.00215      0.730        0.349
  14            0          17              0          0.11166     0.000252     0.00295      0.730        0.173
  15            0          18              0          0.11116     0.000493     0.00225      0.702        0.325
  16            0          19              0          0.11093     0.000238     0.00299      0.738        0.164
  17            0          20              0          0.11045     0.000477     0.00228      0.698        0.317
  18            0          21              0          0.11021     0.000238     0.00307      0.730        0.168
  19            0          22              0          0.10976     0.000450     0.00228      0.689        0.305
  20            0          23              0          0.10952     0.000244     0.00309      0.721        0.175
  21            0          24              0          0.10910     0.000417     0.00227      0.678        0.288
  22            0          25              0          0.10885     0.000251     0.00307      0.711        0.182
  23            0          26              0          0.10847     0.000381     0.00223      0.666        0.268
  24            0          27              0          0.10821     0.000256     0.00304      0.700        0.187
  25            0          28              0          0.10787     0.000343     0.00219      0.654        0.246
  26            0          29              0          0.10761     0.000258     0.00301      0.688        0.190
  27            0          30              0          0.10731     0.000302     0.00214      0.640        0.220
  28            0          31              0          0.10705     0.000256     0.00299      0.673        0.191
  29            0          32              0          0.10679     0.000258     0.00208      0.627        0.190
  30            0          33              0          0.10654     0.000254     0.00299      0.657        0.190
  31            0          34              0          0.10633     0.000214     0.00211      0.615        0.159
  32            0          35              0          0.10607     0.000255     0.00299      0.640        0.191
  33            0          36              0          0.10590     0.000171     0.00226      0.604        0.127
  34            0          37              0          0.10564     0.000260     0.00300      0.623        0.194
  35            0          38              0          0.10551     0.000129     0.00241      0.593       0.0957
  36            0          39              0          0.10502     0.000491    0.000982      1.721        0.594
  37            0          40              0          0.10480     0.000223    0.000895      0.556        0.879
  38            0          41              0          0.10440     0.000397    0.000738      0.262        0.909
  39            0          42              0          0.10374     0.000658     0.00162      0.122        0.800
  40            0          43              0          0.10251      0.00123     0.00356     0.0323        0.561
  41            0          46              0          0.10200     0.000512     0.00251      0.953        0.309
  42            0          47              0          0.10190     0.000102     0.00215      0.302        0.146
  43            0          49              0          0.10162     0.000282     0.00127      1.804        0.451
  44            0          50              0          0.10152     0.000101    0.000683      0.509        0.598
  45            0          51              0          0.10145     0.000071     0.00139      0.549        0.416
  46            0          52              0          0.10136     0.000084    0.000864      0.556        0.431
  47            0          53              0          0.10130     0.000057     0.00153      0.606        0.281
  48            0          54              0          0.10122     0.000083    0.000947      0.599        0.375
  49            0          55              0          0.10117     0.000053     0.00157      0.626        0.244
  50            0          56              0          0.10109     0.000083    0.000974      0.607        0.360

                                            Optimization Results

Iterations                                         50  Function Calls                                     58
Jacobian Calls                                     52  Active Constraints                                  0
Objective Function                       0.1010856916  Max Abs Gradient Element                 0.0009737315
Lambda                                   0.6072122276  Actual Over Pred Change                  0.3600413497
Radius                                   0.0153094838                                                       

LEVMAR needs more than 50 iterations or 2147483647 function calls.                                

WARNING: LEVMAR Optimization cannot be completed.

 
                                                                                                                                                                                                                                                                
 
 

The NEURAL Procedure

                 Optimization Results
                 Parameter Estimates
                                             Gradient
                                            Objective
  N Parameter                Estimate        Function

  1 REP_clage_H11           -0.462892    -0.000002019
  2 REP_clno_H11            -0.451649        0.000232
  3 REP_debtinc_H11         -0.968445        0.000339
  4 REP_delinq_H11           0.373713       -0.000459
  5 REP_derog_H11            0.595812       -0.000202
  6 REP_loan_H11             1.069830       -0.000340
  7 REP_mortdue_H11          0.030158       -0.000136
  8 REP_ninq_H11             0.668669     0.000018113
  9 REP_value_H11           -0.281679        0.000305
 10 REP_yoj_H11             -0.276302        0.000210
 11 REP_clage_H12            1.508801       -0.000300
 12 REP_clno_H12             2.069773    -0.000056875
 13 REP_debtinc_H12         -1.968811        0.000151
 14 REP_delinq_H12           1.564126       -0.000118
 15 REP_derog_H12           -1.216609        0.000121
 16 REP_loan_H12             0.512681       -0.000141
 17 REP_mortdue_H12          2.274677       -0.000170
 18 REP_ninq_H12             0.100546        0.000115
 19 REP_value_H12            0.729376    -0.000012251
 20 REP_yoj_H12             -1.216653        0.000262
 21 REP_clage_H13           -0.393621        0.000209
 22 REP_clno_H13            -0.108213     0.000006830
 23 REP_debtinc_H13         -2.189215        0.000204
 24 REP_delinq_H13           0.312810    -0.000051695
 25 REP_derog_H13           -0.119267       -0.000124
 26 REP_loan_H13             1.759154     0.000016234
 27 REP_mortdue_H13          0.831097        0.000128
 28 REP_ninq_H13             0.826060     0.000041149
 29 REP_value_H13            0.806425     0.000009483
 30 REP_yoj_H13             -0.359628    -0.000039077
 31 REP_clage_H14           -0.656158     0.000018445
 32 REP_clno_H14            -0.124952     0.000009205
 33 REP_debtinc_H14         -3.433432        0.000188
 34 REP_delinq_H14          -0.579977     0.000074875
 35 REP_derog_H14           -2.626250        0.000213
 36 REP_loan_H14             0.608684    -0.000029111
 37 REP_mortdue_H14          2.204881    -0.000084773
 38 REP_ninq_H14            -0.876756     0.000041095
 39 REP_value_H14            0.192104    -0.000039063
 40 REP_yoj_H14             -0.369901     0.000022185
 41 REP_clage_H15           -3.738200        0.000216
 42 REP_clno_H15            -3.802818        0.000699
 43 REP_debtinc_H15          4.169162       -0.000395
 44 REP_delinq_H15           0.508066       -0.000484
 45 REP_derog_H15           -6.014545        0.000436
 46 REP_loan_H15            -2.208204        0.000825
 47 REP_mortdue_H15         -0.931057        0.000178
 48 REP_ninq_H15             0.521254        0.000580
 49 REP_value_H15            1.365498        0.000131
 50 REP_yoj_H15             -1.036318        0.000763
 51 jobMgr_H11              -0.262117    -0.000050244
 52 jobOffice_H11            1.468040    -0.000088093
 53 jobOther_H11             0.321780       -0.000363
 54 jobProfEx_H11           -0.715953    -0.000075675
 55 jobSales_H11             1.676040    -0.000043180
 56 reasonDebtCon_H11       -0.176009     0.000060925
 57 jobMgr_H12               0.992869    -0.000033754
 58 jobOffice_H12           -2.416605     0.000074375
 59 jobOther_H12             1.361506    -0.000081181
 60 jobProfEx_H12            0.316141    -0.000040226
 61 jobSales_H12             2.435008    -0.000021985
 62 reasonDebtCon_H12       -0.611226    -0.000061699
 63 jobMgr_H13              -0.002995    -0.000011596
 64 jobOffice_H13            2.445800    -0.000027574
 65 jobOther_H13             0.180791        0.000108
 66 jobProfEx_H13           -1.297407     0.000072211
 67 jobSales_H13            -0.010662    -0.000001907
 68 reasonDebtCon_H13       -0.862899        0.000110
 69 jobMgr_H14               0.315798    -0.000002950
 70 jobOffice_H14           -2.055788     0.000022459
 71 jobOther_H14             2.923536    -0.000063549
 72 jobProfEx_H14           -1.556681     0.000029244
 73 jobSales_H14             6.254445    -0.000010814
 74 reasonDebtCon_H14        2.265849       -0.000118
 75 jobMgr_H15               3.282977       -0.000153
 76 jobOffice_H15           -4.660203       -0.000181
 77 jobOther_H15             0.380908       -0.000528
 78 jobProfEx_H15           -2.989113       -0.000365
 79 jobSales_H15            -5.040695    -0.000013899
 80 reasonDebtCon_H15        2.704209       -0.000426
 81 BIAS_H11                -0.705810        0.000103
 82 BIAS_H12                -2.022535     0.000053329
 83 BIAS_H13                 1.975486    -0.000018116
 84 BIAS_H14                 4.711665       -0.000191
 85 BIAS_H15                -5.068375       -0.000974
 86 H11_bad1                 5.981719    -0.000008500
 87 H12_bad1                 5.065441       -0.000158
 88 H13_bad1                -5.264476     0.000084453
 89 H14_bad1                -3.691239     0.000067621
 90 H15_bad1                 3.803612       -0.000211
 91 BIAS_bad1                3.783608       -0.000439

Value of Objective Function = 0.1010856916

