MPRINT(EM_DIAGRAM):    data _null_;
MPRINT(EM_DIAGRAM):   call symput('NLDATE', strip(put(date(), NLDATE.)));
MPRINT(EM_DIAGRAM):   call symput('NLTIME', strip(put(datetime(), NLTIME.)));
MPRINT(EM_DIAGRAM):   run;
MPRINT(EM_DIAGRAM):   data _null_;
MPRINT(EM_DIAGRAM):   nldate= sasmsg("sashelp.dmine", "log_date_note", 'N', "November 05, 
2015" );
MPRINT(EM_DIAGRAM):   nltime= sasmsg("sashelp.dmine", "log_time_note", 'N', "14:10:04" );
MPRINT(EM_DIAGRAM):   put "*------------------------------------------------------------*";
MPRINT(EM_DIAGRAM):   put "* Score Log";
MPRINT(EM_DIAGRAM):   put nldate;
MPRINT(EM_DIAGRAM):   put nltime;
MPRINT(EM_DIAGRAM):   put "*------------------------------------------------------------*";
MPRINT(EM_DIAGRAM):   run;
*------------------------------------------------------------*
* Score Log
Date:                November 05, 2015
Time:                14:10:04
*------------------------------------------------------------*
MPRINT(EM_DIAGRAM):    filename O11PGXGG 
"C:\Users\bteric01\Documents\Tutorials_Projects\Project_3\Workspaces\EMWS1\Neural5\EMSCORE.out"
 encoding="UTF-8" NOBOM;
MPRINT(EM_DIAGRAM):   proc printto print=O11PGXGG new;
MPRINT(EM_DIAGRAM):   run;
64997      data work.outkey;
MPRINT(EM_DIAGRAM):    data work.outkey;
64998      set EMWS1.Neural5_OUTKEY;
MPRINT(EM_DIAGRAM):   set EMWS1.Neural5_OUTKEY;
64999      if upcase(ROLE) = 'HIDDEN';
MPRINT(EM_DIAGRAM):   if upcase(ROLE) = 'HIDDEN';
65000      run;
MPRINT(EM_DIAGRAM):   run;

NOTE: There were 31 observations read from the data set EMWS1.NEURAL5_OUTKEY.
NOTE: The data set WORK.OUTKEY has 3 observations and 8 variables.
NOTE: DATA statement used (Total process time):
      real time           0.01 seconds
      cpu time            0.01 seconds
      

65001      filename emflow
65001    ! "C:\Users\bteric01\Documents\Tutorials_Projects\Project_3\Workspaces\EMWS1\Neural5\E
65001    ! MFLOWSCORE.sas";
MPRINT(EM_DIAGRAM):    filename emflow 
"C:\Users\bteric01\Documents\Tutorials_Projects\Project_3\Workspaces\EMWS1\Neural5\EMFLOWSCORE.
sas";
MPRINT(EM_DIAGRAM):   *------------------------------------------------------------*;
MPRINT(EM_DIAGRAM):   * Neural5: Scoring DATA data;
MPRINT(EM_DIAGRAM):   *------------------------------------------------------------*;
65002      *------------------------------------------------------------*;
65003      * Neural5: Scoring DATA data;
65004      *------------------------------------------------------------*;
65005      data EMWS1.Neural5_TRAIN
65006      / view=EMWS1.Neural5_TRAIN
65007      ;
MPRINT(EM_DIAGRAM):   data EMWS1.Neural5_TRAIN / view=EMWS1.Neural5_TRAIN ;
65008      set EMWS1.Repl_TRAIN
65009      ;
MPRINT(EM_DIAGRAM):   set EMWS1.Repl_TRAIN ;
65010      %inc emflow;
NOTE: %INCLUDE (level 1) file EMFLOW is file 
      C:\Users\bteric01\Documents\Tutorials_Projects\Project_3\Workspaces\EMWS1\Neural5\EMFLOWS
      CORE.sas.
65011     +***********************************;
MPRINT(EM_DIAGRAM):   ***********************************;
65012     +*** Begin Scoring Code for Neural;
MPRINT(EM_DIAGRAM):   *** Begin Scoring Code for Neural;
65013     +***********************************;
MPRINT(EM_DIAGRAM):   ***********************************;
65014     +DROP _DM_BAD _EPS _NOCL_ _MAX_ _MAXP_ _SUM_ _NTRIALS;
MPRINT(EM_DIAGRAM):   DROP _DM_BAD _EPS _NOCL_ _MAX_ _MAXP_ _SUM_ _NTRIALS;
65015     + _DM_BAD = 0;
MPRINT(EM_DIAGRAM):   _DM_BAD = 0;
65016     + _NOCL_ = .;
MPRINT(EM_DIAGRAM):   _NOCL_ = .;
65017     + _MAX_ = .;
MPRINT(EM_DIAGRAM):   _MAX_ = .;
65018     + _MAXP_ = .;
MPRINT(EM_DIAGRAM):   _MAXP_ = .;
65019     + _SUM_ = .;
MPRINT(EM_DIAGRAM):   _SUM_ = .;
65020     + _NTRIALS = .;
MPRINT(EM_DIAGRAM):   _NTRIALS = .;
65021     + _EPS =                1E-10;
MPRINT(EM_DIAGRAM):   _EPS = 1E-10;
65022     +LENGTH _WARN_ $4
65023     +      F_bad  $ 12
65024     +;
MPRINT(EM_DIAGRAM):   LENGTH _WARN_ $4 F_bad $ 12 ;
65025     +      label S_REP_clage = 'Standard: REP_clage' ;
MPRINT(EM_DIAGRAM):   label S_REP_clage = 'Standard: REP_clage' ;
65026     +
65027     +      label S_REP_clno = 'Standard: REP_clno' ;
MPRINT(EM_DIAGRAM):   label S_REP_clno = 'Standard: REP_clno' ;
65028     +
65029     +      label S_REP_debtinc = 'Standard: REP_debtinc' ;
MPRINT(EM_DIAGRAM):   label S_REP_debtinc = 'Standard: REP_debtinc' ;
65030     +
65031     +      label S_REP_delinq = 'Standard: REP_delinq' ;
MPRINT(EM_DIAGRAM):   label S_REP_delinq = 'Standard: REP_delinq' ;
65032     +
65033     +      label S_REP_derog = 'Standard: REP_derog' ;
MPRINT(EM_DIAGRAM):   label S_REP_derog = 'Standard: REP_derog' ;
65034     +
65035     +      label S_REP_loan = 'Standard: REP_loan' ;
MPRINT(EM_DIAGRAM):   label S_REP_loan = 'Standard: REP_loan' ;
65036     +
65037     +      label S_REP_mortdue = 'Standard: REP_mortdue' ;
MPRINT(EM_DIAGRAM):   label S_REP_mortdue = 'Standard: REP_mortdue' ;
65038     +
65039     +      label S_REP_ninq = 'Standard: REP_ninq' ;
MPRINT(EM_DIAGRAM):   label S_REP_ninq = 'Standard: REP_ninq' ;
65040     +
65041     +      label S_REP_value = 'Standard: REP_value' ;
MPRINT(EM_DIAGRAM):   label S_REP_value = 'Standard: REP_value' ;
65042     +
65043     +      label S_REP_yoj = 'Standard: REP_yoj' ;
MPRINT(EM_DIAGRAM):   label S_REP_yoj = 'Standard: REP_yoj' ;
65044     +
65045     +      label jobMgr = 'Dummy: job=Mgr' ;
MPRINT(EM_DIAGRAM):   label jobMgr = 'Dummy: job=Mgr' ;
65046     +
65047     +      label jobOffice = 'Dummy: job=Office' ;
MPRINT(EM_DIAGRAM):   label jobOffice = 'Dummy: job=Office' ;
65048     +
65049     +      label jobOther = 'Dummy: job=Other' ;
MPRINT(EM_DIAGRAM):   label jobOther = 'Dummy: job=Other' ;
65050     +
65051     +      label jobProfEx = 'Dummy: job=ProfEx' ;
MPRINT(EM_DIAGRAM):   label jobProfEx = 'Dummy: job=ProfEx' ;
65052     +
65053     +      label jobSales = 'Dummy: job=Sales' ;
MPRINT(EM_DIAGRAM):   label jobSales = 'Dummy: job=Sales' ;
65054     +
65055     +      label reasonDebtCon = 'Dummy: reason=DebtCon' ;
MPRINT(EM_DIAGRAM):   label reasonDebtCon = 'Dummy: reason=DebtCon' ;
65056     +
65057     +      label H11 = 'Hidden: H1=1' ;
MPRINT(EM_DIAGRAM):   label H11 = 'Hidden: H1=1' ;
65058     +
65059     +      label H12 = 'Hidden: H1=2' ;
MPRINT(EM_DIAGRAM):   label H12 = 'Hidden: H1=2' ;
65060     +
65061     +      label H13 = 'Hidden: H1=3' ;
MPRINT(EM_DIAGRAM):   label H13 = 'Hidden: H1=3' ;
65062     +
65063     +      label I_bad = 'Into: bad' ;
MPRINT(EM_DIAGRAM):   label I_bad = 'Into: bad' ;
65064     +
65065     +      label F_bad = 'From: bad' ;
MPRINT(EM_DIAGRAM):   label F_bad = 'From: bad' ;
65066     +
65067     +      label U_bad = 'Unnormalized Into: bad' ;
MPRINT(EM_DIAGRAM):   label U_bad = 'Unnormalized Into: bad' ;
65068     +
65069     +      label P_bad1 = 'Predicted: bad=1' ;
MPRINT(EM_DIAGRAM):   label P_bad1 = 'Predicted: bad=1' ;
65070     +
65071     +      label R_bad1 = 'Residual: bad=1' ;
MPRINT(EM_DIAGRAM):   label R_bad1 = 'Residual: bad=1' ;
65072     +
65073     +      label P_bad0 = 'Predicted: bad=0' ;
MPRINT(EM_DIAGRAM):   label P_bad0 = 'Predicted: bad=0' ;
65074     +
65075     +      label R_bad0 = 'Residual: bad=0' ;
MPRINT(EM_DIAGRAM):   label R_bad0 = 'Residual: bad=0' ;
65076     +
65077     +      label  _WARN_ = "Warnings";
MPRINT(EM_DIAGRAM):   label _WARN_ = "Warnings";
65078     +
65079     +*** Generate dummy variables for job ;
MPRINT(EM_DIAGRAM):   *** Generate dummy variables for job ;
65080     +drop jobMgr jobOffice jobOther jobProfEx jobSales ;
MPRINT(EM_DIAGRAM):   drop jobMgr jobOffice jobOther jobProfEx jobSales ;
65081     +*** encoding is sparse, initialize to zero;
MPRINT(EM_DIAGRAM):   *** encoding is sparse, initialize to zero;
65082     +jobMgr = 0;
MPRINT(EM_DIAGRAM):   jobMgr = 0;
65083     +jobOffice = 0;
MPRINT(EM_DIAGRAM):   jobOffice = 0;
65084     +jobOther = 0;
MPRINT(EM_DIAGRAM):   jobOther = 0;
65085     +jobProfEx = 0;
MPRINT(EM_DIAGRAM):   jobProfEx = 0;
65086     +jobSales = 0;
MPRINT(EM_DIAGRAM):   jobSales = 0;
65087     +if missing( job ) then do;
MPRINT(EM_DIAGRAM):   if missing( job ) then do;
65088     +   jobMgr = .;
MPRINT(EM_DIAGRAM):   jobMgr = .;
65089     +   jobOffice = .;
MPRINT(EM_DIAGRAM):   jobOffice = .;
65090     +   jobOther = .;
MPRINT(EM_DIAGRAM):   jobOther = .;
65091     +   jobProfEx = .;
MPRINT(EM_DIAGRAM):   jobProfEx = .;
65092     +   jobSales = .;
MPRINT(EM_DIAGRAM):   jobSales = .;
65093     +   substr(_warn_,1,1) = 'M';
MPRINT(EM_DIAGRAM):   substr(_warn_,1,1) = 'M';
65094     +   _DM_BAD = 1;
MPRINT(EM_DIAGRAM):   _DM_BAD = 1;
65095     +end;
MPRINT(EM_DIAGRAM):   end;
65096     +else do;
MPRINT(EM_DIAGRAM):   else do;
65097     +   length _dm6 $ 6; drop _dm6 ;
MPRINT(EM_DIAGRAM):   length _dm6 $ 6;
MPRINT(EM_DIAGRAM):   drop _dm6 ;
65098     +   %DMNORMCP( job , _dm6 )
MPRINT(DMNORMCP):   _dm6=dmnorm(job,
MPRINT(DMNORLEN):  32
MPRINT(DMNORMCP):  );
65099     +   _dm_find = 0; drop _dm_find;
MPRINT(EM_DIAGRAM):   _dm_find = 0;
MPRINT(EM_DIAGRAM):   drop _dm_find;
65100     +   if _dm6 <= 'OTHER'  then do;
MPRINT(EM_DIAGRAM):   if _dm6 <= 'OTHER' then do;
65101     +      if _dm6 <= 'OFFICE'  then do;
MPRINT(EM_DIAGRAM):   if _dm6 <= 'OFFICE' then do;
65102     +         if _dm6 = 'MGR'  then do;
MPRINT(EM_DIAGRAM):   if _dm6 = 'MGR' then do;
65103     +            jobMgr = 1;
MPRINT(EM_DIAGRAM):   jobMgr = 1;
65104     +            _dm_find = 1;
MPRINT(EM_DIAGRAM):   _dm_find = 1;
65105     +         end;
MPRINT(EM_DIAGRAM):   end;
65106     +         else do;
MPRINT(EM_DIAGRAM):   else do;
65107     +            if _dm6 = 'OFFICE'  then do;
MPRINT(EM_DIAGRAM):   if _dm6 = 'OFFICE' then do;
65108     +               jobOffice = 1;
MPRINT(EM_DIAGRAM):   jobOffice = 1;
65109     +               _dm_find = 1;
MPRINT(EM_DIAGRAM):   _dm_find = 1;
65110     +            end;
MPRINT(EM_DIAGRAM):   end;
65111     +         end;
MPRINT(EM_DIAGRAM):   end;
65112     +      end;
MPRINT(EM_DIAGRAM):   end;
65113     +      else do;
MPRINT(EM_DIAGRAM):   else do;
65114     +         if _dm6 = 'OTHER'  then do;
MPRINT(EM_DIAGRAM):   if _dm6 = 'OTHER' then do;
65115     +            jobOther = 1;
MPRINT(EM_DIAGRAM):   jobOther = 1;
65116     +            _dm_find = 1;
MPRINT(EM_DIAGRAM):   _dm_find = 1;
65117     +         end;
MPRINT(EM_DIAGRAM):   end;
65118     +      end;
MPRINT(EM_DIAGRAM):   end;
65119     +   end;
MPRINT(EM_DIAGRAM):   end;
65120     +   else do;
MPRINT(EM_DIAGRAM):   else do;
65121     +      if _dm6 <= 'SALES'  then do;
MPRINT(EM_DIAGRAM):   if _dm6 <= 'SALES' then do;
65122     +         if _dm6 = 'PROFEX'  then do;
MPRINT(EM_DIAGRAM):   if _dm6 = 'PROFEX' then do;
65123     +            jobProfEx = 1;
MPRINT(EM_DIAGRAM):   jobProfEx = 1;
65124     +            _dm_find = 1;
MPRINT(EM_DIAGRAM):   _dm_find = 1;
65125     +         end;
MPRINT(EM_DIAGRAM):   end;
65126     +         else do;
MPRINT(EM_DIAGRAM):   else do;
65127     +            if _dm6 = 'SALES'  then do;
MPRINT(EM_DIAGRAM):   if _dm6 = 'SALES' then do;
65128     +               jobSales = 1;
MPRINT(EM_DIAGRAM):   jobSales = 1;
65129     +               _dm_find = 1;
MPRINT(EM_DIAGRAM):   _dm_find = 1;
65130     +            end;
MPRINT(EM_DIAGRAM):   end;
65131     +         end;
MPRINT(EM_DIAGRAM):   end;
65132     +      end;
MPRINT(EM_DIAGRAM):   end;
65133     +      else do;
MPRINT(EM_DIAGRAM):   else do;
65134     +         if _dm6 = 'SELF'  then do;
MPRINT(EM_DIAGRAM):   if _dm6 = 'SELF' then do;
65135     +            jobMgr = -1;
MPRINT(EM_DIAGRAM):   jobMgr = -1;
65136     +            jobOffice = -1;
MPRINT(EM_DIAGRAM):   jobOffice = -1;
65137     +            jobOther = -1;
MPRINT(EM_DIAGRAM):   jobOther = -1;
65138     +            jobProfEx = -1;
MPRINT(EM_DIAGRAM):   jobProfEx = -1;
65139     +            jobSales = -1;
MPRINT(EM_DIAGRAM):   jobSales = -1;
65140     +            _dm_find = 1;
MPRINT(EM_DIAGRAM):   _dm_find = 1;
65141     +         end;
MPRINT(EM_DIAGRAM):   end;
65142     +      end;
MPRINT(EM_DIAGRAM):   end;
65143     +   end;
MPRINT(EM_DIAGRAM):   end;
65144     +   if not _dm_find then do;
MPRINT(EM_DIAGRAM):   if not _dm_find then do;
65145     +      jobMgr = .;
MPRINT(EM_DIAGRAM):   jobMgr = .;
65146     +      jobOffice = .;
MPRINT(EM_DIAGRAM):   jobOffice = .;
65147     +      jobOther = .;
MPRINT(EM_DIAGRAM):   jobOther = .;
65148     +      jobProfEx = .;
MPRINT(EM_DIAGRAM):   jobProfEx = .;
65149     +      jobSales = .;
MPRINT(EM_DIAGRAM):   jobSales = .;
65150     +      substr(_warn_,2,1) = 'U';
MPRINT(EM_DIAGRAM):   substr(_warn_,2,1) = 'U';
65151     +      _DM_BAD = 1;
MPRINT(EM_DIAGRAM):   _DM_BAD = 1;
65152     +   end;
MPRINT(EM_DIAGRAM):   end;
65153     +end;
MPRINT(EM_DIAGRAM):   end;
65154     +
65155     +*** Generate dummy variables for reason ;
MPRINT(EM_DIAGRAM):   *** Generate dummy variables for reason ;
65156     +drop reasonDebtCon ;
MPRINT(EM_DIAGRAM):   drop reasonDebtCon ;
65157     +if missing( reason ) then do;
MPRINT(EM_DIAGRAM):   if missing( reason ) then do;
65158     +   reasonDebtCon = .;
MPRINT(EM_DIAGRAM):   reasonDebtCon = .;
65159     +   substr(_warn_,1,1) = 'M';
MPRINT(EM_DIAGRAM):   substr(_warn_,1,1) = 'M';
65160     +   _DM_BAD = 1;
MPRINT(EM_DIAGRAM):   _DM_BAD = 1;
65161     +end;
MPRINT(EM_DIAGRAM):   end;
65162     +else do;
MPRINT(EM_DIAGRAM):   else do;
65163     +   length _dm7 $ 7; drop _dm7 ;
MPRINT(EM_DIAGRAM):   length _dm7 $ 7;
MPRINT(EM_DIAGRAM):   drop _dm7 ;
65164     +   %DMNORMCP( reason , _dm7 )
MPRINT(DMNORMCP):   _dm7=dmnorm(reason,
MPRINT(DMNORLEN):  32
MPRINT(DMNORMCP):  );
65165     +   if _dm7 = 'DEBTCON'  then do;
MPRINT(EM_DIAGRAM):   if _dm7 = 'DEBTCON' then do;
65166     +      reasonDebtCon = 1;
MPRINT(EM_DIAGRAM):   reasonDebtCon = 1;
65167     +   end;
MPRINT(EM_DIAGRAM):   end;
65168     +   else if _dm7 = 'HOMEIMP'  then do;
MPRINT(EM_DIAGRAM):   else if _dm7 = 'HOMEIMP' then do;
65169     +      reasonDebtCon = -1;
MPRINT(EM_DIAGRAM):   reasonDebtCon = -1;
65170     +   end;
MPRINT(EM_DIAGRAM):   end;
65171     +   else do;
MPRINT(EM_DIAGRAM):   else do;
65172     +      reasonDebtCon = .;
MPRINT(EM_DIAGRAM):   reasonDebtCon = .;
65173     +      substr(_warn_,2,1) = 'U';
MPRINT(EM_DIAGRAM):   substr(_warn_,2,1) = 'U';
65174     +      _DM_BAD = 1;
MPRINT(EM_DIAGRAM):   _DM_BAD = 1;
65175     +   end;
MPRINT(EM_DIAGRAM):   end;
65176     +end;
MPRINT(EM_DIAGRAM):   end;
65177     +
65178     +*** *************************;
MPRINT(EM_DIAGRAM):   *** *************************;
65179     +*** Checking missing input Interval
65180     +*** *************************;
MPRINT(EM_DIAGRAM):   *** Checking missing input Interval *** *************************;
65181     +
65182     +IF NMISS(
65183     +   REP_clage ,
65184     +   REP_clno ,
65185     +   REP_debtinc ,
65186     +   REP_delinq ,
65187     +   REP_derog ,
65188     +   REP_loan ,
65189     +   REP_mortdue ,
65190     +   REP_ninq ,
65191     +   REP_value ,
65192     +   REP_yoj   ) THEN DO;
MPRINT(EM_DIAGRAM):   IF NMISS( REP_clage , REP_clno , REP_debtinc , REP_delinq , REP_derog , 
REP_loan , REP_mortdue , REP_ninq , REP_value , REP_yoj ) THEN DO;
65193     +   SUBSTR(_WARN_, 1, 1) = 'M';
MPRINT(EM_DIAGRAM):   SUBSTR(_WARN_, 1, 1) = 'M';
65194     +
65195     +   _DM_BAD = 1;
MPRINT(EM_DIAGRAM):   _DM_BAD = 1;
65196     +END;
MPRINT(EM_DIAGRAM):   END;
65197     +*** *************************;
MPRINT(EM_DIAGRAM):   *** *************************;
65198     +*** Writing the Node intvl ;
MPRINT(EM_DIAGRAM):   *** Writing the Node intvl ;
65199     +*** *************************;
MPRINT(EM_DIAGRAM):   *** *************************;
65200     +IF _DM_BAD EQ 0 THEN DO;
MPRINT(EM_DIAGRAM):   IF _DM_BAD EQ 0 THEN DO;
65201     +   S_REP_clage  =    -2.22677700256924 +     0.01237131443959 * REP_clage ;
MPRINT(EM_DIAGRAM):   S_REP_clage = -2.22677700256924 + 0.01237131443959 * REP_clage ;
65202     +   S_REP_clno  =    -2.09120083900206 +     0.09845331494994 * REP_clno ;
MPRINT(EM_DIAGRAM):   S_REP_clno = -2.09120083900206 + 0.09845331494994 * REP_clno ;
65203     +   S_REP_debtinc  =    -4.49488150643288 +      0.1336303906768 * REP_debtinc
65204     +         ;
MPRINT(EM_DIAGRAM):   S_REP_debtinc = -4.49488150643288 + 0.1336303906768 * REP_debtinc ;
65205     +   S_REP_delinq  =    -0.43760021579916 +     1.05734701625827 * REP_delinq ;
MPRINT(EM_DIAGRAM):   S_REP_delinq = -0.43760021579916 + 1.05734701625827 * REP_delinq ;
65206     +   S_REP_derog  =    -0.35522020416509 +     1.75384737051562 * REP_derog ;
MPRINT(EM_DIAGRAM):   S_REP_derog = -0.35522020416509 + 1.75384737051562 * REP_derog ;
65207     +   S_REP_loan  =    -1.78683141618052 +     0.00009714343259 * REP_loan ;
MPRINT(EM_DIAGRAM):   S_REP_loan = -1.78683141618052 + 0.00009714343259 * REP_loan ;
65208     +   S_REP_mortdue  =    -1.78622038098681 +     0.00002451193439 * REP_mortdue
65209     +         ;
MPRINT(EM_DIAGRAM):   S_REP_mortdue = -1.78622038098681 + 0.00002451193439 * REP_mortdue ;
65210     +   S_REP_ninq  =    -0.74860118195179 +     0.67778389006928 * REP_ninq ;
MPRINT(EM_DIAGRAM):   S_REP_ninq = -0.74860118195179 + 0.67778389006928 * REP_ninq ;
65211     +   S_REP_value  =    -1.98311022661579 +     0.00001954597062 * REP_value ;
MPRINT(EM_DIAGRAM):   S_REP_value = -1.98311022661579 + 0.00001954597062 * REP_value ;
65212     +   S_REP_yoj  =    -1.16891375661418 +     0.13208548345713 * REP_yoj ;
MPRINT(EM_DIAGRAM):   S_REP_yoj = -1.16891375661418 + 0.13208548345713 * REP_yoj ;
65213     +END;
MPRINT(EM_DIAGRAM):   END;
65214     +ELSE DO;
MPRINT(EM_DIAGRAM):   ELSE DO;
65215     +   IF MISSING( REP_clage ) THEN S_REP_clage  = . ;
MPRINT(EM_DIAGRAM):   IF MISSING( REP_clage ) THEN S_REP_clage = . ;
65216     +   ELSE S_REP_clage  =    -2.22677700256924 +     0.01237131443959 * REP_clage
65217     +         ;
MPRINT(EM_DIAGRAM):   ELSE S_REP_clage = -2.22677700256924 + 0.01237131443959 * REP_clage ;
65218     +   IF MISSING( REP_clno ) THEN S_REP_clno  = . ;
MPRINT(EM_DIAGRAM):   IF MISSING( REP_clno ) THEN S_REP_clno = . ;
65219     +   ELSE S_REP_clno  =    -2.09120083900206 +     0.09845331494994 * REP_clno ;
MPRINT(EM_DIAGRAM):   ELSE S_REP_clno = -2.09120083900206 + 0.09845331494994 * REP_clno ;
65220     +   IF MISSING( REP_debtinc ) THEN S_REP_debtinc  = . ;
MPRINT(EM_DIAGRAM):   IF MISSING( REP_debtinc ) THEN S_REP_debtinc = . ;
65221     +   ELSE S_REP_debtinc  =    -4.49488150643288 +      0.1336303906768 *
65222     +        REP_debtinc ;
MPRINT(EM_DIAGRAM):   ELSE S_REP_debtinc = -4.49488150643288 + 0.1336303906768 * REP_debtinc ;
65223     +   IF MISSING( REP_delinq ) THEN S_REP_delinq  = . ;
MPRINT(EM_DIAGRAM):   IF MISSING( REP_delinq ) THEN S_REP_delinq = . ;
65224     +   ELSE S_REP_delinq  =    -0.43760021579916 +     1.05734701625827 *
65225     +        REP_delinq ;
MPRINT(EM_DIAGRAM):   ELSE S_REP_delinq = -0.43760021579916 + 1.05734701625827 * REP_delinq ;
65226     +   IF MISSING( REP_derog ) THEN S_REP_derog  = . ;
MPRINT(EM_DIAGRAM):   IF MISSING( REP_derog ) THEN S_REP_derog = . ;
65227     +   ELSE S_REP_derog  =    -0.35522020416509 +     1.75384737051562 * REP_derog
65228     +         ;
MPRINT(EM_DIAGRAM):   ELSE S_REP_derog = -0.35522020416509 + 1.75384737051562 * REP_derog ;
65229     +   IF MISSING( REP_loan ) THEN S_REP_loan  = . ;
MPRINT(EM_DIAGRAM):   IF MISSING( REP_loan ) THEN S_REP_loan = . ;
65230     +   ELSE S_REP_loan  =    -1.78683141618052 +     0.00009714343259 * REP_loan ;
MPRINT(EM_DIAGRAM):   ELSE S_REP_loan = -1.78683141618052 + 0.00009714343259 * REP_loan ;
65231     +   IF MISSING( REP_mortdue ) THEN S_REP_mortdue  = . ;
MPRINT(EM_DIAGRAM):   IF MISSING( REP_mortdue ) THEN S_REP_mortdue = . ;
65232     +   ELSE S_REP_mortdue  =    -1.78622038098681 +     0.00002451193439 *
65233     +        REP_mortdue ;
MPRINT(EM_DIAGRAM):   ELSE S_REP_mortdue = -1.78622038098681 + 0.00002451193439 * REP_mortdue ;
65234     +   IF MISSING( REP_ninq ) THEN S_REP_ninq  = . ;
MPRINT(EM_DIAGRAM):   IF MISSING( REP_ninq ) THEN S_REP_ninq = . ;
65235     +   ELSE S_REP_ninq  =    -0.74860118195179 +     0.67778389006928 * REP_ninq ;
MPRINT(EM_DIAGRAM):   ELSE S_REP_ninq = -0.74860118195179 + 0.67778389006928 * REP_ninq ;
65236     +   IF MISSING( REP_value ) THEN S_REP_value  = . ;
MPRINT(EM_DIAGRAM):   IF MISSING( REP_value ) THEN S_REP_value = . ;
65237     +   ELSE S_REP_value  =    -1.98311022661579 +     0.00001954597062 * REP_value
65238     +         ;
MPRINT(EM_DIAGRAM):   ELSE S_REP_value = -1.98311022661579 + 0.00001954597062 * REP_value ;
65239     +   IF MISSING( REP_yoj ) THEN S_REP_yoj  = . ;
MPRINT(EM_DIAGRAM):   IF MISSING( REP_yoj ) THEN S_REP_yoj = . ;
65240     +   ELSE S_REP_yoj  =    -1.16891375661418 +     0.13208548345713 * REP_yoj ;
MPRINT(EM_DIAGRAM):   ELSE S_REP_yoj = -1.16891375661418 + 0.13208548345713 * REP_yoj ;
65241     +END;
MPRINT(EM_DIAGRAM):   END;
65242     +*** *************************;
MPRINT(EM_DIAGRAM):   *** *************************;
65243     +*** Writing the Node nom ;
MPRINT(EM_DIAGRAM):   *** Writing the Node nom ;
65244     +*** *************************;
MPRINT(EM_DIAGRAM):   *** *************************;
65245     +*** *************************;
MPRINT(EM_DIAGRAM):   *** *************************;
65246     +*** Writing the Node H1 ;
MPRINT(EM_DIAGRAM):   *** Writing the Node H1 ;
65247     +*** *************************;
MPRINT(EM_DIAGRAM):   *** *************************;
65248     +IF _DM_BAD EQ 0 THEN DO;
MPRINT(EM_DIAGRAM):   IF _DM_BAD EQ 0 THEN DO;
65249     +   H11  =     0.37370244339385 * S_REP_clage  +    -0.72326603391775 *
65250     +        S_REP_clno  +    -1.98328521434898 * S_REP_debtinc
65251     +          +    -0.44045107851083 * S_REP_delinq  +    -0.02530242927394 *
65252     +        S_REP_derog  +     0.27625589592266 * S_REP_loan
65253     +          +     0.73022882138825 * S_REP_mortdue  +     0.05359278885665 *
65254     +        S_REP_ninq  +    -0.82873876654809 * S_REP_value
65255     +          +    -0.19300389165533 * S_REP_yoj ;
MPRINT(EM_DIAGRAM):   H11 = 0.37370244339385 * S_REP_clage + -0.72326603391775 * S_REP_clno + 
-1.98328521434898 * S_REP_debtinc + -0.44045107851083 * S_REP_delinq + -0.02530242927394 * 
S_REP_derog + 0.27625589592266 * S_REP_loan + 0.73022882138825 * S_REP_mortdue + 
0.05359278885665 * S_REP_ninq + -0.82873876654809 * S_REP_value + -0.19300389165533 * 
S_REP_yoj ;
65256     +   H12  =    -0.72742475418803 * S_REP_clage  +     1.52318335470205 *
65257     +        S_REP_clno  +     2.31427792976021 * S_REP_debtinc
65258     +          +    -1.67947046306888 * S_REP_delinq  +      0.1424631957191 *
65259     +        S_REP_derog  +    -0.02729503797831 * S_REP_loan
65260     +          +     -2.0420623879531 * S_REP_mortdue  +    -0.78678483380181 *
65261     +        S_REP_ninq  +    -0.53111835275351 * S_REP_value
65262     +          +     0.54269611586006 * S_REP_yoj ;
MPRINT(EM_DIAGRAM):   H12 = -0.72742475418803 * S_REP_clage + 1.52318335470205 * S_REP_clno + 
2.31427792976021 * S_REP_debtinc + -1.67947046306888 * S_REP_delinq + 0.1424631957191 * 
S_REP_derog + -0.02729503797831 * S_REP_loan + -2.0420623879531 * S_REP_mortdue + 
-0.78678483380181 * S_REP_ninq + -0.53111835275351 * S_REP_value + 0.54269611586006 * 
S_REP_yoj ;
65263     +   H13  =    -0.36275918430612 * S_REP_clage  +    -1.00303529518028 *
65264     +        S_REP_clno  +      0.5860047004012 * S_REP_debtinc
65265     +          +     0.48956751946998 * S_REP_delinq  +     1.03382006084598 *
65266     +        S_REP_derog  +    -0.18340003090107 * S_REP_loan
65267     +          +    -0.26125056567554 * S_REP_mortdue  +     0.58685266745239 *
65268     +        S_REP_ninq  +    -0.39557941102681 * S_REP_value
65269     +          +    -0.52312960795784 * S_REP_yoj ;
MPRINT(EM_DIAGRAM):   H13 = -0.36275918430612 * S_REP_clage + -1.00303529518028 * S_REP_clno + 
0.5860047004012 * S_REP_debtinc + 0.48956751946998 * S_REP_delinq + 1.03382006084598 * 
S_REP_derog + -0.18340003090107 * S_REP_loan + -0.26125056567554 * S_REP_mortdue + 
0.58685266745239 * S_REP_ninq + -0.39557941102681 * S_REP_value + -0.52312960795784 * 
S_REP_yoj ;
65270     +   H11  = H11  +    -0.62199212720467 * jobMgr  +     1.73580634348761 *
65271     +        jobOffice  +     0.15978497891849 * jobOther
65272     +          +    -0.07808479496552 * jobProfEx  +     -1.0515285291699 *
65273     +        jobSales  +    -0.33297618953746 * reasonDebtCon ;
MPRINT(EM_DIAGRAM):   H11 = H11 + -0.62199212720467 * jobMgr + 1.73580634348761 * jobOffice + 
0.15978497891849 * jobOther + -0.07808479496552 * jobProfEx + -1.0515285291699 * jobSales + 
-0.33297618953746 * reasonDebtCon ;
65274     +   H12  = H12  +    -0.33708066408613 * jobMgr  +     0.40850157902532 *
65275     +        jobOffice  +     0.61980142255564 * jobOther
65276     +          +     0.76583117261994 * jobProfEx  +    -3.00435069171545 *
65277     +        jobSales  +    -0.42914469414845 * reasonDebtCon ;
MPRINT(EM_DIAGRAM):   H12 = H12 + -0.33708066408613 * jobMgr + 0.40850157902532 * jobOffice + 
0.61980142255564 * jobOther + 0.76583117261994 * jobProfEx + -3.00435069171545 * jobSales + 
-0.42914469414845 * reasonDebtCon ;
65278     +   H13  = H13  +    -0.87783922904262 * jobMgr  +     0.02205395180983 *
65279     +        jobOffice  +     0.54407435489188 * jobOther
65280     +          +    -0.25155638720328 * jobProfEx  +    -0.86137211445728 *
65281     +        jobSales  +     -0.2546936048405 * reasonDebtCon ;
MPRINT(EM_DIAGRAM):   H13 = H13 + -0.87783922904262 * jobMgr + 0.02205395180983 * jobOffice + 
0.54407435489188 * jobOther + -0.25155638720328 * jobProfEx + -0.86137211445728 * jobSales + 
-0.2546936048405 * reasonDebtCon ;
65282     +   H11  =     3.46710281200971 + H11 ;
MPRINT(EM_DIAGRAM):   H11 = 3.46710281200971 + H11 ;
65283     +   H12  =      3.7781405552927 + H12 ;
MPRINT(EM_DIAGRAM):   H12 = 3.7781405552927 + H12 ;
65284     +   H13  =    -0.48735415294329 + H13 ;
MPRINT(EM_DIAGRAM):   H13 = -0.48735415294329 + H13 ;
65285     +   H11  = TANH(H11 );
MPRINT(EM_DIAGRAM):   H11 = TANH(H11 );
65286     +   H12  = TANH(H12 );
MPRINT(EM_DIAGRAM):   H12 = TANH(H12 );
65287     +   H13  = TANH(H13 );
MPRINT(EM_DIAGRAM):   H13 = TANH(H13 );
65288     +END;
MPRINT(EM_DIAGRAM):   END;
65289     +ELSE DO;
MPRINT(EM_DIAGRAM):   ELSE DO;
65290     +   H11  = .;
MPRINT(EM_DIAGRAM):   H11 = .;
65291     +   H12  = .;
MPRINT(EM_DIAGRAM):   H12 = .;
65292     +   H13  = .;
MPRINT(EM_DIAGRAM):   H13 = .;
65293     +END;
MPRINT(EM_DIAGRAM):   END;
65294     +*** *************************;
MPRINT(EM_DIAGRAM):   *** *************************;
65295     +*** Writing the Node bad ;
MPRINT(EM_DIAGRAM):   *** Writing the Node bad ;
65296     +*** *************************;
MPRINT(EM_DIAGRAM):   *** *************************;
65297     +
65298     +*** Generate dummy variables for bad ;
MPRINT(EM_DIAGRAM):   *** Generate dummy variables for bad ;
65299     +drop bad1 bad0 ;
MPRINT(EM_DIAGRAM):   drop bad1 bad0 ;
65300     +label F_bad = 'From: bad' ;
MPRINT(EM_DIAGRAM):   label F_bad = 'From: bad' ;
65301     +length F_bad $ 12;
MPRINT(EM_DIAGRAM):   length F_bad $ 12;
65302     +F_bad = put( bad , BEST12. );
MPRINT(EM_DIAGRAM):   F_bad = put( bad , BEST12. );
65303     +%DMNORMIP( F_bad )
MPRINT(DMNORMIP):   call dmnorm(F_bad,
MPRINT(DMNORLEN):  32
MPRINT(DMNORMIP):  );
65304     +if missing( bad ) then do;
MPRINT(EM_DIAGRAM):   if missing( bad ) then do;
65305     +   bad1 = .;
MPRINT(EM_DIAGRAM):   bad1 = .;
65306     +   bad0 = .;
MPRINT(EM_DIAGRAM):   bad0 = .;
65307     +end;
MPRINT(EM_DIAGRAM):   end;
65308     +else do;
MPRINT(EM_DIAGRAM):   else do;
65309     +   if F_bad = '0'  then do;
MPRINT(EM_DIAGRAM):   if F_bad = '0' then do;
65310     +      bad1 = 0;
MPRINT(EM_DIAGRAM):   bad1 = 0;
65311     +      bad0 = 1;
MPRINT(EM_DIAGRAM):   bad0 = 1;
65312     +   end;
MPRINT(EM_DIAGRAM):   end;
65313     +   else if F_bad = '1'  then do;
MPRINT(EM_DIAGRAM):   else if F_bad = '1' then do;
65314     +      bad1 = 1;
MPRINT(EM_DIAGRAM):   bad1 = 1;
65315     +      bad0 = 0;
MPRINT(EM_DIAGRAM):   bad0 = 0;
65316     +   end;
MPRINT(EM_DIAGRAM):   end;
65317     +   else do;
MPRINT(EM_DIAGRAM):   else do;
65318     +      bad1 = .;
MPRINT(EM_DIAGRAM):   bad1 = .;
65319     +      bad0 = .;
MPRINT(EM_DIAGRAM):   bad0 = .;
65320     +   end;
MPRINT(EM_DIAGRAM):   end;
65321     +end;
MPRINT(EM_DIAGRAM):   end;
65322     +IF _DM_BAD EQ 0 THEN DO;
MPRINT(EM_DIAGRAM):   IF _DM_BAD EQ 0 THEN DO;
65323     +   P_bad1  =    -4.51178269898123 * H11  +    -1.97966705748432 * H12
65324     +          +     2.19539087664339 * H13 ;
MPRINT(EM_DIAGRAM):   P_bad1 = -4.51178269898123 * H11 + -1.97966705748432 * H12 + 
2.19539087664339 * H13 ;
65325     +   P_bad1  =     2.79580860906993 + P_bad1 ;
MPRINT(EM_DIAGRAM):   P_bad1 = 2.79580860906993 + P_bad1 ;
65326     +   P_bad0  = 0;
MPRINT(EM_DIAGRAM):   P_bad0 = 0;
65327     +   _MAX_ = MAX (P_bad1 , P_bad0 );
MPRINT(EM_DIAGRAM):   _MAX_ = MAX (P_bad1 , P_bad0 );
65328     +   _SUM_ = 0.;
MPRINT(EM_DIAGRAM):   _SUM_ = 0.;
65329     +   P_bad1  = EXP(P_bad1  - _MAX_);
MPRINT(EM_DIAGRAM):   P_bad1 = EXP(P_bad1 - _MAX_);
65330     +   _SUM_ = _SUM_ + P_bad1 ;
MPRINT(EM_DIAGRAM):   _SUM_ = _SUM_ + P_bad1 ;
65331     +   P_bad0  = EXP(P_bad0  - _MAX_);
MPRINT(EM_DIAGRAM):   P_bad0 = EXP(P_bad0 - _MAX_);
65332     +   _SUM_ = _SUM_ + P_bad0 ;
MPRINT(EM_DIAGRAM):   _SUM_ = _SUM_ + P_bad0 ;
65333     +   P_bad1  = P_bad1  / _SUM_;
MPRINT(EM_DIAGRAM):   P_bad1 = P_bad1 / _SUM_;
65334     +   P_bad0  = P_bad0  / _SUM_;
MPRINT(EM_DIAGRAM):   P_bad0 = P_bad0 / _SUM_;
65335     +END;
MPRINT(EM_DIAGRAM):   END;
65336     +ELSE DO;
MPRINT(EM_DIAGRAM):   ELSE DO;
65337     +   P_bad1  = .;
MPRINT(EM_DIAGRAM):   P_bad1 = .;
65338     +   P_bad0  = .;
MPRINT(EM_DIAGRAM):   P_bad0 = .;
65339     +END;
MPRINT(EM_DIAGRAM):   END;
65340     +IF _DM_BAD EQ 1 THEN DO;
MPRINT(EM_DIAGRAM):   IF _DM_BAD EQ 1 THEN DO;
65341     +   P_bad1  =     0.08693115519253;
MPRINT(EM_DIAGRAM):   P_bad1 = 0.08693115519253;
65342     +   P_bad0  =     0.91306884480746;
MPRINT(EM_DIAGRAM):   P_bad0 = 0.91306884480746;
65343     +END;
MPRINT(EM_DIAGRAM):   END;
65344     +*** *****************************;
MPRINT(EM_DIAGRAM):   *** *****************************;
65345     +*** Writing the Residuals  of the Node bad ;
MPRINT(EM_DIAGRAM):   *** Writing the Residuals of the Node bad ;
65346     +*** ******************************;
MPRINT(EM_DIAGRAM):   *** ******************************;
65347     +IF MISSING( bad1 ) THEN R_bad1  = . ;
MPRINT(EM_DIAGRAM):   IF MISSING( bad1 ) THEN R_bad1 = . ;
65348     +ELSE R_bad1  = bad1  - P_bad1 ;
MPRINT(EM_DIAGRAM):   ELSE R_bad1 = bad1 - P_bad1 ;
65349     +IF MISSING( bad0 ) THEN R_bad0  = . ;
MPRINT(EM_DIAGRAM):   IF MISSING( bad0 ) THEN R_bad0 = . ;
65350     +ELSE R_bad0  = bad0  - P_bad0 ;
MPRINT(EM_DIAGRAM):   ELSE R_bad0 = bad0 - P_bad0 ;
65351     +*** *************************;
MPRINT(EM_DIAGRAM):   *** *************************;
65352     +*** Writing the I_bad  AND U_bad ;
MPRINT(EM_DIAGRAM):   *** Writing the I_bad AND U_bad ;
65353     +*** *************************;
MPRINT(EM_DIAGRAM):   *** *************************;
65354     +_MAXP_ = P_bad1 ;
MPRINT(EM_DIAGRAM):   _MAXP_ = P_bad1 ;
65355     +I_bad  = "1           " ;
MPRINT(EM_DIAGRAM):   I_bad = "1           " ;
65356     +U_bad  =                    1;
MPRINT(EM_DIAGRAM):   U_bad = 1;
65357     +IF( _MAXP_ LT P_bad0  ) THEN DO;
MPRINT(EM_DIAGRAM):   IF( _MAXP_ LT P_bad0 ) THEN DO;
65358     +   _MAXP_ = P_bad0 ;
MPRINT(EM_DIAGRAM):   _MAXP_ = P_bad0 ;
65359     +   I_bad  = "0           " ;
MPRINT(EM_DIAGRAM):   I_bad = "0           " ;
65360     +   U_bad  =                    0;
MPRINT(EM_DIAGRAM):   U_bad = 0;
65361     +END;
MPRINT(EM_DIAGRAM):   END;
65362     +********************************;
MPRINT(EM_DIAGRAM):   ********************************;
65363     +*** End Scoring Code for Neural;
MPRINT(EM_DIAGRAM):   *** End Scoring Code for Neural;
65364     +********************************;
MPRINT(EM_DIAGRAM):   ********************************;
65365     +drop
65366     +H11
65367     +H12
65368     +H13
65369     +;
MPRINT(EM_DIAGRAM):   drop H11 H12 H13 ;
65370     +drop S_:;
MPRINT(EM_DIAGRAM):   drop S_:;
NOTE: %INCLUDE (level 1) ending.
MPRINT(EM_DIAGRAM):   run;
65371      run;

NOTE: DATA STEP view saved on file EMWS1.NEURAL5_TRAIN.
NOTE: A stored DATA STEP view cannot run under a different operating system.
NOTE: View EMWS1.REPL_TRAIN.VIEW used (Total process time):
      real time           0.07 seconds
      cpu time            0.07 seconds
      
NOTE: DATA statement used (Total process time):
      real time           0.09 seconds
      cpu time            0.09 seconds
      

MPRINT(EM_DIAGRAM):   quit;
65372      quit;
65373      filename emflow;
MPRINT(EM_DIAGRAM):   filename emflow;
NOTE: Fileref EMFLOW has been deassigned.
65374      filename emflow
65374    ! "C:\Users\bteric01\Documents\Tutorials_Projects\Project_3\Workspaces\EMWS1\Neural5\E
65374    ! MFLOWSCORE.sas";
MPRINT(EM_DIAGRAM):    filename emflow 
"C:\Users\bteric01\Documents\Tutorials_Projects\Project_3\Workspaces\EMWS1\Neural5\EMFLOWSCORE.
sas";
MPRINT(EM_DIAGRAM):   *------------------------------------------------------------*;
MPRINT(EM_DIAGRAM):   * Neural5: Scoring VALIDATE data;
MPRINT(EM_DIAGRAM):   *------------------------------------------------------------*;
65375      *------------------------------------------------------------*;
65376      * Neural5: Scoring VALIDATE data;
65377      *------------------------------------------------------------*;
65378      data EMWS1.Neural5_VALIDATE
65379      / view=EMWS1.Neural5_VALIDATE
65380      ;
MPRINT(EM_DIAGRAM):   data EMWS1.Neural5_VALIDATE / view=EMWS1.Neural5_VALIDATE ;
65381      set EMWS1.Repl_VALIDATE
65382      ;
MPRINT(EM_DIAGRAM):   set EMWS1.Repl_VALIDATE ;
65383      %inc emflow;
NOTE: %INCLUDE (level 1) file EMFLOW is file 
      C:\Users\bteric01\Documents\Tutorials_Projects\Project_3\Workspaces\EMWS1\Neural5\EMFLOWS
      CORE.sas.
65384     +***********************************;
MPRINT(EM_DIAGRAM):   ***********************************;
65385     +*** Begin Scoring Code for Neural;
MPRINT(EM_DIAGRAM):   *** Begin Scoring Code for Neural;
65386     +***********************************;
MPRINT(EM_DIAGRAM):   ***********************************;
65387     +DROP _DM_BAD _EPS _NOCL_ _MAX_ _MAXP_ _SUM_ _NTRIALS;
MPRINT(EM_DIAGRAM):   DROP _DM_BAD _EPS _NOCL_ _MAX_ _MAXP_ _SUM_ _NTRIALS;
65388     + _DM_BAD = 0;
MPRINT(EM_DIAGRAM):   _DM_BAD = 0;
65389     + _NOCL_ = .;
MPRINT(EM_DIAGRAM):   _NOCL_ = .;
65390     + _MAX_ = .;
MPRINT(EM_DIAGRAM):   _MAX_ = .;
65391     + _MAXP_ = .;
MPRINT(EM_DIAGRAM):   _MAXP_ = .;
65392     + _SUM_ = .;
MPRINT(EM_DIAGRAM):   _SUM_ = .;
65393     + _NTRIALS = .;
MPRINT(EM_DIAGRAM):   _NTRIALS = .;
65394     + _EPS =                1E-10;
MPRINT(EM_DIAGRAM):   _EPS = 1E-10;
65395     +LENGTH _WARN_ $4
65396     +      F_bad  $ 12
65397     +;
MPRINT(EM_DIAGRAM):   LENGTH _WARN_ $4 F_bad $ 12 ;
65398     +      label S_REP_clage = 'Standard: REP_clage' ;
MPRINT(EM_DIAGRAM):   label S_REP_clage = 'Standard: REP_clage' ;
65399     +
65400     +      label S_REP_clno = 'Standard: REP_clno' ;
MPRINT(EM_DIAGRAM):   label S_REP_clno = 'Standard: REP_clno' ;
65401     +
65402     +      label S_REP_debtinc = 'Standard: REP_debtinc' ;
MPRINT(EM_DIAGRAM):   label S_REP_debtinc = 'Standard: REP_debtinc' ;
65403     +
65404     +      label S_REP_delinq = 'Standard: REP_delinq' ;
MPRINT(EM_DIAGRAM):   label S_REP_delinq = 'Standard: REP_delinq' ;
65405     +
65406     +      label S_REP_derog = 'Standard: REP_derog' ;
MPRINT(EM_DIAGRAM):   label S_REP_derog = 'Standard: REP_derog' ;
65407     +
65408     +      label S_REP_loan = 'Standard: REP_loan' ;
MPRINT(EM_DIAGRAM):   label S_REP_loan = 'Standard: REP_loan' ;
65409     +
65410     +      label S_REP_mortdue = 'Standard: REP_mortdue' ;
MPRINT(EM_DIAGRAM):   label S_REP_mortdue = 'Standard: REP_mortdue' ;
65411     +
65412     +      label S_REP_ninq = 'Standard: REP_ninq' ;
MPRINT(EM_DIAGRAM):   label S_REP_ninq = 'Standard: REP_ninq' ;
65413     +
65414     +      label S_REP_value = 'Standard: REP_value' ;
MPRINT(EM_DIAGRAM):   label S_REP_value = 'Standard: REP_value' ;
65415     +
65416     +      label S_REP_yoj = 'Standard: REP_yoj' ;
MPRINT(EM_DIAGRAM):   label S_REP_yoj = 'Standard: REP_yoj' ;
65417     +
65418     +      label jobMgr = 'Dummy: job=Mgr' ;
MPRINT(EM_DIAGRAM):   label jobMgr = 'Dummy: job=Mgr' ;
65419     +
65420     +      label jobOffice = 'Dummy: job=Office' ;
MPRINT(EM_DIAGRAM):   label jobOffice = 'Dummy: job=Office' ;
65421     +
65422     +      label jobOther = 'Dummy: job=Other' ;
MPRINT(EM_DIAGRAM):   label jobOther = 'Dummy: job=Other' ;
65423     +
65424     +      label jobProfEx = 'Dummy: job=ProfEx' ;
MPRINT(EM_DIAGRAM):   label jobProfEx = 'Dummy: job=ProfEx' ;
65425     +
65426     +      label jobSales = 'Dummy: job=Sales' ;
MPRINT(EM_DIAGRAM):   label jobSales = 'Dummy: job=Sales' ;
65427     +
65428     +      label reasonDebtCon = 'Dummy: reason=DebtCon' ;
MPRINT(EM_DIAGRAM):   label reasonDebtCon = 'Dummy: reason=DebtCon' ;
65429     +
65430     +      label H11 = 'Hidden: H1=1' ;
MPRINT(EM_DIAGRAM):   label H11 = 'Hidden: H1=1' ;
65431     +
65432     +      label H12 = 'Hidden: H1=2' ;
MPRINT(EM_DIAGRAM):   label H12 = 'Hidden: H1=2' ;
65433     +
65434     +      label H13 = 'Hidden: H1=3' ;
MPRINT(EM_DIAGRAM):   label H13 = 'Hidden: H1=3' ;
65435     +
65436     +      label I_bad = 'Into: bad' ;
MPRINT(EM_DIAGRAM):   label I_bad = 'Into: bad' ;
65437     +
65438     +      label F_bad = 'From: bad' ;
MPRINT(EM_DIAGRAM):   label F_bad = 'From: bad' ;
65439     +
65440     +      label U_bad = 'Unnormalized Into: bad' ;
MPRINT(EM_DIAGRAM):   label U_bad = 'Unnormalized Into: bad' ;
65441     +
65442     +      label P_bad1 = 'Predicted: bad=1' ;
MPRINT(EM_DIAGRAM):   label P_bad1 = 'Predicted: bad=1' ;
65443     +
65444     +      label R_bad1 = 'Residual: bad=1' ;
MPRINT(EM_DIAGRAM):   label R_bad1 = 'Residual: bad=1' ;
65445     +
65446     +      label P_bad0 = 'Predicted: bad=0' ;
MPRINT(EM_DIAGRAM):   label P_bad0 = 'Predicted: bad=0' ;
65447     +
65448     +      label R_bad0 = 'Residual: bad=0' ;
MPRINT(EM_DIAGRAM):   label R_bad0 = 'Residual: bad=0' ;
65449     +
65450     +      label  _WARN_ = "Warnings";
MPRINT(EM_DIAGRAM):   label _WARN_ = "Warnings";
65451     +
65452     +*** Generate dummy variables for job ;
MPRINT(EM_DIAGRAM):   *** Generate dummy variables for job ;
65453     +drop jobMgr jobOffice jobOther jobProfEx jobSales ;
MPRINT(EM_DIAGRAM):   drop jobMgr jobOffice jobOther jobProfEx jobSales ;
65454     +*** encoding is sparse, initialize to zero;
MPRINT(EM_DIAGRAM):   *** encoding is sparse, initialize to zero;
65455     +jobMgr = 0;
MPRINT(EM_DIAGRAM):   jobMgr = 0;
65456     +jobOffice = 0;
MPRINT(EM_DIAGRAM):   jobOffice = 0;
65457     +jobOther = 0;
MPRINT(EM_DIAGRAM):   jobOther = 0;
65458     +jobProfEx = 0;
MPRINT(EM_DIAGRAM):   jobProfEx = 0;
65459     +jobSales = 0;
MPRINT(EM_DIAGRAM):   jobSales = 0;
65460     +if missing( job ) then do;
MPRINT(EM_DIAGRAM):   if missing( job ) then do;
65461     +   jobMgr = .;
MPRINT(EM_DIAGRAM):   jobMgr = .;
65462     +   jobOffice = .;
MPRINT(EM_DIAGRAM):   jobOffice = .;
65463     +   jobOther = .;
MPRINT(EM_DIAGRAM):   jobOther = .;
65464     +   jobProfEx = .;
MPRINT(EM_DIAGRAM):   jobProfEx = .;
65465     +   jobSales = .;
MPRINT(EM_DIAGRAM):   jobSales = .;
65466     +   substr(_warn_,1,1) = 'M';
MPRINT(EM_DIAGRAM):   substr(_warn_,1,1) = 'M';
65467     +   _DM_BAD = 1;
MPRINT(EM_DIAGRAM):   _DM_BAD = 1;
65468     +end;
MPRINT(EM_DIAGRAM):   end;
65469     +else do;
MPRINT(EM_DIAGRAM):   else do;
65470     +   length _dm6 $ 6; drop _dm6 ;
MPRINT(EM_DIAGRAM):   length _dm6 $ 6;
MPRINT(EM_DIAGRAM):   drop _dm6 ;
65471     +   %DMNORMCP( job , _dm6 )
MPRINT(DMNORMCP):   _dm6=dmnorm(job,
MPRINT(DMNORLEN):  32
MPRINT(DMNORMCP):  );
65472     +   _dm_find = 0; drop _dm_find;
MPRINT(EM_DIAGRAM):   _dm_find = 0;
MPRINT(EM_DIAGRAM):   drop _dm_find;
65473     +   if _dm6 <= 'OTHER'  then do;
MPRINT(EM_DIAGRAM):   if _dm6 <= 'OTHER' then do;
65474     +      if _dm6 <= 'OFFICE'  then do;
MPRINT(EM_DIAGRAM):   if _dm6 <= 'OFFICE' then do;
65475     +         if _dm6 = 'MGR'  then do;
MPRINT(EM_DIAGRAM):   if _dm6 = 'MGR' then do;
65476     +            jobMgr = 1;
MPRINT(EM_DIAGRAM):   jobMgr = 1;
65477     +            _dm_find = 1;
MPRINT(EM_DIAGRAM):   _dm_find = 1;
65478     +         end;
MPRINT(EM_DIAGRAM):   end;
65479     +         else do;
MPRINT(EM_DIAGRAM):   else do;
65480     +            if _dm6 = 'OFFICE'  then do;
MPRINT(EM_DIAGRAM):   if _dm6 = 'OFFICE' then do;
65481     +               jobOffice = 1;
MPRINT(EM_DIAGRAM):   jobOffice = 1;
65482     +               _dm_find = 1;
MPRINT(EM_DIAGRAM):   _dm_find = 1;
65483     +            end;
MPRINT(EM_DIAGRAM):   end;
65484     +         end;
MPRINT(EM_DIAGRAM):   end;
65485     +      end;
MPRINT(EM_DIAGRAM):   end;
65486     +      else do;
MPRINT(EM_DIAGRAM):   else do;
65487     +         if _dm6 = 'OTHER'  then do;
MPRINT(EM_DIAGRAM):   if _dm6 = 'OTHER' then do;
65488     +            jobOther = 1;
MPRINT(EM_DIAGRAM):   jobOther = 1;
65489     +            _dm_find = 1;
MPRINT(EM_DIAGRAM):   _dm_find = 1;
65490     +         end;
MPRINT(EM_DIAGRAM):   end;
65491     +      end;
MPRINT(EM_DIAGRAM):   end;
65492     +   end;
MPRINT(EM_DIAGRAM):   end;
65493     +   else do;
MPRINT(EM_DIAGRAM):   else do;
65494     +      if _dm6 <= 'SALES'  then do;
MPRINT(EM_DIAGRAM):   if _dm6 <= 'SALES' then do;
65495     +         if _dm6 = 'PROFEX'  then do;
MPRINT(EM_DIAGRAM):   if _dm6 = 'PROFEX' then do;
65496     +            jobProfEx = 1;
MPRINT(EM_DIAGRAM):   jobProfEx = 1;
65497     +            _dm_find = 1;
MPRINT(EM_DIAGRAM):   _dm_find = 1;
65498     +         end;
MPRINT(EM_DIAGRAM):   end;
65499     +         else do;
MPRINT(EM_DIAGRAM):   else do;
65500     +            if _dm6 = 'SALES'  then do;
MPRINT(EM_DIAGRAM):   if _dm6 = 'SALES' then do;
65501     +               jobSales = 1;
MPRINT(EM_DIAGRAM):   jobSales = 1;
65502     +               _dm_find = 1;
MPRINT(EM_DIAGRAM):   _dm_find = 1;
65503     +            end;
MPRINT(EM_DIAGRAM):   end;
65504     +         end;
MPRINT(EM_DIAGRAM):   end;
65505     +      end;
MPRINT(EM_DIAGRAM):   end;
65506     +      else do;
MPRINT(EM_DIAGRAM):   else do;
65507     +         if _dm6 = 'SELF'  then do;
MPRINT(EM_DIAGRAM):   if _dm6 = 'SELF' then do;
65508     +            jobMgr = -1;
MPRINT(EM_DIAGRAM):   jobMgr = -1;
65509     +            jobOffice = -1;
MPRINT(EM_DIAGRAM):   jobOffice = -1;
65510     +            jobOther = -1;
MPRINT(EM_DIAGRAM):   jobOther = -1;
65511     +            jobProfEx = -1;
MPRINT(EM_DIAGRAM):   jobProfEx = -1;
65512     +            jobSales = -1;
MPRINT(EM_DIAGRAM):   jobSales = -1;
65513     +            _dm_find = 1;
MPRINT(EM_DIAGRAM):   _dm_find = 1;
65514     +         end;
MPRINT(EM_DIAGRAM):   end;
65515     +      end;
MPRINT(EM_DIAGRAM):   end;
65516     +   end;
MPRINT(EM_DIAGRAM):   end;
65517     +   if not _dm_find then do;
MPRINT(EM_DIAGRAM):   if not _dm_find then do;
65518     +      jobMgr = .;
MPRINT(EM_DIAGRAM):   jobMgr = .;
65519     +      jobOffice = .;
MPRINT(EM_DIAGRAM):   jobOffice = .;
65520     +      jobOther = .;
MPRINT(EM_DIAGRAM):   jobOther = .;
65521     +      jobProfEx = .;
MPRINT(EM_DIAGRAM):   jobProfEx = .;
65522     +      jobSales = .;
MPRINT(EM_DIAGRAM):   jobSales = .;
65523     +      substr(_warn_,2,1) = 'U';
MPRINT(EM_DIAGRAM):   substr(_warn_,2,1) = 'U';
65524     +      _DM_BAD = 1;
MPRINT(EM_DIAGRAM):   _DM_BAD = 1;
65525     +   end;
MPRINT(EM_DIAGRAM):   end;
65526     +end;
MPRINT(EM_DIAGRAM):   end;
65527     +
65528     +*** Generate dummy variables for reason ;
MPRINT(EM_DIAGRAM):   *** Generate dummy variables for reason ;
65529     +drop reasonDebtCon ;
MPRINT(EM_DIAGRAM):   drop reasonDebtCon ;
65530     +if missing( reason ) then do;
MPRINT(EM_DIAGRAM):   if missing( reason ) then do;
65531     +   reasonDebtCon = .;
MPRINT(EM_DIAGRAM):   reasonDebtCon = .;
65532     +   substr(_warn_,1,1) = 'M';
MPRINT(EM_DIAGRAM):   substr(_warn_,1,1) = 'M';
65533     +   _DM_BAD = 1;
MPRINT(EM_DIAGRAM):   _DM_BAD = 1;
65534     +end;
MPRINT(EM_DIAGRAM):   end;
65535     +else do;
MPRINT(EM_DIAGRAM):   else do;
65536     +   length _dm7 $ 7; drop _dm7 ;
MPRINT(EM_DIAGRAM):   length _dm7 $ 7;
MPRINT(EM_DIAGRAM):   drop _dm7 ;
65537     +   %DMNORMCP( reason , _dm7 )
MPRINT(DMNORMCP):   _dm7=dmnorm(reason,
MPRINT(DMNORLEN):  32
MPRINT(DMNORMCP):  );
65538     +   if _dm7 = 'DEBTCON'  then do;
MPRINT(EM_DIAGRAM):   if _dm7 = 'DEBTCON' then do;
65539     +      reasonDebtCon = 1;
MPRINT(EM_DIAGRAM):   reasonDebtCon = 1;
65540     +   end;
MPRINT(EM_DIAGRAM):   end;
65541     +   else if _dm7 = 'HOMEIMP'  then do;
MPRINT(EM_DIAGRAM):   else if _dm7 = 'HOMEIMP' then do;
65542     +      reasonDebtCon = -1;
MPRINT(EM_DIAGRAM):   reasonDebtCon = -1;
65543     +   end;
MPRINT(EM_DIAGRAM):   end;
65544     +   else do;
MPRINT(EM_DIAGRAM):   else do;
65545     +      reasonDebtCon = .;
MPRINT(EM_DIAGRAM):   reasonDebtCon = .;
65546     +      substr(_warn_,2,1) = 'U';
MPRINT(EM_DIAGRAM):   substr(_warn_,2,1) = 'U';
65547     +      _DM_BAD = 1;
MPRINT(EM_DIAGRAM):   _DM_BAD = 1;
65548     +   end;
MPRINT(EM_DIAGRAM):   end;
65549     +end;
MPRINT(EM_DIAGRAM):   end;
65550     +
65551     +*** *************************;
MPRINT(EM_DIAGRAM):   *** *************************;
65552     +*** Checking missing input Interval
65553     +*** *************************;
MPRINT(EM_DIAGRAM):   *** Checking missing input Interval *** *************************;
65554     +
65555     +IF NMISS(
65556     +   REP_clage ,
65557     +   REP_clno ,
65558     +   REP_debtinc ,
65559     +   REP_delinq ,
65560     +   REP_derog ,
65561     +   REP_loan ,
65562     +   REP_mortdue ,
65563     +   REP_ninq ,
65564     +   REP_value ,
65565     +   REP_yoj   ) THEN DO;
MPRINT(EM_DIAGRAM):   IF NMISS( REP_clage , REP_clno , REP_debtinc , REP_delinq , REP_derog , 
REP_loan , REP_mortdue , REP_ninq , REP_value , REP_yoj ) THEN DO;
65566     +   SUBSTR(_WARN_, 1, 1) = 'M';
MPRINT(EM_DIAGRAM):   SUBSTR(_WARN_, 1, 1) = 'M';
65567     +
65568     +   _DM_BAD = 1;
MPRINT(EM_DIAGRAM):   _DM_BAD = 1;
65569     +END;
MPRINT(EM_DIAGRAM):   END;
65570     +*** *************************;
MPRINT(EM_DIAGRAM):   *** *************************;
65571     +*** Writing the Node intvl ;
MPRINT(EM_DIAGRAM):   *** Writing the Node intvl ;
65572     +*** *************************;
MPRINT(EM_DIAGRAM):   *** *************************;
65573     +IF _DM_BAD EQ 0 THEN DO;
MPRINT(EM_DIAGRAM):   IF _DM_BAD EQ 0 THEN DO;
65574     +   S_REP_clage  =    -2.22677700256924 +     0.01237131443959 * REP_clage ;
MPRINT(EM_DIAGRAM):   S_REP_clage = -2.22677700256924 + 0.01237131443959 * REP_clage ;
65575     +   S_REP_clno  =    -2.09120083900206 +     0.09845331494994 * REP_clno ;
MPRINT(EM_DIAGRAM):   S_REP_clno = -2.09120083900206 + 0.09845331494994 * REP_clno ;
65576     +   S_REP_debtinc  =    -4.49488150643288 +      0.1336303906768 * REP_debtinc
65577     +         ;
MPRINT(EM_DIAGRAM):   S_REP_debtinc = -4.49488150643288 + 0.1336303906768 * REP_debtinc ;
65578     +   S_REP_delinq  =    -0.43760021579916 +     1.05734701625827 * REP_delinq ;
MPRINT(EM_DIAGRAM):   S_REP_delinq = -0.43760021579916 + 1.05734701625827 * REP_delinq ;
65579     +   S_REP_derog  =    -0.35522020416509 +     1.75384737051562 * REP_derog ;
MPRINT(EM_DIAGRAM):   S_REP_derog = -0.35522020416509 + 1.75384737051562 * REP_derog ;
65580     +   S_REP_loan  =    -1.78683141618052 +     0.00009714343259 * REP_loan ;
MPRINT(EM_DIAGRAM):   S_REP_loan = -1.78683141618052 + 0.00009714343259 * REP_loan ;
65581     +   S_REP_mortdue  =    -1.78622038098681 +     0.00002451193439 * REP_mortdue
65582     +         ;
MPRINT(EM_DIAGRAM):   S_REP_mortdue = -1.78622038098681 + 0.00002451193439 * REP_mortdue ;
65583     +   S_REP_ninq  =    -0.74860118195179 +     0.67778389006928 * REP_ninq ;
MPRINT(EM_DIAGRAM):   S_REP_ninq = -0.74860118195179 + 0.67778389006928 * REP_ninq ;
65584     +   S_REP_value  =    -1.98311022661579 +     0.00001954597062 * REP_value ;
MPRINT(EM_DIAGRAM):   S_REP_value = -1.98311022661579 + 0.00001954597062 * REP_value ;
65585     +   S_REP_yoj  =    -1.16891375661418 +     0.13208548345713 * REP_yoj ;
MPRINT(EM_DIAGRAM):   S_REP_yoj = -1.16891375661418 + 0.13208548345713 * REP_yoj ;
65586     +END;
MPRINT(EM_DIAGRAM):   END;
65587     +ELSE DO;
MPRINT(EM_DIAGRAM):   ELSE DO;
65588     +   IF MISSING( REP_clage ) THEN S_REP_clage  = . ;
MPRINT(EM_DIAGRAM):   IF MISSING( REP_clage ) THEN S_REP_clage = . ;
65589     +   ELSE S_REP_clage  =    -2.22677700256924 +     0.01237131443959 * REP_clage
65590     +         ;
MPRINT(EM_DIAGRAM):   ELSE S_REP_clage = -2.22677700256924 + 0.01237131443959 * REP_clage ;
65591     +   IF MISSING( REP_clno ) THEN S_REP_clno  = . ;
MPRINT(EM_DIAGRAM):   IF MISSING( REP_clno ) THEN S_REP_clno = . ;
65592     +   ELSE S_REP_clno  =    -2.09120083900206 +     0.09845331494994 * REP_clno ;
MPRINT(EM_DIAGRAM):   ELSE S_REP_clno = -2.09120083900206 + 0.09845331494994 * REP_clno ;
65593     +   IF MISSING( REP_debtinc ) THEN S_REP_debtinc  = . ;
MPRINT(EM_DIAGRAM):   IF MISSING( REP_debtinc ) THEN S_REP_debtinc = . ;
65594     +   ELSE S_REP_debtinc  =    -4.49488150643288 +      0.1336303906768 *
65595     +        REP_debtinc ;
MPRINT(EM_DIAGRAM):   ELSE S_REP_debtinc = -4.49488150643288 + 0.1336303906768 * REP_debtinc ;
65596     +   IF MISSING( REP_delinq ) THEN S_REP_delinq  = . ;
MPRINT(EM_DIAGRAM):   IF MISSING( REP_delinq ) THEN S_REP_delinq = . ;
65597     +   ELSE S_REP_delinq  =    -0.43760021579916 +     1.05734701625827 *
65598     +        REP_delinq ;
MPRINT(EM_DIAGRAM):   ELSE S_REP_delinq = -0.43760021579916 + 1.05734701625827 * REP_delinq ;
65599     +   IF MISSING( REP_derog ) THEN S_REP_derog  = . ;
MPRINT(EM_DIAGRAM):   IF MISSING( REP_derog ) THEN S_REP_derog = . ;
65600     +   ELSE S_REP_derog  =    -0.35522020416509 +     1.75384737051562 * REP_derog
65601     +         ;
MPRINT(EM_DIAGRAM):   ELSE S_REP_derog = -0.35522020416509 + 1.75384737051562 * REP_derog ;
65602     +   IF MISSING( REP_loan ) THEN S_REP_loan  = . ;
MPRINT(EM_DIAGRAM):   IF MISSING( REP_loan ) THEN S_REP_loan = . ;
65603     +   ELSE S_REP_loan  =    -1.78683141618052 +     0.00009714343259 * REP_loan ;
MPRINT(EM_DIAGRAM):   ELSE S_REP_loan = -1.78683141618052 + 0.00009714343259 * REP_loan ;
65604     +   IF MISSING( REP_mortdue ) THEN S_REP_mortdue  = . ;
MPRINT(EM_DIAGRAM):   IF MISSING( REP_mortdue ) THEN S_REP_mortdue = . ;
65605     +   ELSE S_REP_mortdue  =    -1.78622038098681 +     0.00002451193439 *
65606     +        REP_mortdue ;
MPRINT(EM_DIAGRAM):   ELSE S_REP_mortdue = -1.78622038098681 + 0.00002451193439 * REP_mortdue ;
65607     +   IF MISSING( REP_ninq ) THEN S_REP_ninq  = . ;
MPRINT(EM_DIAGRAM):   IF MISSING( REP_ninq ) THEN S_REP_ninq = . ;
65608     +   ELSE S_REP_ninq  =    -0.74860118195179 +     0.67778389006928 * REP_ninq ;
MPRINT(EM_DIAGRAM):   ELSE S_REP_ninq = -0.74860118195179 + 0.67778389006928 * REP_ninq ;
65609     +   IF MISSING( REP_value ) THEN S_REP_value  = . ;
MPRINT(EM_DIAGRAM):   IF MISSING( REP_value ) THEN S_REP_value = . ;
65610     +   ELSE S_REP_value  =    -1.98311022661579 +     0.00001954597062 * REP_value
65611     +         ;
MPRINT(EM_DIAGRAM):   ELSE S_REP_value = -1.98311022661579 + 0.00001954597062 * REP_value ;
65612     +   IF MISSING( REP_yoj ) THEN S_REP_yoj  = . ;
MPRINT(EM_DIAGRAM):   IF MISSING( REP_yoj ) THEN S_REP_yoj = . ;
65613     +   ELSE S_REP_yoj  =    -1.16891375661418 +     0.13208548345713 * REP_yoj ;
MPRINT(EM_DIAGRAM):   ELSE S_REP_yoj = -1.16891375661418 + 0.13208548345713 * REP_yoj ;
65614     +END;
MPRINT(EM_DIAGRAM):   END;
65615     +*** *************************;
MPRINT(EM_DIAGRAM):   *** *************************;
65616     +*** Writing the Node nom ;
MPRINT(EM_DIAGRAM):   *** Writing the Node nom ;
65617     +*** *************************;
MPRINT(EM_DIAGRAM):   *** *************************;
65618     +*** *************************;
MPRINT(EM_DIAGRAM):   *** *************************;
65619     +*** Writing the Node H1 ;
MPRINT(EM_DIAGRAM):   *** Writing the Node H1 ;
65620     +*** *************************;
MPRINT(EM_DIAGRAM):   *** *************************;
65621     +IF _DM_BAD EQ 0 THEN DO;
MPRINT(EM_DIAGRAM):   IF _DM_BAD EQ 0 THEN DO;
65622     +   H11  =     0.37370244339385 * S_REP_clage  +    -0.72326603391775 *
65623     +        S_REP_clno  +    -1.98328521434898 * S_REP_debtinc
65624     +          +    -0.44045107851083 * S_REP_delinq  +    -0.02530242927394 *
65625     +        S_REP_derog  +     0.27625589592266 * S_REP_loan
65626     +          +     0.73022882138825 * S_REP_mortdue  +     0.05359278885665 *
65627     +        S_REP_ninq  +    -0.82873876654809 * S_REP_value
65628     +          +    -0.19300389165533 * S_REP_yoj ;
MPRINT(EM_DIAGRAM):   H11 = 0.37370244339385 * S_REP_clage + -0.72326603391775 * S_REP_clno + 
-1.98328521434898 * S_REP_debtinc + -0.44045107851083 * S_REP_delinq + -0.02530242927394 * 
S_REP_derog + 0.27625589592266 * S_REP_loan + 0.73022882138825 * S_REP_mortdue + 
0.05359278885665 * S_REP_ninq + -0.82873876654809 * S_REP_value + -0.19300389165533 * 
S_REP_yoj ;
65629     +   H12  =    -0.72742475418803 * S_REP_clage  +     1.52318335470205 *
65630     +        S_REP_clno  +     2.31427792976021 * S_REP_debtinc
65631     +          +    -1.67947046306888 * S_REP_delinq  +      0.1424631957191 *
65632     +        S_REP_derog  +    -0.02729503797831 * S_REP_loan
65633     +          +     -2.0420623879531 * S_REP_mortdue  +    -0.78678483380181 *
65634     +        S_REP_ninq  +    -0.53111835275351 * S_REP_value
65635     +          +     0.54269611586006 * S_REP_yoj ;
MPRINT(EM_DIAGRAM):   H12 = -0.72742475418803 * S_REP_clage + 1.52318335470205 * S_REP_clno + 
2.31427792976021 * S_REP_debtinc + -1.67947046306888 * S_REP_delinq + 0.1424631957191 * 
S_REP_derog + -0.02729503797831 * S_REP_loan + -2.0420623879531 * S_REP_mortdue + 
-0.78678483380181 * S_REP_ninq + -0.53111835275351 * S_REP_value + 0.54269611586006 * 
S_REP_yoj ;
65636     +   H13  =    -0.36275918430612 * S_REP_clage  +    -1.00303529518028 *
65637     +        S_REP_clno  +      0.5860047004012 * S_REP_debtinc
65638     +          +     0.48956751946998 * S_REP_delinq  +     1.03382006084598 *
65639     +        S_REP_derog  +    -0.18340003090107 * S_REP_loan
65640     +          +    -0.26125056567554 * S_REP_mortdue  +     0.58685266745239 *
65641     +        S_REP_ninq  +    -0.39557941102681 * S_REP_value
65642     +          +    -0.52312960795784 * S_REP_yoj ;
MPRINT(EM_DIAGRAM):   H13 = -0.36275918430612 * S_REP_clage + -1.00303529518028 * S_REP_clno + 
0.5860047004012 * S_REP_debtinc + 0.48956751946998 * S_REP_delinq + 1.03382006084598 * 
S_REP_derog + -0.18340003090107 * S_REP_loan + -0.26125056567554 * S_REP_mortdue + 
0.58685266745239 * S_REP_ninq + -0.39557941102681 * S_REP_value + -0.52312960795784 * 
S_REP_yoj ;
65643     +   H11  = H11  +    -0.62199212720467 * jobMgr  +     1.73580634348761 *
65644     +        jobOffice  +     0.15978497891849 * jobOther
65645     +          +    -0.07808479496552 * jobProfEx  +     -1.0515285291699 *
65646     +        jobSales  +    -0.33297618953746 * reasonDebtCon ;
MPRINT(EM_DIAGRAM):   H11 = H11 + -0.62199212720467 * jobMgr + 1.73580634348761 * jobOffice + 
0.15978497891849 * jobOther + -0.07808479496552 * jobProfEx + -1.0515285291699 * jobSales + 
-0.33297618953746 * reasonDebtCon ;
65647     +   H12  = H12  +    -0.33708066408613 * jobMgr  +     0.40850157902532 *
65648     +        jobOffice  +     0.61980142255564 * jobOther
65649     +          +     0.76583117261994 * jobProfEx  +    -3.00435069171545 *
65650     +        jobSales  +    -0.42914469414845 * reasonDebtCon ;
MPRINT(EM_DIAGRAM):   H12 = H12 + -0.33708066408613 * jobMgr + 0.40850157902532 * jobOffice + 
0.61980142255564 * jobOther + 0.76583117261994 * jobProfEx + -3.00435069171545 * jobSales + 
-0.42914469414845 * reasonDebtCon ;
65651     +   H13  = H13  +    -0.87783922904262 * jobMgr  +     0.02205395180983 *
65652     +        jobOffice  +     0.54407435489188 * jobOther
65653     +          +    -0.25155638720328 * jobProfEx  +    -0.86137211445728 *
65654     +        jobSales  +     -0.2546936048405 * reasonDebtCon ;
MPRINT(EM_DIAGRAM):   H13 = H13 + -0.87783922904262 * jobMgr + 0.02205395180983 * jobOffice + 
0.54407435489188 * jobOther + -0.25155638720328 * jobProfEx + -0.86137211445728 * jobSales + 
-0.2546936048405 * reasonDebtCon ;
65655     +   H11  =     3.46710281200971 + H11 ;
MPRINT(EM_DIAGRAM):   H11 = 3.46710281200971 + H11 ;
65656     +   H12  =      3.7781405552927 + H12 ;
MPRINT(EM_DIAGRAM):   H12 = 3.7781405552927 + H12 ;
65657     +   H13  =    -0.48735415294329 + H13 ;
MPRINT(EM_DIAGRAM):   H13 = -0.48735415294329 + H13 ;
65658     +   H11  = TANH(H11 );
MPRINT(EM_DIAGRAM):   H11 = TANH(H11 );
65659     +   H12  = TANH(H12 );
MPRINT(EM_DIAGRAM):   H12 = TANH(H12 );
65660     +   H13  = TANH(H13 );
MPRINT(EM_DIAGRAM):   H13 = TANH(H13 );
65661     +END;
MPRINT(EM_DIAGRAM):   END;
65662     +ELSE DO;
MPRINT(EM_DIAGRAM):   ELSE DO;
65663     +   H11  = .;
MPRINT(EM_DIAGRAM):   H11 = .;
65664     +   H12  = .;
MPRINT(EM_DIAGRAM):   H12 = .;
65665     +   H13  = .;
MPRINT(EM_DIAGRAM):   H13 = .;
65666     +END;
MPRINT(EM_DIAGRAM):   END;
65667     +*** *************************;
MPRINT(EM_DIAGRAM):   *** *************************;
65668     +*** Writing the Node bad ;
MPRINT(EM_DIAGRAM):   *** Writing the Node bad ;
65669     +*** *************************;
MPRINT(EM_DIAGRAM):   *** *************************;
65670     +
65671     +*** Generate dummy variables for bad ;
MPRINT(EM_DIAGRAM):   *** Generate dummy variables for bad ;
65672     +drop bad1 bad0 ;
MPRINT(EM_DIAGRAM):   drop bad1 bad0 ;
65673     +label F_bad = 'From: bad' ;
MPRINT(EM_DIAGRAM):   label F_bad = 'From: bad' ;
65674     +length F_bad $ 12;
MPRINT(EM_DIAGRAM):   length F_bad $ 12;
65675     +F_bad = put( bad , BEST12. );
MPRINT(EM_DIAGRAM):   F_bad = put( bad , BEST12. );
65676     +%DMNORMIP( F_bad )
MPRINT(DMNORMIP):   call dmnorm(F_bad,
MPRINT(DMNORLEN):  32
MPRINT(DMNORMIP):  );
65677     +if missing( bad ) then do;
MPRINT(EM_DIAGRAM):   if missing( bad ) then do;
65678     +   bad1 = .;
MPRINT(EM_DIAGRAM):   bad1 = .;
65679     +   bad0 = .;
MPRINT(EM_DIAGRAM):   bad0 = .;
65680     +end;
MPRINT(EM_DIAGRAM):   end;
65681     +else do;
MPRINT(EM_DIAGRAM):   else do;
65682     +   if F_bad = '0'  then do;
MPRINT(EM_DIAGRAM):   if F_bad = '0' then do;
65683     +      bad1 = 0;
MPRINT(EM_DIAGRAM):   bad1 = 0;
65684     +      bad0 = 1;
MPRINT(EM_DIAGRAM):   bad0 = 1;
65685     +   end;
MPRINT(EM_DIAGRAM):   end;
65686     +   else if F_bad = '1'  then do;
MPRINT(EM_DIAGRAM):   else if F_bad = '1' then do;
65687     +      bad1 = 1;
MPRINT(EM_DIAGRAM):   bad1 = 1;
65688     +      bad0 = 0;
MPRINT(EM_DIAGRAM):   bad0 = 0;
65689     +   end;
MPRINT(EM_DIAGRAM):   end;
65690     +   else do;
MPRINT(EM_DIAGRAM):   else do;
65691     +      bad1 = .;
MPRINT(EM_DIAGRAM):   bad1 = .;
65692     +      bad0 = .;
MPRINT(EM_DIAGRAM):   bad0 = .;
65693     +   end;
MPRINT(EM_DIAGRAM):   end;
65694     +end;
MPRINT(EM_DIAGRAM):   end;
65695     +IF _DM_BAD EQ 0 THEN DO;
MPRINT(EM_DIAGRAM):   IF _DM_BAD EQ 0 THEN DO;
65696     +   P_bad1  =    -4.51178269898123 * H11  +    -1.97966705748432 * H12
65697     +          +     2.19539087664339 * H13 ;
MPRINT(EM_DIAGRAM):   P_bad1 = -4.51178269898123 * H11 + -1.97966705748432 * H12 + 
2.19539087664339 * H13 ;
65698     +   P_bad1  =     2.79580860906993 + P_bad1 ;
MPRINT(EM_DIAGRAM):   P_bad1 = 2.79580860906993 + P_bad1 ;
65699     +   P_bad0  = 0;
MPRINT(EM_DIAGRAM):   P_bad0 = 0;
65700     +   _MAX_ = MAX (P_bad1 , P_bad0 );
MPRINT(EM_DIAGRAM):   _MAX_ = MAX (P_bad1 , P_bad0 );
65701     +   _SUM_ = 0.;
MPRINT(EM_DIAGRAM):   _SUM_ = 0.;
65702     +   P_bad1  = EXP(P_bad1  - _MAX_);
MPRINT(EM_DIAGRAM):   P_bad1 = EXP(P_bad1 - _MAX_);
65703     +   _SUM_ = _SUM_ + P_bad1 ;
MPRINT(EM_DIAGRAM):   _SUM_ = _SUM_ + P_bad1 ;
65704     +   P_bad0  = EXP(P_bad0  - _MAX_);
MPRINT(EM_DIAGRAM):   P_bad0 = EXP(P_bad0 - _MAX_);
65705     +   _SUM_ = _SUM_ + P_bad0 ;
MPRINT(EM_DIAGRAM):   _SUM_ = _SUM_ + P_bad0 ;
65706     +   P_bad1  = P_bad1  / _SUM_;
MPRINT(EM_DIAGRAM):   P_bad1 = P_bad1 / _SUM_;
65707     +   P_bad0  = P_bad0  / _SUM_;
MPRINT(EM_DIAGRAM):   P_bad0 = P_bad0 / _SUM_;
65708     +END;
MPRINT(EM_DIAGRAM):   END;
65709     +ELSE DO;
MPRINT(EM_DIAGRAM):   ELSE DO;
65710     +   P_bad1  = .;
MPRINT(EM_DIAGRAM):   P_bad1 = .;
65711     +   P_bad0  = .;
MPRINT(EM_DIAGRAM):   P_bad0 = .;
65712     +END;
MPRINT(EM_DIAGRAM):   END;
65713     +IF _DM_BAD EQ 1 THEN DO;
MPRINT(EM_DIAGRAM):   IF _DM_BAD EQ 1 THEN DO;
65714     +   P_bad1  =     0.08693115519253;
MPRINT(EM_DIAGRAM):   P_bad1 = 0.08693115519253;
65715     +   P_bad0  =     0.91306884480746;
MPRINT(EM_DIAGRAM):   P_bad0 = 0.91306884480746;
65716     +END;
MPRINT(EM_DIAGRAM):   END;
65717     +*** *****************************;
MPRINT(EM_DIAGRAM):   *** *****************************;
65718     +*** Writing the Residuals  of the Node bad ;
MPRINT(EM_DIAGRAM):   *** Writing the Residuals of the Node bad ;
65719     +*** ******************************;
MPRINT(EM_DIAGRAM):   *** ******************************;
65720     +IF MISSING( bad1 ) THEN R_bad1  = . ;
MPRINT(EM_DIAGRAM):   IF MISSING( bad1 ) THEN R_bad1 = . ;
65721     +ELSE R_bad1  = bad1  - P_bad1 ;
MPRINT(EM_DIAGRAM):   ELSE R_bad1 = bad1 - P_bad1 ;
65722     +IF MISSING( bad0 ) THEN R_bad0  = . ;
MPRINT(EM_DIAGRAM):   IF MISSING( bad0 ) THEN R_bad0 = . ;
65723     +ELSE R_bad0  = bad0  - P_bad0 ;
MPRINT(EM_DIAGRAM):   ELSE R_bad0 = bad0 - P_bad0 ;
65724     +*** *************************;
MPRINT(EM_DIAGRAM):   *** *************************;
65725     +*** Writing the I_bad  AND U_bad ;
MPRINT(EM_DIAGRAM):   *** Writing the I_bad AND U_bad ;
65726     +*** *************************;
MPRINT(EM_DIAGRAM):   *** *************************;
65727     +_MAXP_ = P_bad1 ;
MPRINT(EM_DIAGRAM):   _MAXP_ = P_bad1 ;
65728     +I_bad  = "1           " ;
MPRINT(EM_DIAGRAM):   I_bad = "1           " ;
65729     +U_bad  =                    1;
MPRINT(EM_DIAGRAM):   U_bad = 1;
65730     +IF( _MAXP_ LT P_bad0  ) THEN DO;
MPRINT(EM_DIAGRAM):   IF( _MAXP_ LT P_bad0 ) THEN DO;
65731     +   _MAXP_ = P_bad0 ;
MPRINT(EM_DIAGRAM):   _MAXP_ = P_bad0 ;
65732     +   I_bad  = "0           " ;
MPRINT(EM_DIAGRAM):   I_bad = "0           " ;
65733     +   U_bad  =                    0;
MPRINT(EM_DIAGRAM):   U_bad = 0;
65734     +END;
MPRINT(EM_DIAGRAM):   END;
65735     +********************************;
MPRINT(EM_DIAGRAM):   ********************************;
65736     +*** End Scoring Code for Neural;
MPRINT(EM_DIAGRAM):   *** End Scoring Code for Neural;
65737     +********************************;
MPRINT(EM_DIAGRAM):   ********************************;
65738     +drop
65739     +H11
65740     +H12
65741     +H13
65742     +;
MPRINT(EM_DIAGRAM):   drop H11 H12 H13 ;
65743     +drop S_:;
MPRINT(EM_DIAGRAM):   drop S_:;
NOTE: %INCLUDE (level 1) ending.
MPRINT(EM_DIAGRAM):   run;
65744      run;

NOTE: DATA STEP view saved on file EMWS1.NEURAL5_VALIDATE.
NOTE: A stored DATA STEP view cannot run under a different operating system.
NOTE: View EMWS1.REPL_VALIDATE.VIEW used (Total process time):
      real time           0.09 seconds
      cpu time            0.07 seconds
      
NOTE: DATA statement used (Total process time):
      real time           0.09 seconds
      cpu time            0.07 seconds
      

MPRINT(EM_DIAGRAM):   quit;
65745      quit;
65746      filename emflow;
MPRINT(EM_DIAGRAM):   filename emflow;
NOTE: Fileref EMFLOW has been deassigned.
65747      *------------------------------------------------------------*;
MPRINT(EM_DIAGRAM):    *------------------------------------------------------------*;
65748      * Neural5: Computing metadata for TRAIN data;
MPRINT(EM_DIAGRAM):   * Neural5: Computing metadata for TRAIN data;
65749      *------------------------------------------------------------*;
MPRINT(EM_DIAGRAM):   *------------------------------------------------------------*;

NOTE: View EMWS1.NEURAL5_TRAIN.VIEW used (Total process time):
      real time           0.09 seconds
      cpu time            0.09 seconds
      
MPRINT(EM_DIAGRAM):    *------------------------------------------------------------*;
MPRINT(EM_DIAGRAM):   * &nodeid: Computing Metadata for TRAIN data;
MPRINT(EM_DIAGRAM):   *------------------------------------------------------------*;
MPRINT(EM_DIAGRAM):   filename _delta 
"C:\Users\bteric01\Documents\Tutorials_Projects\Project_3\Workspaces\EMWS1\Neural5\CDELTA_TRAIN
.sas";
MPRINT(EMADVISECOLUMNS):   proc display c=sashelp.emmeta.advisecolumns.scl;
MPRINT(EMADVISECOLUMNS):   run;
MPRINT(EMADVISECOLUMNS):    options validvarname=any;
MPRINT(EMADVISECOLUMNS):   proc contents data=EMWS1.Neural5_TRAIN out=_tempAdvisor noprint;
MPRINT(EMADVISECOLUMNS):   run;
MPRINT(EMADVISECOLUMNS):   options validvarname=V7;
MPRINT(EMADVISECOLUMNS):    data _null_;
MPRINT(EMADVISECOLUMNS):   dsid = open('EMWS1.Neural5_TRAIN');
MPRINT(EMADVISECOLUMNS):   call symput('_dsidTable', strip(put(dsid, best.)));
MPRINT(EMADVISECOLUMNS):   if dsid then do;
MPRINT(EMADVISECOLUMNS):   call symput('_engineTable', attrc(dsid, 'ENGINE'));
MPRINT(EMADVISECOLUMNS):   dsid = close(dsid);
MPRINT(EMADVISECOLUMNS):   end;
MPRINT(EMADVISECOLUMNS):   run;
MPRINT(EMADVISECOLUMNS):    proc contents data=EMWS1.Neural5_TRAIN out=WORK.M1_VAAPD noprint;
MPRINT(EMADVISECOLUMNS):   run;
MPRINT(EMADVISECOLUMNS):    data WORK.M1_VAAPD;
MPRINT(EMADVISECOLUMNS):   length NAME $ 64 TYPE $ 1 LABEL $ 200 FORMAT $ 36 INFORMAT $36 
INDEX $ 1 INDEXTYPE $ 9;
MPRINT(EMADVISECOLUMNS):   label NAME =;
MPRINT(EMADVISECOLUMNS):   set WORK.M1_VAAPD(keep=name type length label format formatl 
formatd informat informl informd idxusage rename=(type=itype));
MPRINT(EMADVISECOLUMNS):   if itype = 1 then type = 'N';
MPRINT(EMADVISECOLUMNS):   else type = 'C';
MPRINT(EMADVISECOLUMNS):   if formatl > 0 then do;
MPRINT(EMADVISECOLUMNS):   if format ne ' ' then format = strip(format)!!strip(put(formatl, 
best12.))!!'.'!!strip(put(formatd, best12.));
MPRINT(EMADVISECOLUMNS):   else format = strip(put(formatl, best12.))!!'.'!!strip(put(formatd, 
best12.));
MPRINT(EMADVISECOLUMNS):   end;
MPRINT(EMADVISECOLUMNS):   else if format ne '' then format = strip(format)!!'.';
MPRINT(EMADVISECOLUMNS):   if informl > 0 then do;
MPRINT(EMADVISECOLUMNS):   if informat ne ' ' then informat = 
strip(informat)!!strip(put(informl, best12.))!!'.'!!strip(put(informd, best12.));
MPRINT(EMADVISECOLUMNS):   else informat = strip(put(informl, 
best12.))!!'.'!!strip(put(informd, best12.));
MPRINT(EMADVISECOLUMNS):   end;
MPRINT(EMADVISECOLUMNS):   else if informat ne '' then informat = strip(informat)!!'.';
MPRINT(EMADVISECOLUMNS):   if idxusage = 'NONE' then index ="N";
MPRINT(EMADVISECOLUMNS):   else index = "Y";
MPRINT(EMADVISECOLUMNS):   indextype = idxusage;
MPRINT(EMADVISECOLUMNS):   drop idxusage itype formatl formatd informl informd;
MPRINT(EMADVISECOLUMNS):   run;
MPRINT(EMADVISECOLUMNS):    data WORK.M1_VAAPD;
MPRINT(EMADVISECOLUMNS):   length UNAME $64;
MPRINT(EMADVISECOLUMNS):   set WORK.M1_VAAPD;
MPRINT(EMADVISECOLUMNS):   UNAME = upcase(NAME);
MPRINT(EMADVISECOLUMNS):   run;
MPRINT(EMADVISECOLUMNS):    proc sort data=WORK.M1CWRT5C NOTHREADS;
MPRINT(EMADVISECOLUMNS):   by UNAME;
MPRINT(EMADVISECOLUMNS):   run;
MPRINT(EMADVISECOLUMNS):    data WORK.M1CWRT5C;
MPRINT(EMADVISECOLUMNS):   drop UNAME;
MPRINT(EMADVISECOLUMNS):   set WORK.M1CWRT5C;
MPRINT(EMADVISECOLUMNS):   run;
MPRINT(EMADVISECOLUMNS):    data WORK.M2SASANG(keep=NAME ATTR);
MPRINT(EMADVISECOLUMNS):   length ATTR $ 20;
MPRINT(EMADVISECOLUMNS):   set WORK.M1CWRT5C;
MPRINT(EMADVISECOLUMNS):   if level ne "INTERVAL" then do;
MPRINT(EMADVISECOLUMNS):   if order = ' ' then do;
MPRINT(EMADVISECOLUMNS):   attr = 'ORDER';
MPRINT(EMADVISECOLUMNS):   output;
MPRINT(EMADVISECOLUMNS):   end;
MPRINT(EMADVISECOLUMNS):   end;
MPRINT(EMADVISECOLUMNS):   if format ne ' ' and formattype = ' ' then do;
MPRINT(EMADVISECOLUMNS):   attr = 'FORMATTYPE';
MPRINT(EMADVISECOLUMNS):   output;
MPRINT(EMADVISECOLUMNS):   end;
MPRINT(EMADVISECOLUMNS):   if role = ' ' then do;
MPRINT(EMADVISECOLUMNS):   attr = 'ROLE';
MPRINT(EMADVISECOLUMNS):   output;
MPRINT(EMADVISECOLUMNS):   end;
MPRINT(EMADVISECOLUMNS):   if level = ' ' then do;
MPRINT(EMADVISECOLUMNS):   attr = 'LEVEL';
MPRINT(EMADVISECOLUMNS):   output;
MPRINT(EMADVISECOLUMNS):   end;
MPRINT(EMADVISECOLUMNS):   if type = ' ' then do;
MPRINT(EMADVISECOLUMNS):   attr = 'TYPE';
MPRINT(EMADVISECOLUMNS):   output;
MPRINT(EMADVISECOLUMNS):   end;
MPRINT(EMADVISECOLUMNS):   if index = ' ' then do;
MPRINT(EMADVISECOLUMNS):   attr = 'INDEX';
MPRINT(EMADVISECOLUMNS):   output;
MPRINT(EMADVISECOLUMNS):   end;
MPRINT(EMADVISECOLUMNS):   if report = ' ' then do;
MPRINT(EMADVISECOLUMNS):   attr = 'REPORT';
MPRINT(EMADVISECOLUMNS):   output;
MPRINT(EMADVISECOLUMNS):   end;
MPRINT(EMADVISECOLUMNS):   run;
MPRINT(EMADVISECOLUMNS):   proc sort NOTHREADS;
MPRINT(EMADVISECOLUMNS):   by attr;
MPRINT(EMADVISECOLUMNS):   run;
MPRINT(EMADVISECOLUMNS):    data WORK.M1CWRT5C;
MPRINT(EMADVISECOLUMNS):   length NAME $64 ROLE $ 32 LEVEL $ 10 ORDER $ 8 CREATOR $32 
FORMATTYPE $ 10 FAMILY $ 10 LOWERLIMIT 8 UPPERLIMIT 8 REPORT $1 DISTRIBUTION $ 20 COMMENT $64;
MPRINT(EMADVISECOLUMNS):   length levelAssigned 8 roleAssigned 8 PRICE 8;
MPRINT(EMADVISECOLUMNS):   set WORK.M1CWRT5C;
MPRINT(EMADVISECOLUMNS):   if formattype = ' ' then do;
MPRINT(EMADVISECOLUMNS):   if format ne ' ' then do;
MPRINT(EMADVISECOLUMNS):   if type = 'N' then do;
MPRINT(EMADVISECOLUMNS):   pos = indexc(format,'.1234567890');
MPRINT(EMADVISECOLUMNS):   if pos > 1 then tempfmt = substr(format,1, pos-1);
MPRINT(EMADVISECOLUMNS):   else tempfmt = ' ';
MPRINT(EMADVISECOLUMNS):   flen = length(tempfmt);
MPRINT(EMADVISECOLUMNS):   select;
MPRINT(EMADVISECOLUMNS):   when(tempfmt in ("DATE" "DAY" "DDMMYY" "DOWNAME" "JULDAY" "JULIAN" 
"MMDDYY" "MMDDYYD" "MMDDYYC" "MMDDYYN" "MMDDYYP" "MMDDYYS" "MONNAME" "MONTH" "MONYY" "NENGO" 
"QTR" "QTRR" "WEEKDATE" "WEEKDATX" "WEEKDAY" "WORDDATE" "WORDDATX" "YEAR" "YYMMDD" "YYMON" 
"YYMMDDC" "YYMMDDD" "YYMMDDN" "YYMMDDP" "YYMMDDS" "EURDFDE" "NJDATE" "NLDATE" "EURDFDD" 
"EURDFDWN" "EURDFMN" "EURDFMY" "EURDFWK" "EURDFWKX" "EURDFWDX" "EURDFDN" "EURDFDE" )) 
formattype = 'DATE';
MPRINT(EMADVISECOLUMNS):   when(tempfmt in ("DATETIME" "EURDFDT" "TOD" )) formattype = 
"DATETIME";
MPRINT(EMADVISECOLUMNS):   when(tempfmt in ("HHMM" "HOUR" "MMSS" "TIME" "TIMEAMPM" )) 
formattype = "TIME";
MPRINT(EMADVISECOLUMNS):   when(tempfmt in ("COMMA" "COMMAX" "DOLLAR" "DOLLARX" "E" "FRACT" 
"NEGPAREN" "PERCENT")) formattype="QUANTITY";
MPRINT(EMADVISECOLUMNS):   when(tempfmt in ("BINARY" "HEX" "IB" "OCTAL" "PD" "PIB" "PK" "RB" 
"SSN" "Z" "ZD")) formattype = "CODING";
MPRINT(EMADVISECOLUMNS):   otherwise do;
MPRINT(EMADVISECOLUMNS):   formattype = "USER";
MPRINT(EMADVISECOLUMNS):   if substr(tempfmt, 1, 6)='NLDATE' then formattype = "DATE";
MPRINT(EMADVISECOLUMNS):   else if substr(tempfmt, 1, 6)='NLDATM' then formattype = "DATETIME";
MPRINT(EMADVISECOLUMNS):   else if substr(tempfmt, 1, 4)='NLTIM' then formattype = "TIME";
MPRINT(EMADVISECOLUMNS):   else if flen >= 4 then do;
MPRINT(EMADVISECOLUMNS):   str = substr(tempfmt,1,4);
MPRINT(EMADVISECOLUMNS):   if str in ("MMYY" "YYMM" "YYQR") then formattype ="DATE";
MPRINT(EMADVISECOLUMNS):   else if str = "S370" then formattype = "CODING";
MPRINT(EMADVISECOLUMNS):   else if str = "BEST" then formattype = "NUM";
MPRINT(EMADVISECOLUMNS):   drop str;
MPRINT(EMADVISECOLUMNS):   end;
MPRINT(EMADVISECOLUMNS):   else if flen >=3 and substr(tempfmt,1,3) = "YYQ" then formatType = 
"DATE";
MPRINT(EMADVISECOLUMNS):   end;
MPRINT(EMADVISECOLUMNS):   end;
MPRINT(EMADVISECOLUMNS):   drop flen tempfmt pos;
MPRINT(EMADVISECOLUMNS):   end;
MPRINT(EMADVISECOLUMNS):   else do;
MPRINT(EMADVISECOLUMNS):   formatType = "CATEGORY";
MPRINT(EMADVISECOLUMNS):   end;
MPRINT(EMADVISECOLUMNS):   end;
MPRINT(EMADVISECOLUMNS):   if formatType = "NUM" then do;
MPRINT(EMADVISECOLUMNS):   if index = "Y" then formatType = "DISCRETE";
MPRINT(EMADVISECOLUMNS):   else formatType = "QUANTITY";
MPRINT(EMADVISECOLUMNS):   end;
MPRINT(EMADVISECOLUMNS):   end;
MPRINT(EMADVISECOLUMNS):   if level = ' ' then do;
MPRINT(EMADVISECOLUMNS):   if formatType in ("CATEGORY", "CODING", "ID") or type = "C" then 
level = "NOMINAL";
MPRINT(EMADVISECOLUMNS):   else level = "INTERVAL";
MPRINT(EMADVISECOLUMNS):   levelAssigned = 1;
MPRINT(EMADVISECOLUMNS):   end;
MPRINT(EMADVISECOLUMNS):   else level = upcase(level);
MPRINT(EMADVISECOLUMNS):   if role = ' ' then do;
MPRINT(EMADVISECOLUMNS):   length name_prefix $8 _uname $64;
MPRINT(EMADVISECOLUMNS):   drop name_prefix _uname _freqflag;
MPRINT(EMADVISECOLUMNS):   retain _freqflag;
MPRINT(EMADVISECOLUMNS):   if LENGTH> 80 then ROLE = 'TEXT';
MPRINT(EMADVISECOLUMNS):   _uname = upcase(NAME);
MPRINT(EMADVISECOLUMNS):   select(_uname);
MPRINT(EMADVISECOLUMNS):   when('_WARN_') ROLE = 'ASSESS';
MPRINT(EMADVISECOLUMNS):   when('EM_SEGMENT') do;
MPRINT(EMADVISECOLUMNS):   ROLE = 'SEGMENT';
MPRINT(EMADVISECOLUMNS):   LEVEL = 'NOMINAL';
MPRINT(EMADVISECOLUMNS):   end;
MPRINT(EMADVISECOLUMNS):   when('_NODE_') do;
MPRINT(EMADVISECOLUMNS):   ROLE = 'SEGMENT';
MPRINT(EMADVISECOLUMNS):   LEVEL = 'NOMINAL';
MPRINT(EMADVISECOLUMNS):   end;
MPRINT(EMADVISECOLUMNS):   when('EM_CLASSTARGET') ROLE = 'ASSESS';
MPRINT(EMADVISECOLUMNS):   when('EM_VALUETARGET') ROLE = 'ASSESS';
MPRINT(EMADVISECOLUMNS):   when('EM_PREDICTION') ROLE = 'PREDICT';
MPRINT(EMADVISECOLUMNS):   when('EM_PROBABILITY') ROLE = 'PREDICT';
MPRINT(EMADVISECOLUMNS):   when('EM_EVENTPROBABILITY') ROLE = 'PREDICT';
MPRINT(EMADVISECOLUMNS):   when('EM_CLASSIFICATION') ROLE = 'CLASSIFICATION';
MPRINT(EMADVISECOLUMNS):   when('EM_DECISION') ROLE = 'DECISION';
MPRINT(EMADVISECOLUMNS):   when('EM_PROFIT') ROLE = 'ASSESS';
MPRINT(EMADVISECOLUMNS):   when('EM_LOSS') ROLE = 'ASSESS';
MPRINT(EMADVISECOLUMNS):   when('EM_ROI') ROLE = 'ASSESS';
MPRINT(EMADVISECOLUMNS):   when('URI') ROLE = 'URL';
MPRINT(EMADVISECOLUMNS):   when('FILTERED') ROLE = 'TEXTLOC';
MPRINT(EMADVISECOLUMNS):   otherwise do;
MPRINT(EMADVISECOLUMNS):   if upcase(NAME) =: 'ZIP' then do;
MPRINT(EMADVISECOLUMNS):   ROLE = 'REJECTED';
MPRINT(EMADVISECOLUMNS):   LEVEL = 'NOMINAL';
MPRINT(EMADVISECOLUMNS):   COMMENT = 'Rejected by: Exceed the maximum class level of %s';
MPRINT(EMADVISECOLUMNS):   end;
MPRINT(EMADVISECOLUMNS):   else if upcase(NAME) in('FREQ', 'FREQUENCY') then do;
MPRINT(EMADVISECOLUMNS):   ROLE = 'FREQ';
MPRINT(EMADVISECOLUMNS):   if TYPE = 'C' then ROLE = 'INPUT';
MPRINT(EMADVISECOLUMNS):   else if _freqflag =1 then ROLE='REJECTED';
MPRINT(EMADVISECOLUMNS):   end;
MPRINT(EMADVISECOLUMNS):   else do;
MPRINT(EMADVISECOLUMNS):   name_prefix = scan(_uname, 1, '_');
MPRINT(EMADVISECOLUMNS):   if scan(_uname, 2, '_') = '' then name_prefix='';
MPRINT(EMADVISECOLUMNS):   if name_prefix in('F', 'I', 'U') then do;
MPRINT(EMADVISECOLUMNS):   ROLE = 'CLASSIFICATION';
MPRINT(EMADVISECOLUMNS):   LEVEL = 'NOMINAL';
MPRINT(EMADVISECOLUMNS):   end;
MPRINT(EMADVISECOLUMNS):   else if name_prefix in('P', 'V') then ROLE = 'PREDICT';
MPRINT(EMADVISECOLUMNS):   else if name_prefix in('R', 'RS', 'RT', 'RD', 'RDS', 'RDT', 'RA', 
'RAS', 'RAT') then ROLE = 'RESIDUAL';
MPRINT(EMADVISECOLUMNS):   else if name_prefix ='D' then do;
MPRINT(EMADVISECOLUMNS):   ROLE = 'DECISION';
MPRINT(EMADVISECOLUMNS):   LEVEL = 'NOMINAL';
MPRINT(EMADVISECOLUMNS):   end;
MPRINT(EMADVISECOLUMNS):   else if name_prefix ='B' then do;
MPRINT(EMADVISECOLUMNS):   ROLE = 'SEGMENT';
MPRINT(EMADVISECOLUMNS):   LEVEL = 'NOMINAL';
MPRINT(EMADVISECOLUMNS):   end;
MPRINT(EMADVISECOLUMNS):   else if name_prefix in('EP', 'BP', 'CP', 'EL', 'CL', 'BL', 'W', 
'ROI', 'IC') then ROLE = 'ASSESS';
MPRINT(EMADVISECOLUMNS):   else do;
MPRINT(EMADVISECOLUMNS):   array _ROLE_ (19) $32 _TEMPORARY_ 
('ASSESS','CLASSIFICATION','CENSOR', 'COST', 'CROSSID', 'DECISION', 'ID','INPUT', 'LABEL', 
'MISSING','PREDICT','REFERRER','REJECTED', 'RESIDUAL','SEGMENT', 'SEQUENCE','TARGET', 'TEXT', 
'TIMEID');
MPRINT(EMADVISECOLUMNS):   drop _found_ i;
MPRINT(EMADVISECOLUMNS):   _found_=0;
MPRINT(EMADVISECOLUMNS):   do i=1 to 19 until(_found_=1);
MPRINT(EMADVISECOLUMNS):   if index(_uname, trim(_ROLE_{i}))=1 then do;
MPRINT(EMADVISECOLUMNS):   ROLE=_ROLE_{i};
MPRINT(EMADVISECOLUMNS):   if ROLE = 'ID' then LEVEL = 'NOMINAL';
MPRINT(EMADVISECOLUMNS):   else if ROLE = 'SEGMENT' then LEVEL = 'NOMINAL';
MPRINT(EMADVISECOLUMNS):   else if ROLE = 'TIMEID' and TYPE='N' then LEVEL = 'INTERVAL';
MPRINT(EMADVISECOLUMNS):   _found_=1;
MPRINT(EMADVISECOLUMNS):   end;
MPRINT(EMADVISECOLUMNS):   end;
MPRINT(EMADVISECOLUMNS):   if length(_uname)>2 then do;
MPRINT(EMADVISECOLUMNS):   if substr(reverse(trim(_uname)), 1, 3) = 'DI_' then do;
MPRINT(EMADVISECOLUMNS):   ROLE = 'ID';
MPRINT(EMADVISECOLUMNS):   LEVEL = 'NOMINAL';
MPRINT(EMADVISECOLUMNS):   end;
MPRINT(EMADVISECOLUMNS):   end;
MPRINT(EMADVISECOLUMNS):   end;
MPRINT(EMADVISECOLUMNS):   end;
MPRINT(EMADVISECOLUMNS):   end;
MPRINT(EMADVISECOLUMNS):   end;
MPRINT(EMADVISECOLUMNS):   if ROLE='FREQ' then _freqflag=1;
MPRINT(EMADVISECOLUMNS):   else if ROLE = 'CLASSIFICATION' then LEVEL = 'NOMINAL';
MPRINT(EMADVISECOLUMNS):   if symexist('RATEMKG_ROLE') then do;
MPRINT(EMADVISECOLUMNS):   if upcase(symget('RATEMKG_ROLE')) in('Y', 'YES') then do;
MPRINT(EMADVISECOLUMNS):   if _uname =: 'POLICY' then ROLE = 'POLICYID';
MPRINT(EMADVISECOLUMNS):   else if _uname in ('PARTITION', '_PARTIND_') then ROLE = 
'PARTITION';
MPRINT(EMADVISECOLUMNS):   else if type = 'N' then do;
MPRINT(EMADVISECOLUMNS):   if _uname = 'EXPOSURE' then ROLE = 'EXPOSURE';
MPRINT(EMADVISECOLUMNS):   else if _uname = 'YEAR' then ROLE = 'YEAR';
MPRINT(EMADVISECOLUMNS):   else if _uname = 'WEIGHT' then ROLE = 'WEIGHT';
MPRINT(EMADVISECOLUMNS):   else if _uname = 'OFFSET' then ROLE = 'OFFSET';
MPRINT(EMADVISECOLUMNS):   end;
MPRINT(EMADVISECOLUMNS):   end;
MPRINT(EMADVISECOLUMNS):   end;
MPRINT(EMADVISECOLUMNS):   end;
MPRINT(EMADVISECOLUMNS):   if role = ' ' then do;
MPRINT(EMADVISECOLUMNS):   if formattype in('DATE', 'DATETIME', 'TIME') then role = 'TIMEID';
MPRINT(EMADVISECOLUMNS):   else role = 'INPUT';
MPRINT(EMADVISECOLUMNS):   roleAssigned = 1;
MPRINT(EMADVISECOLUMNS):   end;
MPRINT(EMADVISECOLUMNS):   else role = upcase(role);
MPRINT(EMADVISECOLUMNS):   if REPORT = '' then REPORT = 'N';
MPRINT(EMADVISECOLUMNS):   run;
MPRINT(EMADVISECOLUMNS):    data WORK.M1CWRT5C;
MPRINT(EMADVISECOLUMNS):   set WORK.M1CWRT5C;
MPRINT(EMADVISECOLUMNS):   label NAME = "Variable Name" TYPE = "Type" ROLE = "Role" LEVEL= 
"Measurement Level" ORDER= "Order" CREATOR= "Creator" FORMATTYPE= "Format Type" FAMILY= 
"Family" DISTRIBUTION= "Distribution" PRICE= "Price" LOWERLIMIT= "Lower limit" UPPERLIMIT= 
"Upper Limit" REPORT= "Report" COMMENT= "Comment" INDEX= "Index" INDEXTYPE= "IndexType" LABEL= 
"Label" LENGTH= "Length";
MPRINT(EMADVISECOLUMNS):   drop levelAssigned roleAssigned;
MPRINT(EMADVISECOLUMNS):   run;
MPRINT(EMADVISECOLUMNS):   
MPRINT(EM_DIAGRAM):  ;
MPRINT(EM_DIAGRAM):   proc sort data=WORK.COLUMNMETA;
MPRINT(EM_DIAGRAM):   by NAME;
MPRINT(EM_DIAGRAM):   run;
MPRINT(EM_DIAGRAM):   *------------------------------------------------------------*;
MPRINT(EM_DIAGRAM):   * &nodeid: Merge incoming metadata;
MPRINT(EM_DIAGRAM):   *------------------------------------------------------------*;
MPRINT(EM_DIAGRAM):   proc contents data=EMWS1.Repl_TRAIN noprint out=_temp2(keep=NAME);
MPRINT(EM_DIAGRAM):   run;
MPRINT(EM_DIAGRAM):   proc sort data=_temp2;
MPRINT(EM_DIAGRAM):   by NAME;
MPRINT(EM_DIAGRAM):   run;
MPRINT(EM_DIAGRAM):   proc sort data=EMWS1.Repl_CMeta_TRAIN out=_temp;
MPRINT(EM_DIAGRAM):   by NAME;
MPRINT(EM_DIAGRAM):   run;
MPRINT(EM_DIAGRAM):   data EMWS1.Neural5_CMeta_TRAIN;
MPRINT(EM_DIAGRAM):   merge WORK.COLUMNMETA(in=_a) _temp2(in=_b) _temp(drop=FORMAT INFORMAT 
LENGTH INDEX INDEXTYPE in=_c) end=_eof_;
MPRINT(EM_DIAGRAM):   by NAME;
MPRINT(EM_DIAGRAM):   if (^_a and _b) or (^_c and _a and _b) then delete;
MPRINT(EM_DIAGRAM):   if ^_b then CREATOR = "Neural5";
MPRINT(EM_DIAGRAM):   length model $200;
MPRINT(EM_DIAGRAM):   label MODEL = "Model Node";
MPRINT(EM_DIAGRAM):   select(upcase(name));
MPRINT(EM_DIAGRAM):   when("P_BAD1") creator = "Neural5";
MPRINT(EM_DIAGRAM):   when("R_BAD1") creator = "Neural5";
MPRINT(EM_DIAGRAM):   when("P_BAD0") creator = "Neural5";
MPRINT(EM_DIAGRAM):   when("R_BAD0") creator = "Neural5";
MPRINT(EM_DIAGRAM):   when("F_BAD") creator = "Neural5";
MPRINT(EM_DIAGRAM):   when("I_BAD") creator = "Neural5";
MPRINT(EM_DIAGRAM):   when("U_BAD") creator = "Neural5";
MPRINT(EM_DIAGRAM):   when("_WARN_") creator = "Neural5";
MPRINT(EM_DIAGRAM):   when("BAD") model = "Neural5";
MPRINT(EM_DIAGRAM):   when('');
MPRINT(EM_DIAGRAM):   otherwise;
MPRINT(EM_DIAGRAM):   end;
MPRINT(EM_DIAGRAM):   *------------------------------------------------------------*;
MPRINT(EM_DIAGRAM):   * Neural5: Apply Delta Code;
MPRINT(EM_DIAGRAM):   *------------------------------------------------------------*;
MPRINT(EM_DIAGRAM):   run;
MPRINT(EM_DIAGRAM):   filename _delta;
66084      data WORK.MODELTEMP_INFO;
MPRINT(EM_DIAGRAM):    data WORK.MODELTEMP_INFO;
66085      set EMWS1.Neural5_EMINFO;
MPRINT(EM_DIAGRAM):   set EMWS1.Neural5_EMINFO;
66086      where DATA='Neural5' and KEY ^in('DECDATA', 'DECMETA', 'IMPORTANCE', 'MODEL');
MPRINT(EM_DIAGRAM):   where DATA='Neural5' and KEY ^in('DECDATA', 'DECMETA', 'IMPORTANCE', 
'MODEL');
66087      run;
MPRINT(EM_DIAGRAM):   run;

NOTE: There were 0 observations read from the data set EMWS1.NEURAL5_EMINFO.
      WHERE (DATA='Neural5') and KEY not in ('DECDATA', 'DECMETA', 'IMPORTANCE', 'MODEL');
NOTE: The data set WORK.MODELTEMP_INFO has 0 observations and 3 variables.
NOTE: DATA statement used (Total process time):
      real time           0.00 seconds
      cpu time            0.00 seconds
      

66088      data EMWS1.Neural5_EMINFO;
MPRINT(EM_DIAGRAM):    data EMWS1.Neural5_EMINFO;
66089      length TARGET KEY $32 DATA $43;
MPRINT(EM_DIAGRAM):   length TARGET KEY $32 DATA $43;
66090      input TARGET KEY DATA $;
MPRINT(EM_DIAGRAM):   input TARGET KEY DATA $;
66091      cards;
MPRINT(EM_DIAGRAM):   cards;

NOTE: The data set EMWS1.NEURAL5_EMINFO has 3 observations and 3 variables.
NOTE: DATA statement used (Total process time):
      real time           0.01 seconds
      cpu time            0.01 seconds
      

MPRINT(EM_DIAGRAM):   run;
66095      run;
66096      data EMWS1.Neural5_EMINFO;
MPRINT(EM_DIAGRAM):   data EMWS1.Neural5_EMINFO;
66097      set EMWS1.Neural5_EMINFO WORK.MODELTEMP_INFO;
MPRINT(EM_DIAGRAM):   set EMWS1.Neural5_EMINFO WORK.MODELTEMP_INFO;
66098      run;
MPRINT(EM_DIAGRAM):   run;

NOTE: There were 3 observations read from the data set EMWS1.NEURAL5_EMINFO.
NOTE: There were 0 observations read from the data set WORK.MODELTEMP_INFO.
NOTE: The data set EMWS1.NEURAL5_EMINFO has 3 observations and 3 variables.
NOTE: DATA statement used (Total process time):
      real time           0.03 seconds
      cpu time            0.01 seconds
      

66099      proc sort data = EMWS1.Neural5_EMINFO NOTHREADS;
MPRINT(EM_DIAGRAM):    proc sort data = EMWS1.Neural5_EMINFO NOTHREADS;
66100      by TARGET KEY;
MPRINT(EM_DIAGRAM):   by TARGET KEY;
66101      run;
MPRINT(EM_DIAGRAM):   run;

NOTE: There were 3 observations read from the data set EMWS1.NEURAL5_EMINFO.
NOTE: The data set EMWS1.NEURAL5_EMINFO has 3 observations and 3 variables.
NOTE: PROCEDURE SORT used (Total process time):
      real time           0.01 seconds
      cpu time            0.01 seconds
      

66102      proc sort data = EMWS1.Ids_EMINFO OUT=WORK.SORTEDEMINFO NOTHREADS;
MPRINT(EM_DIAGRAM):    proc sort data = EMWS1.Ids_EMINFO OUT=WORK.SORTEDEMINFO NOTHREADS;
66103      by TARGET KEY;
MPRINT(EM_DIAGRAM):   by TARGET KEY;
66104      run;
MPRINT(EM_DIAGRAM):   run;

NOTE: There were 1 observations read from the data set EMWS1.IDS_EMINFO.
NOTE: The data set WORK.SORTEDEMINFO has 1 observations and 3 variables.
NOTE: PROCEDURE SORT used (Total process time):
      real time           0.01 seconds
      cpu time            0.01 seconds
      

66105      proc sort data = EMWS1.Neural5_EMINFO OUT=WORK.TEMP_INFO NOTHREADS;
MPRINT(EM_DIAGRAM):   proc sort data = EMWS1.Neural5_EMINFO OUT=WORK.TEMP_INFO NOTHREADS;
66106      by TARGET KEY;
MPRINT(EM_DIAGRAM):   by TARGET KEY;
66107      run;
MPRINT(EM_DIAGRAM):   run;

NOTE: Input data set is already sorted; it has been copied to the output data set.
NOTE: There were 3 observations read from the data set EMWS1.NEURAL5_EMINFO.
NOTE: The data set WORK.TEMP_INFO has 3 observations and 3 variables.
NOTE: PROCEDURE SORT used (Total process time):
      real time           0.01 seconds
      cpu time            0.01 seconds
      

66108      data EMWS1.Neural5_EMINFO;
MPRINT(EM_DIAGRAM):   data EMWS1.Neural5_EMINFO;
66109      merge WORK.SORTEDEMINFO WORK.TEMP_INFO;
MPRINT(EM_DIAGRAM):   merge WORK.SORTEDEMINFO WORK.TEMP_INFO;
66110      by TARGET KEY;
MPRINT(EM_DIAGRAM):   by TARGET KEY;
66111      run;
MPRINT(EM_DIAGRAM):   run;

NOTE: There were 1 observations read from the data set WORK.SORTEDEMINFO.
NOTE: There were 3 observations read from the data set WORK.TEMP_INFO.
NOTE: The data set EMWS1.NEURAL5_EMINFO has 4 observations and 3 variables.
NOTE: DATA statement used (Total process time):
      real time           0.01 seconds
      cpu time            0.01 seconds
      

66112      proc datasets lib=work nolist;
MPRINT(EM_DIAGRAM):   proc datasets lib=work nolist;
66113      delete TEMP_INFO SORTEDEMINFO;
MPRINT(EM_DIAGRAM):   delete TEMP_INFO SORTEDEMINFO;
66114      run;
MPRINT(EM_DIAGRAM):   run;

NOTE: Deleting WORK.TEMP_INFO (memtype=DATA).
NOTE: Deleting WORK.SORTEDEMINFO (memtype=DATA).
66115      quit;
MPRINT(EM_DIAGRAM):   quit;

NOTE: PROCEDURE DATASETS used (Total process time):
      real time           0.03 seconds
      cpu time            0.03 seconds
      

NOTE: View EMWS1.NEURAL5_TRAIN.VIEW used (Total process time):
      real time           0.07 seconds
      cpu time            0.07 seconds
      
NOTE: View EMWS1.NEURAL5_VALIDATE.VIEW used (Total process time):
      real time           0.07 seconds
      cpu time            0.07 seconds
      
MPRINT(EM_DIAGRAM):    proc printto;
MPRINT(EM_DIAGRAM):   run;
