MPRINT(EM_DIAGRAM):    data _null_;
MPRINT(EM_DIAGRAM):   call symput('NLDATE', strip(put(date(), NLDATE.)));
MPRINT(EM_DIAGRAM):   call symput('NLTIME', strip(put(datetime(), NLTIME.)));
MPRINT(EM_DIAGRAM):   run;
MPRINT(EM_DIAGRAM):   data _null_;
MPRINT(EM_DIAGRAM):   nldate= sasmsg("sashelp.dmine", "log_date_note", 'N', "November 05, 
2015" );
MPRINT(EM_DIAGRAM):   nltime= sasmsg("sashelp.dmine", "log_time_note", 'N', "14:11:27" );
MPRINT(EM_DIAGRAM):   put "*------------------------------------------------------------*";
MPRINT(EM_DIAGRAM):   put "* Training Log";
MPRINT(EM_DIAGRAM):   put nldate;
MPRINT(EM_DIAGRAM):   put nltime;
MPRINT(EM_DIAGRAM):   put "*------------------------------------------------------------*";
MPRINT(EM_DIAGRAM):   run;
*------------------------------------------------------------*
* Training Log
Date:                November 05, 2015
Time:                14:11:27
*------------------------------------------------------------*
MPRINT(EM_DIAGRAM):    filename O21AQQF7 
"C:\Users\bteric01\Documents\Tutorials_Projects\Project_3\Workspaces\EMWS1\Neural2\EMTRAIN.out"
 encoding="UTF-8" NOBOM;
MPRINT(EM_DIAGRAM):   proc printto print=O21AQQF7 new;
MPRINT(EM_DIAGRAM):   run;
MPRINT(EM_DIAGRAM):    filename _LOG 
"C:\Users\bteric01\Documents\Tutorials_Projects\Project_3\Workspaces\EMWS1\Neural2\EMLOG.log" 
encoding="UTF-8" NOBOM;
MPRINT(EM_DIAGRAM):    data _null_;
MPRINT(EM_DIAGRAM):   call symput('NLDATE', strip(put(date(), NLDATE.)));
MPRINT(EM_DIAGRAM):   call symput('NLTIME', strip(put(datetime(), NLTIME.)));
MPRINT(EM_DIAGRAM):   run;
MPRINT(EM_DIAGRAM):   data _null_;
MPRINT(EM_DIAGRAM):   nldate= sasmsg("sashelp.dmine", "log_date_note", 'N', "November 05, 
2015" );
MPRINT(EM_DIAGRAM):   nltime= sasmsg("sashelp.dmine", "log_time_note", 'N', "14:11:27" );
MPRINT(EM_DIAGRAM):   file _LOG;
MPRINT(EM_DIAGRAM):   put "*------------------------------------------------------------*";
MPRINT(EM_DIAGRAM):   put "User:                bteric01";
MPRINT(EM_DIAGRAM):   put nldate;
MPRINT(EM_DIAGRAM):   put nltime;
MPRINT(EM_DIAGRAM):   put "Site:                70080760";
MPRINT(EM_DIAGRAM):   put "Platform:            X64_7PRO";
MPRINT(EM_DIAGRAM):   put "Maintenance Release: 9.04.01M1P120413";
MPRINT(EM_DIAGRAM):   put "EM Version:          13.1";
MPRINT(EM_DIAGRAM):   put "* ";
MPRINT(EM_DIAGRAM):   run;
MPRINT(EM_DIAGRAM):    filename _LOGIN 
"C:\Users\bteric01\Documents\Tutorials_Projects\Project_3\Workspaces\EMWS1\Neural2\EMTRAIN.log"
 encoding="UTF-8" NOBOM;
MPRINT(EM_COPYFILE):   data _null_;
MPRINT(EM_COPYFILE):   length line $20000;
MPRINT(EM_COPYFILE):   file _LOG MOD lrecl=20000;
MPRINT(EM_COPYFILE):   fid=fopen("_LOGIN",'i',20000,'v');
MPRINT(EM_COPYFILE):   if fid > 0 then do;
MPRINT(EM_COPYFILE):   do while(^fread(fid));
MPRINT(EM_COPYFILE):   rlen = frlen(fid);
MPRINT(EM_COPYFILE):   rc= fget(fid,line,20000);
MPRINT(EM_COPYFILE):   start = length(line)-length(left(line))+1;
MPRINT(EM_COPYFILE):   line=strip(line);
MPRINT(EM_COPYFILE):   put @start line;
MPRINT(EM_COPYFILE):   end;
MPRINT(EM_COPYFILE):   if fid > 0 then rc=fclose(fid);
MPRINT(EM_COPYFILE):   end;
MPRINT(EM_COPYFILE):   run;
MPRINT(EM_DIAGRAM):  ;
MPRINT(EM_DIAGRAM):   filename _LOGIN;
MPRINT(EM_DIAGRAM):    data _null_;
MPRINT(EM_DIAGRAM):   file _LOG mod;
MPRINT(EM_DIAGRAM):   put _page_;
MPRINT(EM_DIAGRAM):   run;
MPRINT(EM_DIAGRAM):   filename _LOGIN 
"C:\Users\bteric01\Documents\Tutorials_Projects\Project_3\Workspaces\EMWS1\Neural2\EMSCORE.log"
 encoding="UTF-8" NOBOM;
MPRINT(EM_DIAGRAM):  ;
MPRINT(EM_DIAGRAM):   data _null_;
MPRINT(EM_DIAGRAM):   file _LOG mod;
MPRINT(EM_DIAGRAM):   put _page_;
MPRINT(EM_DIAGRAM):   run;
MPRINT(EM_DIAGRAM):    filename _LOGIN 
"C:\Users\bteric01\Documents\Tutorials_Projects\Project_3\Workspaces\EMWS1\Neural2\EMREPORT.log
" encoding="UTF-8" NOBOM;
MPRINT(EM_DIAGRAM):  ;
MPRINT(EM_DIAGRAM):   filename _LOGIN;
MPRINT(EM_DIAGRAM):    filename _LOG;
MPRINT(EM_DIAGRAM):    filename _OUT 
"C:\Users\bteric01\Documents\Tutorials_Projects\Project_3\Workspaces\EMWS1\Neural2\EMOUTPUT.out
" encoding="UTF-8" NOBOM;
MPRINT(EM_DIAGRAM):    data _null_;
MPRINT(EM_DIAGRAM):   call symput('NLDATE', strip(put(date(), NLDATE.)));
MPRINT(EM_DIAGRAM):   call symput('NLTIME', strip(put(datetime(), NLTIME.)));
MPRINT(EM_DIAGRAM):   run;
MPRINT(EM_DIAGRAM):   data _null_;
MPRINT(EM_DIAGRAM):   nldate= sasmsg("sashelp.dmine", "log_date_note", 'N', "November 05, 
2015" );
MPRINT(EM_DIAGRAM):   nltime= sasmsg("sashelp.dmine", "log_time_note", 'N', "14:11:27" );
MPRINT(EM_DIAGRAM):   file _OUT;
MPRINT(EM_DIAGRAM):   put "*------------------------------------------------------------*";
MPRINT(EM_DIAGRAM):   put "User:                bteric01";
MPRINT(EM_DIAGRAM):   put nldate;
MPRINT(EM_DIAGRAM):   put nltime;
MPRINT(EM_DIAGRAM):   put "*------------------------------------------------------------*";
MPRINT(EM_DIAGRAM):   put "* Training Output";
MPRINT(EM_DIAGRAM):   put "*------------------------------------------------------------*";
MPRINT(EM_DIAGRAM):   run;
MPRINT(EM_DIAGRAM):    filename _OUTIN 
"C:\Users\bteric01\Documents\Tutorials_Projects\Project_3\Workspaces\EMWS1\Neural2\EMTRAIN.out"
 encoding="UTF-8" NOBOM;
MPRINT(EM_DIAGRAM):   ;
MPRINT(EM_COPYFILE):   data _null_;
MPRINT(EM_COPYFILE):   length line $20000;
MPRINT(EM_COPYFILE):   file _OUT MOD lrecl=20000;
MPRINT(EM_COPYFILE):   fid=fopen("_OUTIN",'i',20000,'v');
MPRINT(EM_COPYFILE):   if fid > 0 then do;
MPRINT(EM_COPYFILE):   do while(^fread(fid));
MPRINT(EM_COPYFILE):   rlen = frlen(fid);
MPRINT(EM_COPYFILE):   rc= fget(fid,line,20000);
MPRINT(EM_COPYFILE):   start = length(line)-length(left(line))+1;
MPRINT(EM_COPYFILE):   line=strip(line);
MPRINT(EM_COPYFILE):   put @start line;
MPRINT(EM_COPYFILE):   end;
MPRINT(EM_COPYFILE):   if fid > 0 then rc=fclose(fid);
MPRINT(EM_COPYFILE):   end;
MPRINT(EM_COPYFILE):   run;
MPRINT(EM_DIAGRAM):  ;
MPRINT(EM_DIAGRAM):   filename _OUTIN;
MPRINT(EM_DIAGRAM):    data _null_;
MPRINT(EM_DIAGRAM):   file _OUT mod;
MPRINT(EM_DIAGRAM):   put _page_;
MPRINT(EM_DIAGRAM):   put // "*------------------------------------------------------------*";
MPRINT(EM_DIAGRAM):   put "* Score Output";
MPRINT(EM_DIAGRAM):   put "*------------------------------------------------------------*";
MPRINT(EM_DIAGRAM):   run;
MPRINT(EM_DIAGRAM):    filename _OUTIN 
"C:\Users\bteric01\Documents\Tutorials_Projects\Project_3\Workspaces\EMWS1\Neural2\EMSCORE.out"
 encoding="UTF-8" NOBOM;
MPRINT(EM_DIAGRAM):  ;
MPRINT(EM_DIAGRAM):   filename _OUTIN;
MPRINT(EM_DIAGRAM):    data _null_;
MPRINT(EM_DIAGRAM):   file _OUT mod;
MPRINT(EM_DIAGRAM):   put _page_;
MPRINT(EM_DIAGRAM):   put // "*------------------------------------------------------------*";
MPRINT(EM_DIAGRAM):   put "* Report Output";
MPRINT(EM_DIAGRAM):   put "*------------------------------------------------------------*";
MPRINT(EM_DIAGRAM):   run;
MPRINT(EM_DIAGRAM):    filename _OUTIN 
"C:\Users\bteric01\Documents\Tutorials_Projects\Project_3\Workspaces\EMWS1\Neural2\EMREPORT.out
" encoding="UTF-8" NOBOM;
MPRINT(EM_DIAGRAM):  ;
MPRINT(EM_DIAGRAM):   filename _OUTIN;
MPRINT(EM_DIAGRAM):    filename _OUT;
MPRINT(EM_DIAGRAM):    filename _emtool_ 
'C:\Users\bteric01\Documents\Tutorials_Projects\Project_3\Workspaces\EMWS1\Neural2\EMRUNSTATUS.
xml' encoding="UTF-8" NOBOM;
135004     proc freq data=EMWS1.Neural2_VariableSet noprint;
MPRINT(EM_DIAGRAM):    proc freq data=EMWS1.Neural2_VariableSet noprint;
135005     table ROLE*LEVEL/out=WORK.Neural2META;
MPRINT(EM_DIAGRAM):   table ROLE*LEVEL/out=WORK.Neural2META;
135006     run;
MPRINT(EM_DIAGRAM):   run;

NOTE: There were 27 observations read from the data set EMWS1.NEURAL2_VARIABLESET.
NOTE: The data set WORK.NEURAL2META has 4 observations and 4 variables.
NOTE: PROCEDURE FREQ used (Total process time):
      real time           0.04 seconds
      cpu time            0.04 seconds
      

135007     proc print data=WORK.Neural2META label noobs;
MPRINT(EM_DIAGRAM):   proc print data=WORK.Neural2META label noobs;
135008     var ROLE LEVEL COUNT;
MPRINT(EM_DIAGRAM):   var ROLE LEVEL COUNT;
135009     label ROLE = "%sysfunc(sasmsg(sashelp.dmine, meta_role_vlabel, NOQUOTE))" LEVEL =
135009   ! "%sysfunc(sasmsg(sashelp.dmine, meta_level_vlabel, NOQUOTE))" COUNT =
135009   ! "%sysfunc(sasmsg(sashelp.dmine, rpt_count_vlabel, NOQUOTE))";
MPRINT(EM_DIAGRAM):   label ROLE = "Role" LEVEL = "Measurement Level" COUNT = "Frequency 
Count";
135010     title9 ' ';
MPRINT(EM_DIAGRAM):   title9 ' ';
135011     title10 "%sysfunc(sasmsg(sashelp.dmine, rpt_varSummary_title  , NOQUOTE))";
MPRINT(EM_DIAGRAM):   title10 "Variable Summary";
MPRINT(EM_DIAGRAM):   run;
135012     run;

NOTE: There were 4 observations read from the data set WORK.NEURAL2META.
NOTE: The PROCEDURE PRINT printed page 64.
NOTE: PROCEDURE PRINT used (Total process time):
      real time           0.04 seconds
      cpu time            0.04 seconds
      

135013     title10;
MPRINT(EM_DIAGRAM):   title10;
135014     %let EMNORLEN = %DMNORLEN;
MPRINT(EM_DIAGRAM):   
EMWS1.BINNING_TRAIN EMWS1.BINNING_TRAIN 
EMWS1.BINNING_TRAIN EMWS1.BINNING_TRAIN EMWS1 BINNING_TRAIN 
EMWS1.BINNING_TRAIN EMWS1.BINNING_TRAIN 
EMWS1.BINNING_TRAIN EMWS1.BINNING_TRAIN EMWS1 BINNING_TRAIN 
MPRINT(EM_DIAGRAM):    proc dmdb data=EMWS1.BINNING_TRAIN 
classout=WORK._DMDBCLASSTARGET(keep=NAME NRAW CRAW LEVEL FREQUENCY NMISSPERCENT);
MPRINT(EM_DIAGRAM):   class bad(DESC) ;
MPRINT(EM_DIAGRAM):   run;
Executing  SASHELP.EMCORE.EMINFOITERATOR.SCL _INIT >> 
Executing  SASHELP.EMCORE.EMINFOITERATOR.SCL setMetaData >> 
Executing  SASHELP.EMCORE.EMINFOITERATOR.SCL next >> 
Executing  SASHELP.EMCORE.EMINFOITERATOR.SCL setMetaData >> 
Executing  SASHELP.EMCORE.EMINFOITERATOR.SCL next >> 
Executing  SASHELP.EMCORE.EMINFOITERATOR.SCL _term >> 
MPRINT(EM_DIAGRAM):    data _null_;
MPRINT(EM_DIAGRAM):   set WORK._DMDBCLASSTARGET;
MPRINT(EM_DIAGRAM):   where ^(NRAW eq . and CRAW eq '') and NAME="bad";
MPRINT(EM_DIAGRAM):   if _N_=1 then call symput('_newevent', strip(LEVEL));
MPRINT(EM_DIAGRAM):   run;
MPRINT(EM_DIAGRAM):   proc sort data=WORK._DMDBCLASSTARGET out=_TEMPCLASS(keep=LEVEL FREQUENCY 
NMISSPERCENT rename=(LEVEL=bad));
MPRINT(EM_DIAGRAM):   by LEVEL;
MPRINT(EM_DIAGRAM):   where ^(NRAW eq . and CRAW eq '') and NAME="bad";
MPRINT(EM_DIAGRAM):   run;
MPRINT(EM_DIAGRAM):   data _TEMPCLASS;
MPRINT(EM_DIAGRAM):   set _TEMPCLASS;
MPRINT(EM_DIAGRAM):   NMISSPERCENT= NMISSPERCENT/100;
MPRINT(EM_DIAGRAM):   run;
>>>>>>>>>>>>>> TARGET(   NAME='bad' 
                         ROLE='TARGET' 
                         LEVEL='BINARY' 
                         ORDER='' 
                         CREATOR='' 
                         FORMATTYPE='' 
                         FAMILY='' 
                         LOWERLIMIT=. 
                         UPPERLIMIT=. 
                         REPORT='N' 
                         DISTRIBUTION='' 
                         COMMENT='' 
                         PRICE=. 
                         TYPE='N' 
                         LABEL='Default or seriously delinquent' 
                         FORMAT='' 
                         INFORMAT='' 
                         INDEX='N' 
                         INDEXTYPE='NONE' 
                         LENGTH=8 
                         E='INPUT' 
                         USE='Y' 
                      )[32829] 
MPRINT(EM_DIAGRAM):   
MPRINT(HPDM_PERFORMANCE):  ;
PERFORMANCE  DETAILS
MPRINT(EM_DIAGRAM):  ;
MPRINT(EM_DIAGRAM):    *------------------------------------------------------------* ;
MPRINT(EM_DIAGRAM):   * EM: DMDBClass Macro ;
MPRINT(EM_DIAGRAM):   *------------------------------------------------------------* ;
MPRINT(EM_DIAGRAM):   *------------------------------------------------------------* ;
MPRINT(EM_DIAGRAM):   * EM: DMDBVar Macro ;
MPRINT(EM_DIAGRAM):   *------------------------------------------------------------* ;
MPRINT(EM_DIAGRAM):   *------------------------------------------------------------*;
MPRINT(EM_DIAGRAM):   * EM: Create DMDB;
MPRINT(EM_DIAGRAM):   *------------------------------------------------------------*;
MPRINT(EM_DIAGRAM):   proc dmdb batch data=EMWS1.BINNING_TRAIN dmdbcat=WORK.EM_DMDB maxlevel = 
513 ;
MPRINT(EM_DIAGRAM):   class
MPRINT(DMDBCLASS):   bad(DESC)
MPRINT(EM_DIAGRAM):  ;
MPRINT(EM_DIAGRAM):   target bad ;
MPRINT(EM_DIAGRAM):   run;
MPRINT(EM_DIAGRAM):   quit;
MPRINT(EM_DIAGRAM):   *--- end code ---*;
WORK.EM_DMDB WORK.EM_DMDB 
WORK.EM_DMDB WORK.EM_DMDB WORK EM_DMDB 
MPRINT(EM_DIAGRAM):    proc datasets lib=EMWS1 nolist;
MPRINT(EM_DIAGRAM):   modify Neural2_bad_DD(type=PROFIT label= bad);
MPRINT(EM_DIAGRAM):   run;
MPRINT(EM_DIAGRAM):   quit;
MPRINT(EM_DIAGRAM):    *------------------------------------------------------------*;
MPRINT(EM_DIAGRAM):   * Neural2: Determine decision variables for bad;
MPRINT(EM_DIAGRAM):   *------------------------------------------------------------*;
MPRINT(EM_DIAGRAM):   data WORK.Neural2_SCORE;
MPRINT(EM_DIAGRAM):   set EMWS1.BINNING_TRAIN;
MPRINT(EM_DIAGRAM):   keep bad;
MPRINT(EM_DIAGRAM):   keep 'P_bad1'n;
MPRINT(EM_DIAGRAM):   'P_bad1'n = 0.5;
MPRINT(EM_DIAGRAM):   keep 'P_bad0'n;
MPRINT(EM_DIAGRAM):   'P_bad0'n = 0.5;
MPRINT(EM_DIAGRAM):   if _N_=1 then do;
MPRINT(EM_DIAGRAM):   output;
MPRINT(EM_DIAGRAM):   stop;
MPRINT(EM_DIAGRAM):   end;
MPRINT(EM_DIAGRAM):   run;
MPRINT(EM_DIAGRAM):    data EMWS1.Neural2_bad_DM;
MPRINT(EM_DIAGRAM):   set EMWS1.Neural2_bad_DM;
MPRINT(EM_DIAGRAM):   where _TYPE_ ^in('FREQ', 'BESTPROFIT', 'COMPUTEDPROFIT', 
'EXPECTEDPROFIT', 'BESTLOSS', 'COMPUTEDLOSS', 'EXPECTEDLOSS', 'ROI', 'INVESTMENTCOST', 
'MODELDECISION');
MPRINT(EM_DIAGRAM):   run;
MPRINT(EM_DIAGRAM):    proc datasets lib=work nolist;
MPRINT(EM_DIAGRAM):   modify bad(type=PROFIT label= bad);
MPRINT(EM_DIAGRAM):   label DECISION1= '1';
MPRINT(EM_DIAGRAM):   label DECISION2= '0';
MPRINT(EM_DIAGRAM):   run;
MPRINT(EM_DIAGRAM):   quit;
MPRINT(EM_DIAGRAM):    data EMWS1.Neural2_bad_DM;
MPRINT(EM_DIAGRAM):   set EMWS1.Neural2_bad_DM end=eof;
MPRINT(EM_DIAGRAM):   output;
MPRINT(EM_DIAGRAM):   if eof then do;
MPRINT(EM_DIAGRAM):   end;
MPRINT(EM_DIAGRAM):   run;
135099     data WORK.Neural2_EVENT(KEEP=VARIABLE LABEL LEVEL EVENT NUMLEVELS ORDER);
MPRINT(EM_DIAGRAM):    data WORK.Neural2_EVENT(KEEP=VARIABLE LABEL LEVEL EVENT NUMLEVELS 
ORDER);
135100     length ORDER $20;
MPRINT(EM_DIAGRAM):   length ORDER $20;
135101     label VARIABLE = "%sysfunc(sasmsg(sashelp.dmine, rpt_target_vlabel,  NOQUOTE))"
135101   ! EVENT = "%sysfunc(sasmsg(sashelp.dmine, assmt_event_vlabel, NOQUOTE))" NUMLEVELS =
135101   ! "%sysfunc(sasmsg(sashelp.dmine, rpt_numcat_vlabel, NOQUOTE))" LEVEL =
135102        "%sysfunc(sasmsg(sashelp.dmine, meta_level_vlabel, NOQUOTE))" ORDER =
135102   ! "%sysfunc(sasmsg(sashelp.dmine, meta_order_vlabel, NOQUOTE))" LABEL =
135102   ! "%sysfunc(sasmsg(sashelp.dmine, meta_label_vlabel, NOQUOTE))";
MPRINT(EM_DIAGRAM):   label VARIABLE = "Target" EVENT = "Event" NUMLEVELS = "Number of Levels" 
LEVEL = "Measurement Level" ORDER = "Order" LABEL = "Label";
135103     set EMWS1.NEURAL2_BAD_DM( where=(_TYPE_="TARGET"));
MPRINT(EM_DIAGRAM):   set EMWS1.NEURAL2_BAD_DM( where=(_TYPE_="TARGET"));
135104     NumLevels=2;
MPRINT(EM_DIAGRAM):   NumLevels=2;
135105     select(upcase(ORDER));
MPRINT(EM_DIAGRAM):   select(upcase(ORDER));
135106     when('DESC') ORDER = 'Descending';
MPRINT(EM_DIAGRAM):   when('DESC') ORDER = 'Descending';
135107     when('ASC') ORDER = 'Ascending';
MPRINT(EM_DIAGRAM):   when('ASC') ORDER = 'Ascending';
135108     when('FMTDESC') ORDER = 'Formatted Descending';
MPRINT(EM_DIAGRAM):   when('FMTDESC') ORDER = 'Formatted Descending';
135109     when('FMTASC') ORDER = 'Formatted Ascending';
MPRINT(EM_DIAGRAM):   when('FMTASC') ORDER = 'Formatted Ascending';
135110     otherwise ORDER = 'Descending';
MPRINT(EM_DIAGRAM):   otherwise ORDER = 'Descending';
135111     end;
MPRINT(EM_DIAGRAM):   end;
135112     output;
MPRINT(EM_DIAGRAM):   output;
135113     run;
MPRINT(EM_DIAGRAM):   run;

NOTE: There were 1 observations read from the data set EMWS1.NEURAL2_BAD_DM.
      WHERE _TYPE_='TARGET';
NOTE: The data set WORK.NEURAL2_EVENT has 1 observations and 6 variables.
NOTE: DATA statement used (Total process time):
      real time           0.07 seconds
      cpu time            0.07 seconds
      

135114     title9 ' ';
MPRINT(EM_DIAGRAM):   title9 ' ';
135115     proc print data=WORK.Neural2_EVENT noobs label;
MPRINT(EM_DIAGRAM):   proc print data=WORK.Neural2_EVENT noobs label;
135116     var VARIABLE EVENT LEVEL NUMLEVELS ORDER LABEL;
MPRINT(EM_DIAGRAM):   var VARIABLE EVENT LEVEL NUMLEVELS ORDER LABEL;
135117     title9 ' ';
MPRINT(EM_DIAGRAM):   title9 ' ';
135118     title10 "%sysfunc(sasmsg(sashelp.dmine, rpt_modelEvent_title  , NOQUOTE))";
MPRINT(EM_DIAGRAM):   title10 "Model Events";
MPRINT(EM_DIAGRAM):   run;
135119     run;

NOTE: There were 1 observations read from the data set WORK.NEURAL2_EVENT.
NOTE: The PROCEDURE PRINT printed page 65.
NOTE: PROCEDURE PRINT used (Total process time):
      real time           0.01 seconds
      cpu time            0.01 seconds
      

135120     title10;
MPRINT(EM_DIAGRAM):   title10;
"No decisions defined for target "bad"." 
135121     proc print data = EMWS1.Neural2_bad_DM noobs label;
MPRINT(EM_DIAGRAM):    proc print data = EMWS1.Neural2_bad_DM noobs label;
135122     var _type_ variable label;
MPRINT(EM_DIAGRAM):   var _type_ variable label;
135123     where _type_ ^in('MATRIX', 'DECISION', 'TRAINPRIOR', 'DATAPRIOR', 'DECPRIOR');
MPRINT(EM_DIAGRAM):   where _type_ ^in('MATRIX', 'DECISION', 'TRAINPRIOR', 'DATAPRIOR', 
'DECPRIOR');
135124     label _TYPE_ = "%sysfunc(sasmsg(sashelp.dmine, rpt_type_vlabel,     NOQUOTE))"
135124   ! VARIABLE = "%sysfunc(sasmsg(sashelp.dmine, rpt_variable_vlabel, NOQUOTE))" LABEL =
135124   ! "%sysfunc(sasmsg(sashelp.dmine, meta_label_vlabel, NOQUOTE))";
MPRINT(EM_DIAGRAM):   label _TYPE_ = "Type" VARIABLE = "Variable" LABEL = "Label";
135125     title9 ' ';
MPRINT(EM_DIAGRAM):   title9 ' ';
135126     title10 "%sysfunc(sasmsg(sashelp.dmine, rpt_predDecVars_title  , NOQUOTE))";
MPRINT(EM_DIAGRAM):   title10 "Predicted and decision variables";
MPRINT(EM_DIAGRAM):   run;
135127     run;

NOTE: There were 7 observations read from the data set EMWS1.NEURAL2_BAD_DM.
      WHERE _type_ not in ('DATAPRIOR', 'DECISION', 'DECPRIOR', 'MATRIX', 'TRAINPRIOR');
NOTE: The PROCEDURE PRINT printed page 66.
NOTE: PROCEDURE PRINT used (Total process time):
      real time           0.06 seconds
      cpu time            0.06 seconds
      

135128     title10;
MPRINT(EM_DIAGRAM):   title10;
MPRINT(EM_DIAGRAM):    *------------------------------------------------------------*;
MPRINT(EM_DIAGRAM):   * Neural2: Preparing metadata for training;
MPRINT(EM_DIAGRAM):   ;
MPRINT(EM_DIAGRAM):   *------------------------------------------------------------*;
MPRINT(EM_DIAGRAM):   data WORK.M1P80UXJ;
MPRINT(EM_DIAGRAM):   set WORK.M1P80UXJ;
MPRINT(EM_DIAGRAM):   where(use = 'Y' or (role = 'INPUT' and use = 'D'));
MPRINT(EM_DIAGRAM):   if (role = 'REJECTED') then role = 'INPUT';
MPRINT(EM_DIAGRAM):   run;
135138     data WORK.M1P80UXJ;
MPRINT(EM_DIAGRAM):    data WORK.M1P80UXJ;
135139     set WORK.M1P80UXJ end=eof;
MPRINT(EM_DIAGRAM):   set WORK.M1P80UXJ end=eof;
135140     output;
MPRINT(EM_DIAGRAM):   output;
135141     if eof then do;
MPRINT(EM_DIAGRAM):   if eof then do;
135142     NAME="";
MPRINT(EM_DIAGRAM):   NAME="";
135143     ROLE="COST";
MPRINT(EM_DIAGRAM):   ROLE="COST";
135144     LEVEL="INTERVAL";
MPRINT(EM_DIAGRAM):   LEVEL="INTERVAL";
135145     TYPE="N";
MPRINT(EM_DIAGRAM):   TYPE="N";
135146     output;
MPRINT(EM_DIAGRAM):   output;
135147     end;
MPRINT(EM_DIAGRAM):   end;
135148     run;
MPRINT(EM_DIAGRAM):   run;

NOTE: There were 5 observations read from the data set WORK.M1P80UXJ.
NOTE: The data set WORK.M1P80UXJ has 6 observations and 22 variables.
NOTE: DATA statement used (Total process time):
      real time           0.01 seconds
      cpu time            0.01 seconds
      

NOTE: There were 2 observations read from the data set EMWS1.NEURAL2_BAD_DD.
NOTE: The data set WORK.BAD has 2 observations and 7 variables.
135149     *------------------------------------------------------------*;
MPRINT(EM_DIAGRAM):    *------------------------------------------------------------*;
135150     * Neural2: Create decision matrix;
MPRINT(EM_DIAGRAM):   * Neural2: Create decision matrix;
135151     *------------------------------------------------------------*;
MPRINT(EM_DIAGRAM):   *------------------------------------------------------------*;
135152     data WORK.bad(label="bad");
MPRINT(EM_DIAGRAM):   data WORK.bad(label="bad");
135153       length   bad                              $  32
135154                COUNT                                8
135155                DATAPRIOR                            8
135156                TRAINPRIOR                           8
135157                DECPRIOR                             8
135158                DECISION1                            8
135159                DECISION2                            8
135160                ;
MPRINT(EM_DIAGRAM):   length bad $ 32 COUNT 8 DATAPRIOR 8 TRAINPRIOR 8 DECPRIOR 8 DECISION1 8 
DECISION2 8 ;
135161     
135162       label    COUNT="Level Counts"
135163                DATAPRIOR="Data Proportions"
135164                TRAINPRIOR="Training Proportions"
135165                DECPRIOR="Decision Priors"
135166                DECISION1="1"
135167                DECISION2="0"
135168                ;
MPRINT(EM_DIAGRAM):   label COUNT= "Level Counts" DATAPRIOR= "Data Proportions" TRAINPRIOR= 
"Training Proportions" DECPRIOR= "Decision Priors" DECISION1= "1" DECISION2= "0" ;
135169     bad="1"; COUNT=594; DATAPRIOR=0.19939577039274; TRAINPRIOR=0.19939577039274;
135169   ! DECPRIOR=.; DECISION1=1; DECISION2=0;
MPRINT(EM_DIAGRAM):   bad="1";
MPRINT(EM_DIAGRAM):   COUNT=594;
MPRINT(EM_DIAGRAM):   DATAPRIOR=0.19939577039274;
MPRINT(EM_DIAGRAM):   TRAINPRIOR=0.19939577039274;
MPRINT(EM_DIAGRAM):   DECPRIOR=.;
MPRINT(EM_DIAGRAM):   DECISION1=1;
MPRINT(EM_DIAGRAM):   DECISION2=0;
135170     output;
MPRINT(EM_DIAGRAM):   output;
135171     bad="0"; COUNT=2385; DATAPRIOR=0.80060422960725; TRAINPRIOR=0.80060422960725;
135171   ! DECPRIOR=.; DECISION1=0; DECISION2=1;
MPRINT(EM_DIAGRAM):   bad="0";
MPRINT(EM_DIAGRAM):   COUNT=2385;
MPRINT(EM_DIAGRAM):   DATAPRIOR=0.80060422960725;
MPRINT(EM_DIAGRAM):   TRAINPRIOR=0.80060422960725;
MPRINT(EM_DIAGRAM):   DECPRIOR=.;
MPRINT(EM_DIAGRAM):   DECISION1=0;
MPRINT(EM_DIAGRAM):   DECISION2=1;
135172     output;
MPRINT(EM_DIAGRAM):   output;
135173     ;
MPRINT(EM_DIAGRAM):   ;
135174     run;
MPRINT(EM_DIAGRAM):   run;

NOTE: The data set WORK.BAD has 2 observations and 7 variables.
NOTE: DATA statement used (Total process time):
      real time           0.01 seconds
      cpu time            0.01 seconds
      

135175     proc datasets lib=work nolist;
MPRINT(EM_DIAGRAM):   proc datasets lib=work nolist;
135176     modify bad(type=PROFIT label=bad);
MPRINT(EM_DIAGRAM):   modify bad(type=PROFIT label= bad);
MPRINT(EM_DIAGRAM):   label DECISION1= '1';
MPRINT(EM_DIAGRAM):   label DECISION2= '0';
MPRINT(EM_DIAGRAM):   run;
135177     label DECISION1= '1';
135178     label DECISION2= '0';
135179     run;

NOTE: MODIFY was successful for WORK.BAD.DATA.
135180     quit;
MPRINT(EM_DIAGRAM):   quit;

NOTE: PROCEDURE DATASETS used (Total process time):
      real time           0.04 seconds
      cpu time            0.04 seconds
      

135181     data EM_Neural2;
MPRINT(EM_DIAGRAM):   data EM_Neural2;
135182     set EMWS1.BINNING_TRAIN(keep=
135183     GRP_LOG_REP_clage GRP_LOG_REP_debtinc GRP_LOG_REP_ninq GRP_LOG_REP_value bad );
MPRINT(EM_DIAGRAM):   set EMWS1.BINNING_TRAIN(keep= GRP_LOG_REP_clage GRP_LOG_REP_debtinc 
GRP_LOG_REP_ninq GRP_LOG_REP_value bad );
135184     run;
MPRINT(EM_DIAGRAM):   run;

NOTE: There were 2979 observations read from the data set EMWS1.PART_TRAIN.
NOTE: There were 2979 observations read from the data set EMWS1.REPL_TRAIN.
NOTE: View EMWS1.BINNING_TRAIN.VIEW used (Total process time):
      real time           0.14 seconds
      cpu time            0.14 seconds
      
NOTE: There were 2979 observations read from the data set EMWS1.TRANS_TRAIN.
NOTE: There were 2979 observations read from the data set EMWS1.BINNING_TRAIN.
NOTE: The data set WORK.EM_NEURAL2 has 2979 observations and 5 variables.
NOTE: DATA statement used (Total process time):
      real time           0.15 seconds
      cpu time            0.15 seconds
      

MPRINT(EM_DIAGRAM):   *------------------------------------------------------------* ;
MPRINT(EM_DIAGRAM):   * Neural2: DMDBClass Macro ;
MPRINT(EM_DIAGRAM):   *------------------------------------------------------------* ;
135185     *------------------------------------------------------------* ;
135186     * Neural2: DMDBClass Macro ;
135187     *------------------------------------------------------------* ;
135188     %macro DMDBClass;
135189         GRP_LOG_REP_clage(ASC) GRP_LOG_REP_debtinc(ASC) GRP_LOG_REP_ninq(ASC)
135190        GRP_LOG_REP_value(ASC) bad(DESC)
135191     %mend DMDBClass;
135192     *------------------------------------------------------------* ;
MPRINT(EM_DIAGRAM):   *------------------------------------------------------------* ;
135193     * Neural2: DMDBVar Macro ;
MPRINT(EM_DIAGRAM):   * Neural2: DMDBVar Macro ;
135194     *------------------------------------------------------------* ;
MPRINT(EM_DIAGRAM):   *------------------------------------------------------------* ;
135195     %macro DMDBVar;
135196     
135197     %mend DMDBVar;
135198     *------------------------------------------------------------*;
MPRINT(EM_DIAGRAM):   *------------------------------------------------------------*;
135199     * Neural2: Create DMDB;
MPRINT(EM_DIAGRAM):   * Neural2: Create DMDB;
135200     *------------------------------------------------------------*;
MPRINT(EM_DIAGRAM):   *------------------------------------------------------------*;
135201     proc dmdb batch data=WORK.EM_Neural2
135202     dmdbcat=WORK.Neural2_DMDB
135203     maxlevel = 513
135204     ;
MPRINT(EM_DIAGRAM):   proc dmdb batch data=WORK.EM_Neural2 dmdbcat=WORK.Neural2_DMDB maxlevel 
= 513 ;
MPRINT(EM_DIAGRAM):   class
135205     class %DMDBClass;
MPRINT(DMDBCLASS):   GRP_LOG_REP_clage(ASC) GRP_LOG_REP_debtinc(ASC) GRP_LOG_REP_ninq(ASC) 
GRP_LOG_REP_value(ASC) bad(DESC)
MPRINT(EM_DIAGRAM):  ;
135206     var %DMDBVar;
MPRINT(EM_DIAGRAM):   var
MPRINT(EM_DIAGRAM):  ;
135207     target
135208     bad
135209     ;
MPRINT(EM_DIAGRAM):   target bad ;
135210     run;
MPRINT(EM_DIAGRAM):   run;

NOTE: Records processed = 2979   Memory used = 511K.
NOTE: There were 2979 observations read from the data set WORK.EM_NEURAL2.
NOTE: PROCEDURE DMDB used (Total process time):
      real time           0.01 seconds
      cpu time            0.00 seconds
      

MPRINT(EM_DIAGRAM):   quit;
MPRINT(EM_DIAGRAM):   *--- end code ---*;
135211     quit;
135212     *--- end code ---*;

135213     *------------------------------------------------------------* ;
MPRINT(EM_DIAGRAM):    *------------------------------------------------------------* ;
135214     * Neural2: Interval Input Variables Macro ;
MPRINT(EM_DIAGRAM):   * Neural2: Interval Input Variables Macro ;
135215     *------------------------------------------------------------* ;
MPRINT(EM_DIAGRAM):   *------------------------------------------------------------* ;
135216     %macro INTINPUTS;
135217     
135218     %mend INTINPUTS;
135219     *------------------------------------------------------------* ;
MPRINT(EM_DIAGRAM):   *------------------------------------------------------------* ;
135220     * Neural2: Binary Inputs Macro ;
MPRINT(EM_DIAGRAM):   * Neural2: Binary Inputs Macro ;
135221     *------------------------------------------------------------* ;
MPRINT(EM_DIAGRAM):   *------------------------------------------------------------* ;
135222     %macro BININPUTS;
135223     
135224     %mend BININPUTS;
135225     *------------------------------------------------------------* ;
MPRINT(EM_DIAGRAM):   *------------------------------------------------------------* ;
135226     * Neural2: Nominal Inputs Macro ;
MPRINT(EM_DIAGRAM):   * Neural2: Nominal Inputs Macro ;
135227     *------------------------------------------------------------* ;
MPRINT(EM_DIAGRAM):   *------------------------------------------------------------* ;
135228     %macro NOMINPUTS;
135229     
135230     %mend NOMINPUTS;
135231     *------------------------------------------------------------* ;
MPRINT(EM_DIAGRAM):   *------------------------------------------------------------* ;
135232     * Neural2: Ordinal Inputs Macro ;
MPRINT(EM_DIAGRAM):   * Neural2: Ordinal Inputs Macro ;
135233     *------------------------------------------------------------* ;
MPRINT(EM_DIAGRAM):   *------------------------------------------------------------* ;
135234     %macro ORDINPUTS;
135235         GRP_LOG_REP_clage GRP_LOG_REP_debtinc GRP_LOG_REP_ninq GRP_LOG_REP_value
135236     %mend ORDINPUTS;
135237     *------------------------------------------------------------*;
MPRINT(EM_DIAGRAM):   *------------------------------------------------------------*;
135238     * Neural Network Training;
MPRINT(EM_DIAGRAM):   * Neural Network Training;
135239     ;
MPRINT(EM_DIAGRAM):   ;
135240     *------------------------------------------------------------*;
MPRINT(EM_DIAGRAM):   *------------------------------------------------------------*;
135241     proc neural data=EM_Neural2 dmdbcat=WORK.Neural2_DMDB
135242     validdata = EMWS1.BINNING_VALIDATE
135243     random=12345
135244     ;
MPRINT(EM_DIAGRAM):   proc neural data=EM_Neural2 dmdbcat=WORK.Neural2_DMDB validdata = 
EMWS1.BINNING_VALIDATE random=12345 ;
135245     nloptions
135246     ;
MPRINT(EM_DIAGRAM):   nloptions ;
135247     performance alldetails noutilfile;
MPRINT(EM_DIAGRAM):   performance alldetails noutilfile;
135248     netopts
135249     decay=0;
MPRINT(EM_DIAGRAM):   netopts decay=0;
MPRINT(EM_DIAGRAM):   input
135250     input %ORDINPUTS / level=ordinal id=ord
MPRINT(ORDINPUTS):   GRP_LOG_REP_clage GRP_LOG_REP_debtinc GRP_LOG_REP_ninq GRP_LOG_REP_value
135251     ;
MPRINT(EM_DIAGRAM):   / level=ordinal id=ord ;
135252     target bad / level=NOMINAL id=bad
135253     bias
135254     ;
MPRINT(EM_DIAGRAM):   target bad / level=NOMINAL id=bad bias ;
135255     arch MLP
135256     Hidden=3
135257     ;
MPRINT(EM_DIAGRAM):   arch MLP Hidden=3 ;
135258     Prelim 5 preiter=10
135259     pretime=3600
135260     Outest=EMWS1.Neural2_PRELIM_OUTEST
135261     ;
MPRINT(EM_DIAGRAM):   Prelim 5 preiter=10 pretime=3600 Outest=EMWS1.Neural2_PRELIM_OUTEST ;
NOTE:  Synchronizing the objectives and the Solution.
NOTE: LEVMAR Optimization cannot be completed.
NOTE: LEVMAR needs more than 10 iterations or 2147483647 function calls.
NOTE: Some of the active constraints have significant Lagrange Multipliers.
NOTE: LEVMAR Optimization cannot be completed.
NOTE: LEVMAR needs more than 10 iterations or 2147483647 function calls.
NOTE: Some of the active constraints have significant Lagrange Multipliers.
NOTE: LEVMAR Optimization cannot be completed.
NOTE: LEVMAR needs more than 10 iterations or 2147483647 function calls.
NOTE: Some of the active constraints have significant Lagrange Multipliers.
NOTE: LEVMAR Optimization cannot be completed.
NOTE: LEVMAR needs more than 10 iterations or 2147483647 function calls.
NOTE: Some of the active constraints have significant Lagrange Multipliers.
NOTE: LEVMAR Optimization cannot be completed.
NOTE: LEVMAR needs more than 10 iterations or 2147483647 function calls.
NOTE: Some of the active constraints have significant Lagrange Multipliers.
NOTE: The data set EMWS1.NEURAL2_PRELIM_OUTEST has 11 observations and 67 variables.
135262     save network=EMWS1.Neural2_NETWORK.dm_neural;
MPRINT(EM_DIAGRAM):   save network=EMWS1.Neural2_NETWORK.dm_neural;
NOTE: Entry EMWS1.NEURAL2_NETWORK.DM_NEURAL has been opened.
NOTE: Entry EMWS1.NEURAL2_NETWORK.DM_NEURAL has been closed.
135263     train Maxiter=50
135264     maxtime=14400
135265     Outest=EMWS1.Neural2_outest estiter=1
135266     Outfit=EMWS1.Neural2_OUTFIT
135267     ;
MPRINT(EM_DIAGRAM):   train Maxiter=50 maxtime=14400 Outest=EMWS1.Neural2_outest estiter=1 
Outfit=EMWS1.Neural2_OUTFIT ;
WARNING: LEVMAR Optimization cannot be completed.
NOTE: LEVMAR needs more than 50 iterations or 2147483647 function calls.
NOTE: Some of the active constraints have significant Lagrange Multipliers.
NOTE: The data set EMWS1.NEURAL2_OUTEST has 105 observations and 67 variables.
NOTE: The data set EMWS1.NEURAL2_OUTFIT has 104 observations and 36 variables.
135268     run;
MPRINT(EM_DIAGRAM):   run;

NOTE: The data set WORK.EM_NEURAL2 has 2979 observations and 5 variables.
NOTE: The data set EMWS1.BINNING_VALIDATE has . observations and 39 variables.
NOTE: There were 2981 observations read from the data set EMWS1.PART_VALIDATE.
NOTE: There were 2981 observations read from the data set EMWS1.REPL_VALIDATE.
NOTE: View EMWS1.BINNING_VALIDATE.VIEW used (Total process time):
      real time           9.37 seconds
      cpu time            9.28 seconds
      
NOTE: There were 2981 observations read from the data set EMWS1.TRANS_VALIDATE.
NOTE: Closing the Neural Application.
NOTE: The PROCEDURE NEURAL printed pages 67-70.
NOTE: PROCEDURE NEURAL used (Total process time):
      real time           9.40 seconds
      cpu time            9.32 seconds
      

MPRINT(EM_DIAGRAM):   quit;
135269     quit;

135270     proc sort data=EMWS1.Neural2_OUTFIT(where=(_iter_ ne . and _NAME_="OVERALL"))
135270   ! out=fit_Neural2;
MPRINT(EM_DIAGRAM):    proc sort data=EMWS1.Neural2_OUTFIT(where=(_iter_ ne . and 
_NAME_="OVERALL")) out=fit_Neural2;
135271     by _VAVERR_;
MPRINT(EM_DIAGRAM):   by _VAVERR_;
135272     run;
MPRINT(EM_DIAGRAM):   run;

NOTE: There were 52 observations read from the data set EMWS1.NEURAL2_OUTFIT.
      WHERE (_iter_ not = .) and (_NAME_='OVERALL');
NOTE: The data set WORK.FIT_NEURAL2 has 52 observations and 36 variables.
NOTE: PROCEDURE SORT used (Total process time):
      real time           0.01 seconds
      cpu time            0.01 seconds
      

135273     %GLOBAL ITER;
135274     data _null_;
MPRINT(EM_DIAGRAM):   data _null_;
135275     set fit_Neural2(obs=1);
MPRINT(EM_DIAGRAM):   set fit_Neural2(obs=1);
135276     call symput('ITER',put(_ITER_, 6.));
MPRINT(EM_DIAGRAM):   call symput('ITER',put(_ITER_, 6.));
135277     run;
MPRINT(EM_DIAGRAM):   run;

NOTE: There were 1 observations read from the data set WORK.FIT_NEURAL2.
NOTE: DATA statement used (Total process time):
      real time           0.01 seconds
      cpu time            0.01 seconds
      

135278     data EMWS1.Neural2_INITIAL;
MPRINT(EM_DIAGRAM):   data EMWS1.Neural2_INITIAL;
135279     set EMWS1.Neural2_outest(where=(_ITER_ eq &ITER and _OBJ_ ne .));
MPRINT(EM_DIAGRAM):   set EMWS1.Neural2_outest(where=(_ITER_ eq 1 and _OBJ_ ne .));
135280     run;
MPRINT(EM_DIAGRAM):   run;

NOTE: There were 1 observations read from the data set EMWS1.NEURAL2_OUTEST.
      WHERE (_ITER_=1) and (_OBJ_ not = .);
NOTE: The data set EMWS1.NEURAL2_INITIAL has 1 observations and 67 variables.
NOTE: DATA statement used (Total process time):
      real time           0.04 seconds
      cpu time            0.03 seconds
      

135281     *------------------------------------------------------------*;
MPRINT(EM_DIAGRAM):    *------------------------------------------------------------*;
135282     * Neural Network Model Selection;
MPRINT(EM_DIAGRAM):   * Neural Network Model Selection;
135283     ;
MPRINT(EM_DIAGRAM):   ;
135284     *------------------------------------------------------------*;
MPRINT(EM_DIAGRAM):   *------------------------------------------------------------*;
135285     proc neural data=EM_Neural2 dmdbcat=WORK.Neural2_DMDB
135286     validdata = EMWS1.BINNING_VALIDATE
135287     network = EMWS1.Neural2_NETWORK.dm_neural
135288     random=12345
135289     ;
MPRINT(EM_DIAGRAM):   proc neural data=EM_Neural2 dmdbcat=WORK.Neural2_DMDB validdata = 
EMWS1.BINNING_VALIDATE network = EMWS1.Neural2_NETWORK.dm_neural random=12345 ;
NOTE: Entry EMWS1.NEURAL2_NETWORK.DM_NEURAL has been opened.
NOTE: Entry EMWS1.NEURAL2_NETWORK.DM_NEURAL has been closed.
135290     nloptions noprint;
MPRINT(EM_DIAGRAM):   nloptions noprint;
135291     performance alldetails noutilfile;
MPRINT(EM_DIAGRAM):   performance alldetails noutilfile;
135292     initial inest=EMWS1.Neural2_INITIAL;
MPRINT(EM_DIAGRAM):   initial inest=EMWS1.Neural2_INITIAL;
NOTE: The data set EMWS1.NEURAL2_INITIAL has 1 observations and 67 variables.
135293     train tech=NONE;
MPRINT(EM_DIAGRAM):   train tech=NONE;
NOTE: No optimization performed.
135294     code
135294   ! file="C:\Users\bteric01\Documents\Tutorials_Projects\Project_3\Workspaces\EMWS1\Neur
135294   ! al2\SCORECODE.sas"
135295     group=Neural2
135296     ;
MPRINT(EM_DIAGRAM):   code 
file="C:\Users\bteric01\Documents\Tutorials_Projects\Project_3\Workspaces\EMWS1\Neural2\SCORECO
DE.sas" group=Neural2 ;
NOTE: External file 
      C:\Users\bteric01\Documents\Tutorials_Projects\Project_3\Workspaces\EMWS1\Neural2\SCORECO
      DE.sas opened.
135297     ;
MPRINT(EM_DIAGRAM):   ;
135298     code
135298   ! file="C:\Users\bteric01\Documents\Tutorials_Projects\Project_3\Workspaces\EMWS1\Neur
135298   ! al2\RESIDUALSCORECODE.sas"
135299     group=Neural2
135300     residual
135301     ;
MPRINT(EM_DIAGRAM):   code 
file="C:\Users\bteric01\Documents\Tutorials_Projects\Project_3\Workspaces\EMWS1\Neural2\RESIDUA
LSCORECODE.sas" group=Neural2 residual ;
NOTE: External file 
      C:\Users\bteric01\Documents\Tutorials_Projects\Project_3\Workspaces\EMWS1\Neural2\RESIDUA
      LSCORECODE.sas opened.
135302     ;
MPRINT(EM_DIAGRAM):   ;
135303     score data=EMWS1.BINNING_TRAIN out=_NULL_
NOTE: View EMWS1.BINNING_TRAIN.VIEW used (Total process time):
      real time           0.25 seconds
      cpu time            0.23 seconds
      
135304     outfit=WORK.FIT1
135305     role=TRAIN
135306     outkey=EMWS1.Neural2_OUTKEY;
MPRINT(EM_DIAGRAM):   score data=EMWS1.BINNING_TRAIN out=_NULL_ outfit=WORK.FIT1 role=TRAIN 
outkey=EMWS1.Neural2_OUTKEY;
NOTE: The data set EMWS1.NEURAL2_OUTKEY has 30 observations and 8 variables.
NOTE: The data set EMWS1.BINNING_TRAIN has . observations and 39 variables.
NOTE: There were 2979 observations read from the data set EMWS1.PART_TRAIN.
NOTE: There were 2979 observations read from the data set EMWS1.REPL_TRAIN.
NOTE: There were 2979 observations read from the data set EMWS1.TRANS_TRAIN.
NOTE: The data set WORK.FIT1 has 2 observations and 23 variables.
135307     score data=EMWS1.BINNING_VALIDATE out=_NULL_
NOTE: View EMWS1.BINNING_VALIDATE.VIEW used (Total process time):
      real time           0.23 seconds
      cpu time            0.23 seconds
      
135308     outfit=WORK.FIT2
135309     role=VALID
135310     outkey=EMWS1.Neural2_OUTKEY;
MPRINT(EM_DIAGRAM):   score data=EMWS1.BINNING_VALIDATE out=_NULL_ outfit=WORK.FIT2 role=VALID 
outkey=EMWS1.Neural2_OUTKEY;
NOTE: The data set EMWS1.NEURAL2_OUTKEY has 30 observations and 8 variables.
NOTE: The data set EMWS1.BINNING_VALIDATE has . observations and 39 variables.
NOTE: There were 2981 observations read from the data set EMWS1.PART_VALIDATE.
NOTE: There were 2981 observations read from the data set EMWS1.REPL_VALIDATE.
NOTE: There were 2981 observations read from the data set EMWS1.TRANS_VALIDATE.
NOTE: The data set WORK.FIT2 has 2 observations and 15 variables.
135311     run;
MPRINT(EM_DIAGRAM):   run;

NOTE: The data set WORK.EM_NEURAL2 has 2979 observations and 5 variables.
NOTE: The data set EMWS1.BINNING_VALIDATE has . observations and 39 variables.
NOTE: There were 2981 observations read from the data set EMWS1.PART_VALIDATE.
NOTE: There were 2981 observations read from the data set EMWS1.REPL_VALIDATE.
NOTE: View EMWS1.BINNING_VALIDATE.VIEW used (Total process time):
      real time           1.03 seconds
      cpu time            0.96 seconds
      
NOTE: There were 2981 observations read from the data set EMWS1.TRANS_VALIDATE.
NOTE: Closing the Neural Application.
NOTE: PROCEDURE NEURAL used (Total process time):
      real time           1.06 seconds
      cpu time            1.00 seconds
      

MPRINT(EM_DIAGRAM):   quit;
135312     quit;
135313     data EMWS1.Neural2_OUTFIT;
MPRINT(EM_DIAGRAM):   data EMWS1.Neural2_OUTFIT;
135314     merge WORK.FIT1 WORK.FIT2;
MPRINT(EM_DIAGRAM):   merge WORK.FIT1 WORK.FIT2;
135315     run;
MPRINT(EM_DIAGRAM):   run;

NOTE: There were 2 observations read from the data set WORK.FIT1.
NOTE: There were 2 observations read from the data set WORK.FIT2.
NOTE: The data set EMWS1.NEURAL2_OUTFIT has 2 observations and 36 variables.
NOTE: DATA statement used (Total process time):
      real time           0.01 seconds
      cpu time            0.00 seconds
      

135316     data EMWS1.Neural2_EMESTIMATE;
MPRINT(EM_DIAGRAM):   data EMWS1.Neural2_EMESTIMATE;
135317     set EMWS1.Neural2_outest;
MPRINT(EM_DIAGRAM):   set EMWS1.Neural2_outest;
135318     if _type_ ^in('HESSIAN' 'GRAD');
MPRINT(EM_DIAGRAM):   if _type_ ^in('HESSIAN' 'GRAD');
135319     run;
MPRINT(EM_DIAGRAM):   run;

NOTE: There were 105 observations read from the data set EMWS1.NEURAL2_OUTEST.
NOTE: The data set EMWS1.NEURAL2_EMESTIMATE has 52 observations and 67 variables.
NOTE: DATA statement used (Total process time):
      real time           0.01 seconds
      cpu time            0.01 seconds
      

135320     proc datasets lib=work nolist;
MPRINT(EM_DIAGRAM):   proc datasets lib=work nolist;
135321     delete EM_Neural2;
MPRINT(EM_DIAGRAM):   delete EM_Neural2;
135322     run;
MPRINT(EM_DIAGRAM):   run;

NOTE: Deleting WORK.EM_NEURAL2 (memtype=DATA).
135323     quit;
MPRINT(EM_DIAGRAM):   quit;

NOTE: PROCEDURE DATASETS used (Total process time):
      real time           0.07 seconds
      cpu time            0.07 seconds
      

135324     data EMWS1.Neural2_PLOTDS(where=(_iter_ ne . and _NAME_="OVERALL"));
MPRINT(EM_DIAGRAM):    data EMWS1.Neural2_PLOTDS(where=(_iter_ ne . and _NAME_="OVERALL"));
135325     set fit_Neural2;
MPRINT(EM_DIAGRAM):   set fit_Neural2;
135326     attrib _ITER_ label="%sysfunc(sasmsg(sashelp.dmine, rpt_trainiterations_vlabel  ,
135326   ! NOQUOTE))";
MPRINT(EM_DIAGRAM):   attrib _ITER_ label="Training Iterations";
135327     attrib _NAME_ label="%sysfunc(sasmsg(sashelp.dmine, rpt_varsel_label_name  ,
135327   ! NOQUOTE))";
MPRINT(EM_DIAGRAM):   attrib _NAME_ label="Name";
135328     run;
MPRINT(EM_DIAGRAM):   run;

NOTE: There were 52 observations read from the data set WORK.FIT_NEURAL2.
NOTE: The data set EMWS1.NEURAL2_PLOTDS has 52 observations and 36 variables.
NOTE: DATA statement used (Total process time):
      real time           0.04 seconds
      cpu time            0.03 seconds
      

135329     proc sort data=EMWS1.Neural2_PLOTDS;
MPRINT(EM_DIAGRAM):   proc sort data=EMWS1.Neural2_PLOTDS;
135330     by _ITER_;
MPRINT(EM_DIAGRAM):   by _ITER_;
135331     run;
MPRINT(EM_DIAGRAM):   run;

NOTE: There were 52 observations read from the data set EMWS1.NEURAL2_PLOTDS.
NOTE: The data set EMWS1.NEURAL2_PLOTDS has 52 observations and 36 variables.
NOTE: PROCEDURE SORT used (Total process time):
      real time           0.01 seconds
      cpu time            0.01 seconds
      

135332     data tempweight (drop= _tech_ _decay_ _seed_ _nobj_ _obj_ _objerr_ _averr_ _p_num_
135332   ! where=(_type_ eq "PARMS" and _iter_ eq 1) );
MPRINT(EM_DIAGRAM):    data tempweight (drop= _tech_ _decay_ _seed_ _nobj_ _obj_ _objerr_ 
_averr_ _p_num_ where=(_type_ eq "PARMS" and _iter_ eq 1) );
135333     set EMWS1.Neural2_EMESTIMATE;
MPRINT(EM_DIAGRAM):   set EMWS1.Neural2_EMESTIMATE;
135334     run;
MPRINT(EM_DIAGRAM):   run;

NOTE: There were 52 observations read from the data set EMWS1.NEURAL2_EMESTIMATE.
NOTE: The data set WORK.TEMPWEIGHT has 1 observations and 59 variables.
NOTE: DATA statement used (Total process time):
      real time           0.01 seconds
      cpu time            0.01 seconds
      

135335     proc sort;
MPRINT(EM_DIAGRAM):   proc sort;
135336     by _name_;
MPRINT(EM_DIAGRAM):   by _name_;
135337     run;
MPRINT(EM_DIAGRAM):   run;

NOTE: There were 1 observations read from the data set WORK.TEMPWEIGHT.
NOTE: The data set WORK.TEMPWEIGHT has 1 observations and 59 variables.
NOTE: PROCEDURE SORT used (Total process time):
      real time           0.03 seconds
      cpu time            0.03 seconds
      

135338     proc transpose data=tempweight out=EMWS1.Neural2_WEIGHTDS;
MPRINT(EM_DIAGRAM):   proc transpose data=tempweight out=EMWS1.Neural2_WEIGHTDS;
135339     by _name_;
MPRINT(EM_DIAGRAM):   by _name_;
135340     run;
MPRINT(EM_DIAGRAM):   run;

NOTE: There were 1 observations read from the data set WORK.TEMPWEIGHT.
NOTE: The data set EMWS1.NEURAL2_WEIGHTDS has 57 observations and 3 variables.
NOTE: PROCEDURE TRANSPOSE used (Total process time):
      real time           0.04 seconds
      cpu time            0.04 seconds
      

135341     data EMWS1.Neural2_WEIGHTDS;
MPRINT(EM_DIAGRAM):   data EMWS1.Neural2_WEIGHTDS;
135342     set EMWS1.Neural2_WEIGHTDS;
MPRINT(EM_DIAGRAM):   set EMWS1.Neural2_WEIGHTDS;
135343     FROM = trim(left(scan(_LABEL_, 1, '->')));
MPRINT(EM_DIAGRAM):   FROM = trim(left(scan(_LABEL_, 1, '->')));
135344     TO = trim(left(scan(_LABEL_, 2, '>')));
MPRINT(EM_DIAGRAM):   TO = trim(left(scan(_LABEL_, 2, '>')));
135345     WEIGHT = COL1;
MPRINT(EM_DIAGRAM):   WEIGHT = COL1;
135346     if (TO eq '') or (FROM eq '') then delete;
MPRINT(EM_DIAGRAM):   if (TO eq '') or (FROM eq '') then delete;
135347     label _LABEL_ ="%sysfunc(sasmsg(sashelp.dmine, meta_label_vlabel  , NOQUOTE))" FROM
135347   ! = "%sysfunc(sasmsg(sashelp.dmine, rpt_from_vlabel  , NOQUOTE))" TO =
135347   ! "%sysfunc(sasmsg(sashelp.dmine, rpt_into_vlabel  , NOQUOTE))" WEIGHT =
135348        "%sysfunc(sasmsg(sashelp.dmine, rpt_weight_vlabel  , NOQUOTE))";
MPRINT(EM_DIAGRAM):   label _LABEL_ = "Label" FROM = "From" TO = "Into" WEIGHT = "Weight";
135349     keep FROM TO WEIGHT _LABEL_;
MPRINT(EM_DIAGRAM):   keep FROM TO WEIGHT _LABEL_;
135350     run;
MPRINT(EM_DIAGRAM):   run;

NOTE: There were 57 observations read from the data set EMWS1.NEURAL2_WEIGHTDS.
NOTE: The data set EMWS1.NEURAL2_WEIGHTDS has 52 observations and 4 variables.
NOTE: DATA statement used (Total process time):
      real time           0.04 seconds
      cpu time            0.04 seconds
      

135351     proc sort data=EMWS1.Neural2_WEIGHTDS nodupkey;
MPRINT(EM_DIAGRAM):   proc sort data=EMWS1.Neural2_WEIGHTDS nodupkey;
135352     by _LABEL_;
MPRINT(EM_DIAGRAM):   by _LABEL_;
135353     run;
MPRINT(EM_DIAGRAM):   run;

NOTE: There were 52 observations read from the data set EMWS1.NEURAL2_WEIGHTDS.
NOTE: 0 observations with duplicate key values were deleted.
NOTE: The data set EMWS1.NEURAL2_WEIGHTDS has 52 observations and 4 variables.
NOTE: PROCEDURE SORT used (Total process time):
      real time           0.01 seconds
      cpu time            0.01 seconds
      

MPRINT(EM_DIAGRAM):    proc printto;
MPRINT(EM_DIAGRAM):   run;
